Nov 20, 2012 7:38:06 PM org.eclipse.birt.report.data.oda.jdbc.ui.editors.MetaDataRetriever <init>
WARNING: SQL statement does not return a ResultSet object.
SQL error #1:No value specified for parameter 1

org.eclipse.birt.report.data.oda.jdbc.JDBCException: SQL statement does not return a ResultSet object.
SQL error #1:No value specified for parameter 1
 ;
    java.sql.SQLException: No value specified for parameter 1
	at org.eclipse.birt.report.data.oda.jdbc.Statement.executeQuery(Statement.java:464)
	at org.eclipse.birt.report.data.oda.jdbc.Statement.getMetaUsingPolicy1(Statement.java:403)
	at org.eclipse.birt.report.data.oda.jdbc.Statement.getMetaData(Statement.java:303)
	at org.eclipse.birt.report.data.oda.jdbc.bidi.BidiStatement.getMetaData(BidiStatement.java:56)
	at org.eclipse.birt.report.data.oda.jdbc.ui.editors.MetaDataRetriever.<init>(MetaDataRetriever.java:78)
	at org.eclipse.birt.report.data.oda.jdbc.ui.editors.SQLDataSetEditorPage.collectDataSetDesign(SQLDataSetEditorPage.java:681)
	at org.eclipse.datatools.connectivity.oda.design.internal.ui.DataSetWizardPageCore.finishDataSetDesign(DataSetWizardPageCore.java:395)
	at org.eclipse.datatools.connectivity.oda.design.internal.ui.DataSetWizardBase.collectDataSetDesignFromPage(DataSetWizardBase.java:365)
	at org.eclipse.datatools.connectivity.oda.design.internal.ui.DataSetWizardBase.finishDataSetDesign(DataSetWizardBase.java:387)
	at org.eclipse.datatools.connectivity.oda.design.internal.ui.DataSetWizardBase.getResponseSession(DataSetWizardBase.java:123)
	at org.eclipse.datatools.connectivity.oda.design.internal.designsession.DataSetDesignSessionBase.finishDataSetDesign(DataSetDesignSessionBase.java:442)
	at org.eclipse.datatools.connectivity.oda.design.internal.designsession.DataSetDesignSessionBase.flush(DataSetDesignSessionBase.java:237)
	at org.eclipse.datatools.connectivity.oda.design.ui.designsession.DataSetDesignSession.flush(DataSetDesignSession.java:136)
	at org.eclipse.birt.report.designer.data.ui.dataset.PropertyPageWrapper.canLeave(PropertyPageWrapper.java:118)
	at org.eclipse.birt.report.designer.data.ui.property.AbstractPropertyDialog.showPage(AbstractPropertyDialog.java:568)
	at org.eclipse.birt.report.designer.data.ui.property.AbstractPropertyDialog.showSelectionPage(AbstractPropertyDialog.java:482)
	at org.eclipse.birt.report.designer.data.ui.dataset.DataSetEditor.showSelectionPage(DataSetEditor.java:911)
	at org.eclipse.birt.report.designer.data.ui.property.AbstractPropertyDialog$2$1.run(AbstractPropertyDialog.java:438)
	at org.eclipse.swt.custom.BusyIndicator.showWhile(BusyIndicator.java:70)
	at org.eclipse.birt.report.designer.data.ui.property.AbstractPropertyDialog$2.selectionChanged(AbstractPropertyDialog.java:433)
	at org.eclipse.jface.viewers.Viewer$2.run(Viewer.java:164)
	at org.eclipse.core.runtime.SafeRunner.run(SafeRunner.java:42)
	at org.eclipse.ui.internal.JFaceUtil$1.run(JFaceUtil.java:49)
	at org.eclipse.jface.util.SafeRunnable.run(SafeRunnable.java:175)
	at org.eclipse.jface.viewers.Viewer.fireSelectionChanged(Viewer.java:162)
	at org.eclipse.jface.viewers.StructuredViewer.updateSelection(StructuredViewer.java:2188)
	at org.eclipse.jface.viewers.StructuredViewer.handleSelect(StructuredViewer.java:1211)
	at org.eclipse.jface.viewers.StructuredViewer$4.widgetSelected(StructuredViewer.java:1241)
	at org.eclipse.jface.util.OpenStrategy.fireSelectionEvent(OpenStrategy.java:239)
	at org.eclipse.jface.util.OpenStrategy.access$4(OpenStrategy.java:233)
	at org.eclipse.jface.util.OpenStrategy$1.handleEvent(OpenStrategy.java:403)
	at org.eclipse.swt.widgets.EventTable.sendEvent(EventTable.java:84)
	at org.eclipse.swt.widgets.Widget.sendEvent(Widget.java:1053)
	at org.eclipse.swt.widgets.Display.runDeferredEvents(Display.java:4165)
	at org.eclipse.swt.widgets.Display.readAndDispatch(Display.java:3754)
	at org.eclipse.jface.window.Window.runEventLoop(Window.java:825)
	at org.eclipse.jface.window.Window.open(Window.java:801)
	at org.eclipse.birt.report.designer.ui.dialogs.BaseDialog.open(BaseDialog.java:111)
	at org.eclipse.birt.report.designer.data.ui.providers.EditableDataSetNodeProvider.performEdit(EditableDataSetNodeProvider.java:102)
	at org.eclipse.birt.report.designer.internal.ui.views.DefaultNodeProvider.performRequest(DefaultNodeProvider.java:442)
	at org.eclipse.birt.report.designer.internal.ui.views.actions.EditAction.doAction(EditAction.java:90)
	at org.eclipse.birt.report.designer.internal.ui.views.actions.AbstractElementAction.run(AbstractElementAction.java:70)
	at org.eclipse.birt.report.designer.internal.ui.views.RenameListener.doubleClick(RenameListener.java:214)
	at org.eclipse.jface.viewers.StructuredViewer$1.run(StructuredViewer.java:845)
	at org.eclipse.core.runtime.SafeRunner.run(SafeRunner.java:42)
	at org.eclipse.ui.internal.JFaceUtil$1.run(JFaceUtil.java:49)
	at org.eclipse.jface.util.SafeRunnable.run(SafeRunnable.java:175)
	at org.eclipse.jface.viewers.StructuredViewer.fireDoubleClick(StructuredViewer.java:843)
	at org.eclipse.jface.viewers.AbstractTreeViewer.handleDoubleSelect(AbstractTreeViewer.java:1462)
	at org.eclipse.jface.viewers.StructuredViewer$4.widgetDefaultSelected(StructuredViewer.java:1246)
	at org.eclipse.jface.util.OpenStrategy.fireDefaultSelectionEvent(OpenStrategy.java:249)
	at org.eclipse.jface.util.OpenStrategy.access$0(OpenStrategy.java:246)
	at org.eclipse.jface.util.OpenStrategy$1.handleEvent(OpenStrategy.java:307)
	at org.eclipse.swt.widgets.EventTable.sendEvent(EventTable.java:84)
	at org.eclipse.swt.widgets.Widget.sendEvent(Widget.java:1053)
	at org.eclipse.swt.widgets.Display.runDeferredEvents(Display.java:4165)
	at org.eclipse.swt.widgets.Display.readAndDispatch(Display.java:3754)
	at org.eclipse.ui.internal.Workbench.runEventLoop(Workbench.java:2701)
	at org.eclipse.ui.internal.Workbench.runUI(Workbench.java:2665)
	at org.eclipse.ui.internal.Workbench.access$4(Workbench.java:2499)
	at org.eclipse.ui.internal.Workbench$7.run(Workbench.java:679)
	at org.eclipse.core.databinding.observable.Realm.runWithDefault(Realm.java:332)
	at org.eclipse.ui.internal.Workbench.createAndRunWorkbench(Workbench.java:668)
	at org.eclipse.ui.PlatformUI.createAndRunWorkbench(PlatformUI.java:149)
	at org.eclipse.ui.internal.ide.application.IDEApplication.start(IDEApplication.java:123)
	at org.eclipse.equinox.internal.app.EclipseAppHandle.run(EclipseAppHandle.java:196)
	at org.eclipse.core.runtime.internal.adaptor.EclipseAppLauncher.runApplication(EclipseAppLauncher.java:110)
	at org.eclipse.core.runtime.internal.adaptor.EclipseAppLauncher.start(EclipseAppLauncher.java:79)
	at org.eclipse.core.runtime.adaptor.EclipseStarter.run(EclipseStarter.java:344)
	at org.eclipse.core.runtime.adaptor.EclipseStarter.run(EclipseStarter.java:179)
	at sun.reflect.NativeMethodAccessorImpl.invoke0(Native Method)
	at sun.reflect.NativeMethodAccessorImpl.invoke(Unknown Source)
	at sun.reflect.DelegatingMethodAccessorImpl.invoke(Unknown Source)
	at java.lang.reflect.Method.invoke(Unknown Source)
	at org.eclipse.equinox.launcher.Main.invokeFramework(Main.java:622)
	at org.eclipse.equinox.launcher.Main.basicRun(Main.java:577)
	at org.eclipse.equinox.launcher.Main.run(Main.java:1410)
Caused by: java.sql.SQLException: No value specified for parameter 1
	at com.mysql.jdbc.SQLError.createSQLException(SQLError.java:1073)
	at com.mysql.jdbc.SQLError.createSQLException(SQLError.java:987)
	at com.mysql.jdbc.SQLError.createSQLException(SQLError.java:982)
	at com.mysql.jdbc.SQLError.createSQLException(SQLError.java:927)
	at com.mysql.jdbc.PreparedStatement.checkAllParametersSet(PreparedStatement.java:2585)
	at com.mysql.jdbc.PreparedStatement.fillSendPacket(PreparedStatement.java:2561)
	at com.mysql.jdbc.PreparedStatement.fillSendPacket(PreparedStatement.java:2487)
	at com.mysql.jdbc.PreparedStatement.executeQuery(PreparedStatement.java:2241)
	at org.eclipse.birt.report.data.oda.jdbc.Statement.executeQuery(Statement.java:460)
	... 76 more

