Nov 14, 2012 11:15:32 AM org.eclipse.birt.report.data.oda.jdbc.JDBCDriverManager loadExtraDriver
SEVERE: DriverClassLoader failed to load class: com.mysql.jdbc.Driver
java.lang.ClassNotFoundException: com.mysql.jdbc.Driver
	at org.eclipse.birt.core.framework.URLClassLoader.findClass1(URLClassLoader.java:188)
	at org.eclipse.birt.core.framework.URLClassLoader$1.run(URLClassLoader.java:156)
	at org.eclipse.birt.core.framework.URLClassLoader$1.run(URLClassLoader.java:1)
	at java.security.AccessController.doPrivileged(Native Method)
	at org.eclipse.birt.core.framework.URLClassLoader.findClass(URLClassLoader.java:151)
	at java.lang.ClassLoader.loadClass(Unknown Source)
	at java.lang.ClassLoader.loadClass(Unknown Source)
	at java.lang.Class.forName0(Native Method)
	at java.lang.Class.forName(Unknown Source)
	at org.eclipse.birt.report.data.oda.jdbc.JDBCDriverManager.loadExtraDriver(JDBCDriverManager.java:1019)
	at org.eclipse.birt.report.data.oda.jdbc.JDBCDriverManager.findDriver(JDBCDriverManager.java:814)
	at org.eclipse.birt.report.data.oda.jdbc.JDBCDriverManager.loadAndRegisterDriver(JDBCDriverManager.java:941)
	at org.eclipse.birt.report.data.oda.jdbc.JDBCDriverManager.loadAndRegisterDriver(JDBCDriverManager.java:913)
	at org.eclipse.birt.report.data.oda.jdbc.JDBCDriverManager.doConnect(JDBCDriverManager.java:266)
	at org.eclipse.birt.report.data.oda.jdbc.JDBCDriverManager.getConnection(JDBCDriverManager.java:232)
	at org.eclipse.birt.report.data.oda.jdbc.Connection.connectByUrl(Connection.java:243)
	at org.eclipse.birt.report.data.oda.jdbc.Connection.open(Connection.java:162)
	at org.eclipse.datatools.connectivity.oda.consumer.helper.OdaConnection.open(OdaConnection.java:250)
	at org.eclipse.birt.data.engine.odaconsumer.ConnectionManager.openConnection(ConnectionManager.java:165)
	at org.eclipse.birt.data.engine.executor.DataSource.newConnection(DataSource.java:224)
	at org.eclipse.birt.data.engine.executor.DataSource.open(DataSource.java:212)
	at org.eclipse.birt.data.engine.impl.DataSourceRuntime.openOdiDataSource(DataSourceRuntime.java:217)
	at org.eclipse.birt.data.engine.impl.QueryExecutor.openDataSource(QueryExecutor.java:407)
	at org.eclipse.birt.data.engine.impl.QueryExecutor.prepareExecution(QueryExecutor.java:317)
	at org.eclipse.birt.data.engine.impl.PreparedQuery.doPrepare(PreparedQuery.java:455)
	at org.eclipse.birt.data.engine.impl.PreparedDataSourceQuery.produceQueryResults(PreparedDataSourceQuery.java:190)
	at org.eclipse.birt.data.engine.impl.PreparedDataSourceQuery.execute(PreparedDataSourceQuery.java:178)
	at org.eclipse.birt.data.engine.impl.PreparedOdaDSQuery.execute(PreparedOdaDSQuery.java:145)
	at org.eclipse.birt.report.data.adapter.impl.DataRequestSessionImpl.execute(DataRequestSessionImpl.java:624)
	at org.eclipse.birt.report.engine.data.dte.DteDataEngine.doExecuteQuery(DteDataEngine.java:152)
	at org.eclipse.birt.report.engine.data.dte.AbstractDataEngine.execute(AbstractDataEngine.java:267)
	at org.eclipse.birt.report.engine.executor.ExecutionContext.executeQuery(ExecutionContext.java:1939)
	at org.eclipse.birt.report.engine.executor.QueryItemExecutor.executeQuery(QueryItemExecutor.java:80)
	at org.eclipse.birt.report.engine.executor.TableItemExecutor.execute(TableItemExecutor.java:62)
	at org.eclipse.birt.report.engine.internal.executor.dup.SuppressDuplicateItemExecutor.execute(SuppressDuplicateItemExecutor.java:43)
	at org.eclipse.birt.report.engine.internal.executor.wrap.WrappedReportItemExecutor.execute(WrappedReportItemExecutor.java:46)
	at org.eclipse.birt.report.engine.internal.executor.l18n.LocalizedReportItemExecutor.execute(LocalizedReportItemExecutor.java:34)
	at org.eclipse.birt.report.engine.layout.html.HTMLBlockStackingLM.layoutNodes(HTMLBlockStackingLM.java:65)
	at org.eclipse.birt.report.engine.layout.html.HTMLPageLM.layout(HTMLPageLM.java:92)
	at org.eclipse.birt.report.engine.layout.html.HTMLReportLayoutEngine.layout(HTMLReportLayoutEngine.java:100)
	at org.eclipse.birt.report.engine.api.impl.RunAndRenderTask.doRun(RunAndRenderTask.java:180)
	at org.eclipse.birt.report.engine.api.impl.RunAndRenderTask.run(RunAndRenderTask.java:77)
	at org.eclipse.birt.report.service.ReportEngineService.runAndRenderReport(ReportEngineService.java:929)
	at org.eclipse.birt.report.service.BirtViewerReportService.runAndRenderReport(BirtViewerReportService.java:973)
	at org.eclipse.birt.report.service.actionhandler.BirtGetPageAllActionHandler.__execute(BirtGetPageAllActionHandler.java:131)
	at org.eclipse.birt.report.service.actionhandler.AbstractBaseActionHandler.execute(AbstractBaseActionHandler.java:90)
	at org.eclipse.birt.report.soapengine.processor.AbstractBaseDocumentProcessor.__executeAction(AbstractBaseDocumentProcessor.java:47)
	at org.eclipse.birt.report.soapengine.processor.AbstractBaseComponentProcessor.executeAction(AbstractBaseComponentProcessor.java:143)
	at org.eclipse.birt.report.soapengine.processor.BirtDocumentProcessor.handleGetPageAll(BirtDocumentProcessor.java:183)
	at sun.reflect.NativeMethodAccessorImpl.invoke0(Native Method)
	at sun.reflect.NativeMethodAccessorImpl.invoke(Unknown Source)
	at sun.reflect.DelegatingMethodAccessorImpl.invoke(Unknown Source)
	at java.lang.reflect.Method.invoke(Unknown Source)
	at org.eclipse.birt.report.soapengine.processor.AbstractBaseComponentProcessor.process(AbstractBaseComponentProcessor.java:112)
	at org.eclipse.birt.report.soapengine.endpoint.BirtSoapBindingImpl.getUpdatedObjects(BirtSoapBindingImpl.java:66)
	at sun.reflect.NativeMethodAccessorImpl.invoke0(Native Method)
	at sun.reflect.NativeMethodAccessorImpl.invoke(Unknown Source)
	at sun.reflect.DelegatingMethodAccessorImpl.invoke(Unknown Source)
	at java.lang.reflect.Method.invoke(Unknown Source)
	at org.apache.axis.providers.java.RPCProvider.invokeMethod(RPCProvider.java:397)
	at org.apache.axis.providers.java.RPCProvider.processMessage(RPCProvider.java:186)
	at org.apache.axis.providers.java.JavaProvider.invoke(JavaProvider.java:323)
	at org.apache.axis.strategies.InvocationStrategy.visit(InvocationStrategy.java:32)
	at org.apache.axis.SimpleChain.doVisiting(SimpleChain.java:118)
	at org.apache.axis.SimpleChain.invoke(SimpleChain.java:83)
	at org.apache.axis.handlers.soap.SOAPService.invoke(SOAPService.java:454)
	at org.apache.axis.server.AxisServer.invoke(AxisServer.java:281)
	at org.apache.axis.transport.http.AxisServlet.doPost(AxisServlet.java:699)
	at org.eclipse.birt.report.servlet.BirtSoapMessageDispatcherServlet.doPost(BirtSoapMessageDispatcherServlet.java:265)
	at javax.servlet.http.HttpServlet.service(HttpServlet.java:727)
	at org.apache.axis.transport.http.AxisServletBase.service(AxisServletBase.java:327)
	at javax.servlet.http.HttpServlet.service(HttpServlet.java:820)
	at org.eclipse.birt.report.servlet.BirtSoapMessageDispatcherServlet.service(BirtSoapMessageDispatcherServlet.java:122)
	at org.eclipse.equinox.http.registry.internal.ServletManager$ServletWrapper.service(ServletManager.java:180)
	at org.eclipse.equinox.http.servlet.internal.ServletRegistration.service(ServletRegistration.java:61)
	at org.eclipse.equinox.http.servlet.internal.ProxyServlet.processAlias(ProxyServlet.java:126)
	at org.eclipse.equinox.http.servlet.internal.ProxyServlet.service(ProxyServlet.java:60)
	at javax.servlet.http.HttpServlet.service(HttpServlet.java:820)
	at org.eclipse.equinox.http.jetty.internal.HttpServerManager$InternalHttpServiceServlet.service(HttpServerManager.java:317)
	at org.mortbay.jetty.servlet.ServletHolder.handle(ServletHolder.java:511)
	at org.mortbay.jetty.servlet.ServletHandler.handle(ServletHandler.java:390)
	at org.mortbay.jetty.servlet.SessionHandler.handle(SessionHandler.java:182)
	at org.mortbay.jetty.handler.ContextHandler.handle(ContextHandler.java:765)
	at org.mortbay.jetty.handler.HandlerWrapper.handle(HandlerWrapper.java:152)
	at org.mortbay.jetty.Server.handle(Server.java:326)
	at org.mortbay.jetty.HttpConnection.handleRequest(HttpConnection.java:542)
	at org.mortbay.jetty.HttpConnection$RequestHandler.content(HttpConnection.java:939)
	at org.mortbay.jetty.HttpParser.parseNext(HttpParser.java:756)
	at org.mortbay.jetty.HttpParser.parseAvailable(HttpParser.java:212)
	at org.mortbay.jetty.HttpConnection.handle(HttpConnection.java:404)
	at org.mortbay.io.nio.SelectChannelEndPoint.run(SelectChannelEndPoint.java:409)
	at org.mortbay.thread.QueuedThreadPool$PoolThread.run(QueuedThreadPool.java:582)

Nov 14, 2012 11:15:32 AM org.eclipse.birt.report.data.oda.jdbc.JDBCDriverManager loadExtraDriver
SEVERE: refreshUrlsWhenFail: true
Nov 14, 2012 11:15:32 AM org.eclipse.birt.report.data.oda.jdbc.JDBCDriverManager loadExtraDriver
SEVERE: driverClassPath: null
Nov 14, 2012 11:15:32 AM org.eclipse.birt.report.data.oda.jdbc.JDBCDriverManager loadExtraDriver
SEVERE: Registered URLs: [file:/C:/Users/Yip/Documents/eclipse/plugins/org.eclipse.birt.report.data.oda.jdbc_3.7.2.v20120213/drivers/]
Nov 14, 2012 11:15:32 AM org.eclipse.birt.report.data.oda.jdbc.JDBCDriverManager findDriver
WARNING: Failed to load JDBC driver class: com.mysql.jdbc.Driver
Nov 14, 2012 11:15:32 AM org.eclipse.birt.report.data.oda.jdbc.JDBCDriverManager loadExtraDriver
SEVERE: DriverClassLoader failed to load class: com.mysql.jdbc.Driver
java.lang.ClassNotFoundException: com.mysql.jdbc.Driver
	at org.eclipse.birt.core.framework.URLClassLoader.findClass1(URLClassLoader.java:188)
	at org.eclipse.birt.core.framework.URLClassLoader$1.run(URLClassLoader.java:156)
	at org.eclipse.birt.core.framework.URLClassLoader$1.run(URLClassLoader.java:1)
	at java.security.AccessController.doPrivileged(Native Method)
	at org.eclipse.birt.core.framework.URLClassLoader.findClass(URLClassLoader.java:151)
	at java.lang.ClassLoader.loadClass(Unknown Source)
	at java.lang.ClassLoader.loadClass(Unknown Source)
	at java.lang.Class.forName0(Native Method)
	at java.lang.Class.forName(Unknown Source)
	at org.eclipse.birt.report.data.oda.jdbc.JDBCDriverManager.loadExtraDriver(JDBCDriverManager.java:1019)
	at org.eclipse.birt.report.data.oda.jdbc.JDBCDriverManager.findDriver(JDBCDriverManager.java:814)
	at org.eclipse.birt.report.data.oda.jdbc.JDBCDriverManager.loadAndRegisterDriver(JDBCDriverManager.java:941)
	at org.eclipse.birt.report.data.oda.jdbc.JDBCDriverManager.loadAndRegisterDriver(JDBCDriverManager.java:918)
	at org.eclipse.birt.report.data.oda.jdbc.JDBCDriverManager.doConnect(JDBCDriverManager.java:266)
	at org.eclipse.birt.report.data.oda.jdbc.JDBCDriverManager.getConnection(JDBCDriverManager.java:232)
	at org.eclipse.birt.report.data.oda.jdbc.Connection.connectByUrl(Connection.java:243)
	at org.eclipse.birt.report.data.oda.jdbc.Connection.open(Connection.java:162)
	at org.eclipse.datatools.connectivity.oda.consumer.helper.OdaConnection.open(OdaConnection.java:250)
	at org.eclipse.birt.data.engine.odaconsumer.ConnectionManager.openConnection(ConnectionManager.java:165)
	at org.eclipse.birt.data.engine.executor.DataSource.newConnection(DataSource.java:224)
	at org.eclipse.birt.data.engine.executor.DataSource.open(DataSource.java:212)
	at org.eclipse.birt.data.engine.impl.DataSourceRuntime.openOdiDataSource(DataSourceRuntime.java:217)
	at org.eclipse.birt.data.engine.impl.QueryExecutor.openDataSource(QueryExecutor.java:407)
	at org.eclipse.birt.data.engine.impl.QueryExecutor.prepareExecution(QueryExecutor.java:317)
	at org.eclipse.birt.data.engine.impl.PreparedQuery.doPrepare(PreparedQuery.java:455)
	at org.eclipse.birt.data.engine.impl.PreparedDataSourceQuery.produceQueryResults(PreparedDataSourceQuery.java:190)
	at org.eclipse.birt.data.engine.impl.PreparedDataSourceQuery.execute(PreparedDataSourceQuery.java:178)
	at org.eclipse.birt.data.engine.impl.PreparedOdaDSQuery.execute(PreparedOdaDSQuery.java:145)
	at org.eclipse.birt.report.data.adapter.impl.DataRequestSessionImpl.execute(DataRequestSessionImpl.java:624)
	at org.eclipse.birt.report.engine.data.dte.DteDataEngine.doExecuteQuery(DteDataEngine.java:152)
	at org.eclipse.birt.report.engine.data.dte.AbstractDataEngine.execute(AbstractDataEngine.java:267)
	at org.eclipse.birt.report.engine.executor.ExecutionContext.executeQuery(ExecutionContext.java:1939)
	at org.eclipse.birt.report.engine.executor.QueryItemExecutor.executeQuery(QueryItemExecutor.java:80)
	at org.eclipse.birt.report.engine.executor.TableItemExecutor.execute(TableItemExecutor.java:62)
	at org.eclipse.birt.report.engine.internal.executor.dup.SuppressDuplicateItemExecutor.execute(SuppressDuplicateItemExecutor.java:43)
	at org.eclipse.birt.report.engine.internal.executor.wrap.WrappedReportItemExecutor.execute(WrappedReportItemExecutor.java:46)
	at org.eclipse.birt.report.engine.internal.executor.l18n.LocalizedReportItemExecutor.execute(LocalizedReportItemExecutor.java:34)
	at org.eclipse.birt.report.engine.layout.html.HTMLBlockStackingLM.layoutNodes(HTMLBlockStackingLM.java:65)
	at org.eclipse.birt.report.engine.layout.html.HTMLPageLM.layout(HTMLPageLM.java:92)
	at org.eclipse.birt.report.engine.layout.html.HTMLReportLayoutEngine.layout(HTMLReportLayoutEngine.java:100)
	at org.eclipse.birt.report.engine.api.impl.RunAndRenderTask.doRun(RunAndRenderTask.java:180)
	at org.eclipse.birt.report.engine.api.impl.RunAndRenderTask.run(RunAndRenderTask.java:77)
	at org.eclipse.birt.report.service.ReportEngineService.runAndRenderReport(ReportEngineService.java:929)
	at org.eclipse.birt.report.service.BirtViewerReportService.runAndRenderReport(BirtViewerReportService.java:973)
	at org.eclipse.birt.report.service.actionhandler.BirtGetPageAllActionHandler.__execute(BirtGetPageAllActionHandler.java:131)
	at org.eclipse.birt.report.service.actionhandler.AbstractBaseActionHandler.execute(AbstractBaseActionHandler.java:90)
	at org.eclipse.birt.report.soapengine.processor.AbstractBaseDocumentProcessor.__executeAction(AbstractBaseDocumentProcessor.java:47)
	at org.eclipse.birt.report.soapengine.processor.AbstractBaseComponentProcessor.executeAction(AbstractBaseComponentProcessor.java:143)
	at org.eclipse.birt.report.soapengine.processor.BirtDocumentProcessor.handleGetPageAll(BirtDocumentProcessor.java:183)
	at sun.reflect.NativeMethodAccessorImpl.invoke0(Native Method)
	at sun.reflect.NativeMethodAccessorImpl.invoke(Unknown Source)
	at sun.reflect.DelegatingMethodAccessorImpl.invoke(Unknown Source)
	at java.lang.reflect.Method.invoke(Unknown Source)
	at org.eclipse.birt.report.soapengine.processor.AbstractBaseComponentProcessor.process(AbstractBaseComponentProcessor.java:112)
	at org.eclipse.birt.report.soapengine.endpoint.BirtSoapBindingImpl.getUpdatedObjects(BirtSoapBindingImpl.java:66)
	at sun.reflect.NativeMethodAccessorImpl.invoke0(Native Method)
	at sun.reflect.NativeMethodAccessorImpl.invoke(Unknown Source)
	at sun.reflect.DelegatingMethodAccessorImpl.invoke(Unknown Source)
	at java.lang.reflect.Method.invoke(Unknown Source)
	at org.apache.axis.providers.java.RPCProvider.invokeMethod(RPCProvider.java:397)
	at org.apache.axis.providers.java.RPCProvider.processMessage(RPCProvider.java:186)
	at org.apache.axis.providers.java.JavaProvider.invoke(JavaProvider.java:323)
	at org.apache.axis.strategies.InvocationStrategy.visit(InvocationStrategy.java:32)
	at org.apache.axis.SimpleChain.doVisiting(SimpleChain.java:118)
	at org.apache.axis.SimpleChain.invoke(SimpleChain.java:83)
	at org.apache.axis.handlers.soap.SOAPService.invoke(SOAPService.java:454)
	at org.apache.axis.server.AxisServer.invoke(AxisServer.java:281)
	at org.apache.axis.transport.http.AxisServlet.doPost(AxisServlet.java:699)
	at org.eclipse.birt.report.servlet.BirtSoapMessageDispatcherServlet.doPost(BirtSoapMessageDispatcherServlet.java:265)
	at javax.servlet.http.HttpServlet.service(HttpServlet.java:727)
	at org.apache.axis.transport.http.AxisServletBase.service(AxisServletBase.java:327)
	at javax.servlet.http.HttpServlet.service(HttpServlet.java:820)
	at org.eclipse.birt.report.servlet.BirtSoapMessageDispatcherServlet.service(BirtSoapMessageDispatcherServlet.java:122)
	at org.eclipse.equinox.http.registry.internal.ServletManager$ServletWrapper.service(ServletManager.java:180)
	at org.eclipse.equinox.http.servlet.internal.ServletRegistration.service(ServletRegistration.java:61)
	at org.eclipse.equinox.http.servlet.internal.ProxyServlet.processAlias(ProxyServlet.java:126)
	at org.eclipse.equinox.http.servlet.internal.ProxyServlet.service(ProxyServlet.java:60)
	at javax.servlet.http.HttpServlet.service(HttpServlet.java:820)
	at org.eclipse.equinox.http.jetty.internal.HttpServerManager$InternalHttpServiceServlet.service(HttpServerManager.java:317)
	at org.mortbay.jetty.servlet.ServletHolder.handle(ServletHolder.java:511)
	at org.mortbay.jetty.servlet.ServletHandler.handle(ServletHandler.java:390)
	at org.mortbay.jetty.servlet.SessionHandler.handle(SessionHandler.java:182)
	at org.mortbay.jetty.handler.ContextHandler.handle(ContextHandler.java:765)
	at org.mortbay.jetty.handler.HandlerWrapper.handle(HandlerWrapper.java:152)
	at org.mortbay.jetty.Server.handle(Server.java:326)
	at org.mortbay.jetty.HttpConnection.handleRequest(HttpConnection.java:542)
	at org.mortbay.jetty.HttpConnection$RequestHandler.content(HttpConnection.java:939)
	at org.mortbay.jetty.HttpParser.parseNext(HttpParser.java:756)
	at org.mortbay.jetty.HttpParser.parseAvailable(HttpParser.java:212)
	at org.mortbay.jetty.HttpConnection.handle(HttpConnection.java:404)
	at org.mortbay.io.nio.SelectChannelEndPoint.run(SelectChannelEndPoint.java:409)
	at org.mortbay.thread.QueuedThreadPool$PoolThread.run(QueuedThreadPool.java:582)

Nov 14, 2012 11:15:32 AM org.eclipse.birt.report.data.oda.jdbc.JDBCDriverManager loadExtraDriver
SEVERE: refreshUrlsWhenFail: true
Nov 14, 2012 11:15:32 AM org.eclipse.birt.report.data.oda.jdbc.JDBCDriverManager loadExtraDriver
SEVERE: driverClassPath: null
Nov 14, 2012 11:15:32 AM org.eclipse.birt.report.data.oda.jdbc.JDBCDriverManager loadExtraDriver
SEVERE: Registered URLs: [file:/C:/Users/Yip/Documents/eclipse/plugins/org.eclipse.birt.report.data.oda.jdbc_3.7.2.v20120213/drivers/]
Nov 14, 2012 11:15:32 AM org.eclipse.birt.report.data.oda.jdbc.JDBCDriverManager findDriver
WARNING: Failed to load JDBC driver class: com.mysql.jdbc.Driver
Nov 14, 2012 11:15:32 AM org.eclipse.birt.data.engine.odaconsumer.ConnectionManager openConnection
SEVERE: Unable to open connection.
org.eclipse.birt.report.data.oda.jdbc.JDBCException: Cannot load JDBC Driver class: com.mysql.jdbc.Driver.
	at org.eclipse.birt.report.data.oda.jdbc.JDBCDriverManager.findDriver(JDBCDriverManager.java:836)
	at org.eclipse.birt.report.data.oda.jdbc.JDBCDriverManager.loadAndRegisterDriver(JDBCDriverManager.java:941)
	at org.eclipse.birt.report.data.oda.jdbc.JDBCDriverManager.loadAndRegisterDriver(JDBCDriverManager.java:918)
	at org.eclipse.birt.report.data.oda.jdbc.JDBCDriverManager.doConnect(JDBCDriverManager.java:266)
	at org.eclipse.birt.report.data.oda.jdbc.JDBCDriverManager.getConnection(JDBCDriverManager.java:232)
	at org.eclipse.birt.report.data.oda.jdbc.Connection.connectByUrl(Connection.java:243)
	at org.eclipse.birt.report.data.oda.jdbc.Connection.open(Connection.java:162)
	at org.eclipse.datatools.connectivity.oda.consumer.helper.OdaConnection.open(OdaConnection.java:250)
	at org.eclipse.birt.data.engine.odaconsumer.ConnectionManager.openConnection(ConnectionManager.java:165)
	at org.eclipse.birt.data.engine.executor.DataSource.newConnection(DataSource.java:224)
	at org.eclipse.birt.data.engine.executor.DataSource.open(DataSource.java:212)
	at org.eclipse.birt.data.engine.impl.DataSourceRuntime.openOdiDataSource(DataSourceRuntime.java:217)
	at org.eclipse.birt.data.engine.impl.QueryExecutor.openDataSource(QueryExecutor.java:407)
	at org.eclipse.birt.data.engine.impl.QueryExecutor.prepareExecution(QueryExecutor.java:317)
	at org.eclipse.birt.data.engine.impl.PreparedQuery.doPrepare(PreparedQuery.java:455)
	at org.eclipse.birt.data.engine.impl.PreparedDataSourceQuery.produceQueryResults(PreparedDataSourceQuery.java:190)
	at org.eclipse.birt.data.engine.impl.PreparedDataSourceQuery.execute(PreparedDataSourceQuery.java:178)
	at org.eclipse.birt.data.engine.impl.PreparedOdaDSQuery.execute(PreparedOdaDSQuery.java:145)
	at org.eclipse.birt.report.data.adapter.impl.DataRequestSessionImpl.execute(DataRequestSessionImpl.java:624)
	at org.eclipse.birt.report.engine.data.dte.DteDataEngine.doExecuteQuery(DteDataEngine.java:152)
	at org.eclipse.birt.report.engine.data.dte.AbstractDataEngine.execute(AbstractDataEngine.java:267)
	at org.eclipse.birt.report.engine.executor.ExecutionContext.executeQuery(ExecutionContext.java:1939)
	at org.eclipse.birt.report.engine.executor.QueryItemExecutor.executeQuery(QueryItemExecutor.java:80)
	at org.eclipse.birt.report.engine.executor.TableItemExecutor.execute(TableItemExecutor.java:62)
	at org.eclipse.birt.report.engine.internal.executor.dup.SuppressDuplicateItemExecutor.execute(SuppressDuplicateItemExecutor.java:43)
	at org.eclipse.birt.report.engine.internal.executor.wrap.WrappedReportItemExecutor.execute(WrappedReportItemExecutor.java:46)
	at org.eclipse.birt.report.engine.internal.executor.l18n.LocalizedReportItemExecutor.execute(LocalizedReportItemExecutor.java:34)
	at org.eclipse.birt.report.engine.layout.html.HTMLBlockStackingLM.layoutNodes(HTMLBlockStackingLM.java:65)
	at org.eclipse.birt.report.engine.layout.html.HTMLPageLM.layout(HTMLPageLM.java:92)
	at org.eclipse.birt.report.engine.layout.html.HTMLReportLayoutEngine.layout(HTMLReportLayoutEngine.java:100)
	at org.eclipse.birt.report.engine.api.impl.RunAndRenderTask.doRun(RunAndRenderTask.java:180)
	at org.eclipse.birt.report.engine.api.impl.RunAndRenderTask.run(RunAndRenderTask.java:77)
	at org.eclipse.birt.report.service.ReportEngineService.runAndRenderReport(ReportEngineService.java:929)
	at org.eclipse.birt.report.service.BirtViewerReportService.runAndRenderReport(BirtViewerReportService.java:973)
	at org.eclipse.birt.report.service.actionhandler.BirtGetPageAllActionHandler.__execute(BirtGetPageAllActionHandler.java:131)
	at org.eclipse.birt.report.service.actionhandler.AbstractBaseActionHandler.execute(AbstractBaseActionHandler.java:90)
	at org.eclipse.birt.report.soapengine.processor.AbstractBaseDocumentProcessor.__executeAction(AbstractBaseDocumentProcessor.java:47)
	at org.eclipse.birt.report.soapengine.processor.AbstractBaseComponentProcessor.executeAction(AbstractBaseComponentProcessor.java:143)
	at org.eclipse.birt.report.soapengine.processor.BirtDocumentProcessor.handleGetPageAll(BirtDocumentProcessor.java:183)
	at sun.reflect.NativeMethodAccessorImpl.invoke0(Native Method)
	at sun.reflect.NativeMethodAccessorImpl.invoke(Unknown Source)
	at sun.reflect.DelegatingMethodAccessorImpl.invoke(Unknown Source)
	at java.lang.reflect.Method.invoke(Unknown Source)
	at org.eclipse.birt.report.soapengine.processor.AbstractBaseComponentProcessor.process(AbstractBaseComponentProcessor.java:112)
	at org.eclipse.birt.report.soapengine.endpoint.BirtSoapBindingImpl.getUpdatedObjects(BirtSoapBindingImpl.java:66)
	at sun.reflect.NativeMethodAccessorImpl.invoke0(Native Method)
	at sun.reflect.NativeMethodAccessorImpl.invoke(Unknown Source)
	at sun.reflect.DelegatingMethodAccessorImpl.invoke(Unknown Source)
	at java.lang.reflect.Method.invoke(Unknown Source)
	at org.apache.axis.providers.java.RPCProvider.invokeMethod(RPCProvider.java:397)
	at org.apache.axis.providers.java.RPCProvider.processMessage(RPCProvider.java:186)
	at org.apache.axis.providers.java.JavaProvider.invoke(JavaProvider.java:323)
	at org.apache.axis.strategies.InvocationStrategy.visit(InvocationStrategy.java:32)
	at org.apache.axis.SimpleChain.doVisiting(SimpleChain.java:118)
	at org.apache.axis.SimpleChain.invoke(SimpleChain.java:83)
	at org.apache.axis.handlers.soap.SOAPService.invoke(SOAPService.java:454)
	at org.apache.axis.server.AxisServer.invoke(AxisServer.java:281)
	at org.apache.axis.transport.http.AxisServlet.doPost(AxisServlet.java:699)
	at org.eclipse.birt.report.servlet.BirtSoapMessageDispatcherServlet.doPost(BirtSoapMessageDispatcherServlet.java:265)
	at javax.servlet.http.HttpServlet.service(HttpServlet.java:727)
	at org.apache.axis.transport.http.AxisServletBase.service(AxisServletBase.java:327)
	at javax.servlet.http.HttpServlet.service(HttpServlet.java:820)
	at org.eclipse.birt.report.servlet.BirtSoapMessageDispatcherServlet.service(BirtSoapMessageDispatcherServlet.java:122)
	at org.eclipse.equinox.http.registry.internal.ServletManager$ServletWrapper.service(ServletManager.java:180)
	at org.eclipse.equinox.http.servlet.internal.ServletRegistration.service(ServletRegistration.java:61)
	at org.eclipse.equinox.http.servlet.internal.ProxyServlet.processAlias(ProxyServlet.java:126)
	at org.eclipse.equinox.http.servlet.internal.ProxyServlet.service(ProxyServlet.java:60)
	at javax.servlet.http.HttpServlet.service(HttpServlet.java:820)
	at org.eclipse.equinox.http.jetty.internal.HttpServerManager$InternalHttpServiceServlet.service(HttpServerManager.java:317)
	at org.mortbay.jetty.servlet.ServletHolder.handle(ServletHolder.java:511)
	at org.mortbay.jetty.servlet.ServletHandler.handle(ServletHandler.java:390)
	at org.mortbay.jetty.servlet.SessionHandler.handle(SessionHandler.java:182)
	at org.mortbay.jetty.handler.ContextHandler.handle(ContextHandler.java:765)
	at org.mortbay.jetty.handler.HandlerWrapper.handle(HandlerWrapper.java:152)
	at org.mortbay.jetty.Server.handle(Server.java:326)
	at org.mortbay.jetty.HttpConnection.handleRequest(HttpConnection.java:542)
	at org.mortbay.jetty.HttpConnection$RequestHandler.content(HttpConnection.java:939)
	at org.mortbay.jetty.HttpParser.parseNext(HttpParser.java:756)
	at org.mortbay.jetty.HttpParser.parseAvailable(HttpParser.java:212)
	at org.mortbay.jetty.HttpConnection.handle(HttpConnection.java:404)
	at org.mortbay.io.nio.SelectChannelEndPoint.run(SelectChannelEndPoint.java:409)
	at org.mortbay.thread.QueuedThreadPool$PoolThread.run(QueuedThreadPool.java:582)

Nov 14, 2012 11:30:28 AM org.eclipse.birt.report.data.oda.jdbc.JDBCDriverManager loadExtraDriver
SEVERE: DriverClassLoader failed to load class: com.mysql.jdbc.Driver
java.lang.ClassNotFoundException: com.mysql.jdbc.Driver
	at org.eclipse.birt.core.framework.URLClassLoader.findClass1(URLClassLoader.java:188)
	at org.eclipse.birt.core.framework.URLClassLoader$1.run(URLClassLoader.java:156)
	at org.eclipse.birt.core.framework.URLClassLoader$1.run(URLClassLoader.java:1)
	at java.security.AccessController.doPrivileged(Native Method)
	at org.eclipse.birt.core.framework.URLClassLoader.findClass(URLClassLoader.java:151)
	at java.lang.ClassLoader.loadClass(Unknown Source)
	at java.lang.ClassLoader.loadClass(Unknown Source)
	at java.lang.Class.forName0(Native Method)
	at java.lang.Class.forName(Unknown Source)
	at org.eclipse.birt.report.data.oda.jdbc.JDBCDriverManager.loadExtraDriver(JDBCDriverManager.java:1019)
	at org.eclipse.birt.report.data.oda.jdbc.JDBCDriverManager.findDriver(JDBCDriverManager.java:814)
	at org.eclipse.birt.report.data.oda.jdbc.JDBCDriverManager.loadAndRegisterDriver(JDBCDriverManager.java:941)
	at org.eclipse.birt.report.data.oda.jdbc.JDBCDriverManager.loadAndRegisterDriver(JDBCDriverManager.java:913)
	at org.eclipse.birt.report.data.oda.jdbc.JDBCDriverManager.doConnect(JDBCDriverManager.java:266)
	at org.eclipse.birt.report.data.oda.jdbc.JDBCDriverManager.getConnection(JDBCDriverManager.java:232)
	at org.eclipse.birt.report.data.oda.jdbc.Connection.connectByUrl(Connection.java:243)
	at org.eclipse.birt.report.data.oda.jdbc.Connection.open(Connection.java:162)
	at org.eclipse.datatools.connectivity.oda.consumer.helper.OdaConnection.open(OdaConnection.java:250)
	at org.eclipse.birt.data.engine.odaconsumer.ConnectionManager.openConnection(ConnectionManager.java:165)
	at org.eclipse.birt.data.engine.executor.DataSource.newConnection(DataSource.java:224)
	at org.eclipse.birt.data.engine.executor.DataSource.open(DataSource.java:212)
	at org.eclipse.birt.data.engine.impl.DataSourceRuntime.openOdiDataSource(DataSourceRuntime.java:217)
	at org.eclipse.birt.data.engine.impl.QueryExecutor.openDataSource(QueryExecutor.java:407)
	at org.eclipse.birt.data.engine.impl.QueryExecutor.prepareExecution(QueryExecutor.java:317)
	at org.eclipse.birt.data.engine.impl.PreparedQuery.doPrepare(PreparedQuery.java:455)
	at org.eclipse.birt.data.engine.impl.PreparedDataSourceQuery.produceQueryResults(PreparedDataSourceQuery.java:190)
	at org.eclipse.birt.data.engine.impl.PreparedDataSourceQuery.execute(PreparedDataSourceQuery.java:178)
	at org.eclipse.birt.data.engine.impl.PreparedOdaDSQuery.execute(PreparedOdaDSQuery.java:145)
	at org.eclipse.birt.report.data.adapter.impl.DataRequestSessionImpl.execute(DataRequestSessionImpl.java:624)
	at org.eclipse.birt.report.engine.data.dte.DteDataEngine.doExecuteQuery(DteDataEngine.java:152)
	at org.eclipse.birt.report.engine.data.dte.AbstractDataEngine.execute(AbstractDataEngine.java:267)
	at org.eclipse.birt.report.engine.executor.ExecutionContext.executeQuery(ExecutionContext.java:1939)
	at org.eclipse.birt.report.engine.executor.QueryItemExecutor.executeQuery(QueryItemExecutor.java:80)
	at org.eclipse.birt.report.engine.executor.TableItemExecutor.execute(TableItemExecutor.java:62)
	at org.eclipse.birt.report.engine.internal.executor.dup.SuppressDuplicateItemExecutor.execute(SuppressDuplicateItemExecutor.java:43)
	at org.eclipse.birt.report.engine.internal.executor.wrap.WrappedReportItemExecutor.execute(WrappedReportItemExecutor.java:46)
	at org.eclipse.birt.report.engine.internal.executor.l18n.LocalizedReportItemExecutor.execute(LocalizedReportItemExecutor.java:34)
	at org.eclipse.birt.report.engine.layout.html.HTMLBlockStackingLM.layoutNodes(HTMLBlockStackingLM.java:65)
	at org.eclipse.birt.report.engine.layout.html.HTMLPageLM.layout(HTMLPageLM.java:92)
	at org.eclipse.birt.report.engine.layout.html.HTMLReportLayoutEngine.layout(HTMLReportLayoutEngine.java:100)
	at org.eclipse.birt.report.engine.api.impl.RunAndRenderTask.doRun(RunAndRenderTask.java:180)
	at org.eclipse.birt.report.engine.api.impl.RunAndRenderTask.run(RunAndRenderTask.java:77)
	at org.eclipse.birt.report.service.ReportEngineService.runAndRenderReport(ReportEngineService.java:929)
	at org.eclipse.birt.report.service.BirtViewerReportService.runAndRenderReport(BirtViewerReportService.java:973)
	at org.eclipse.birt.report.service.actionhandler.BirtGetPageAllActionHandler.__execute(BirtGetPageAllActionHandler.java:131)
	at org.eclipse.birt.report.service.actionhandler.AbstractBaseActionHandler.execute(AbstractBaseActionHandler.java:90)
	at org.eclipse.birt.report.soapengine.processor.AbstractBaseDocumentProcessor.__executeAction(AbstractBaseDocumentProcessor.java:47)
	at org.eclipse.birt.report.soapengine.processor.AbstractBaseComponentProcessor.executeAction(AbstractBaseComponentProcessor.java:143)
	at org.eclipse.birt.report.soapengine.processor.BirtDocumentProcessor.handleGetPageAll(BirtDocumentProcessor.java:183)
	at sun.reflect.NativeMethodAccessorImpl.invoke0(Native Method)
	at sun.reflect.NativeMethodAccessorImpl.invoke(Unknown Source)
	at sun.reflect.DelegatingMethodAccessorImpl.invoke(Unknown Source)
	at java.lang.reflect.Method.invoke(Unknown Source)
	at org.eclipse.birt.report.soapengine.processor.AbstractBaseComponentProcessor.process(AbstractBaseComponentProcessor.java:112)
	at org.eclipse.birt.report.soapengine.endpoint.BirtSoapBindingImpl.getUpdatedObjects(BirtSoapBindingImpl.java:66)
	at sun.reflect.NativeMethodAccessorImpl.invoke0(Native Method)
	at sun.reflect.NativeMethodAccessorImpl.invoke(Unknown Source)
	at sun.reflect.DelegatingMethodAccessorImpl.invoke(Unknown Source)
	at java.lang.reflect.Method.invoke(Unknown Source)
	at org.apache.axis.providers.java.RPCProvider.invokeMethod(RPCProvider.java:397)
	at org.apache.axis.providers.java.RPCProvider.processMessage(RPCProvider.java:186)
	at org.apache.axis.providers.java.JavaProvider.invoke(JavaProvider.java:323)
	at org.apache.axis.strategies.InvocationStrategy.visit(InvocationStrategy.java:32)
	at org.apache.axis.SimpleChain.doVisiting(SimpleChain.java:118)
	at org.apache.axis.SimpleChain.invoke(SimpleChain.java:83)
	at org.apache.axis.handlers.soap.SOAPService.invoke(SOAPService.java:454)
	at org.apache.axis.server.AxisServer.invoke(AxisServer.java:281)
	at org.apache.axis.transport.http.AxisServlet.doPost(AxisServlet.java:699)
	at org.eclipse.birt.report.servlet.BirtSoapMessageDispatcherServlet.doPost(BirtSoapMessageDispatcherServlet.java:265)
	at javax.servlet.http.HttpServlet.service(HttpServlet.java:727)
	at org.apache.axis.transport.http.AxisServletBase.service(AxisServletBase.java:327)
	at javax.servlet.http.HttpServlet.service(HttpServlet.java:820)
	at org.eclipse.birt.report.servlet.BirtSoapMessageDispatcherServlet.service(BirtSoapMessageDispatcherServlet.java:122)
	at org.eclipse.equinox.http.registry.internal.ServletManager$ServletWrapper.service(ServletManager.java:180)
	at org.eclipse.equinox.http.servlet.internal.ServletRegistration.service(ServletRegistration.java:61)
	at org.eclipse.equinox.http.servlet.internal.ProxyServlet.processAlias(ProxyServlet.java:126)
	at org.eclipse.equinox.http.servlet.internal.ProxyServlet.service(ProxyServlet.java:60)
	at javax.servlet.http.HttpServlet.service(HttpServlet.java:820)
	at org.eclipse.equinox.http.jetty.internal.HttpServerManager$InternalHttpServiceServlet.service(HttpServerManager.java:317)
	at org.mortbay.jetty.servlet.ServletHolder.handle(ServletHolder.java:511)
	at org.mortbay.jetty.servlet.ServletHandler.handle(ServletHandler.java:390)
	at org.mortbay.jetty.servlet.SessionHandler.handle(SessionHandler.java:182)
	at org.mortbay.jetty.handler.ContextHandler.handle(ContextHandler.java:765)
	at org.mortbay.jetty.handler.HandlerWrapper.handle(HandlerWrapper.java:152)
	at org.mortbay.jetty.Server.handle(Server.java:326)
	at org.mortbay.jetty.HttpConnection.handleRequest(HttpConnection.java:542)
	at org.mortbay.jetty.HttpConnection$RequestHandler.content(HttpConnection.java:939)
	at org.mortbay.jetty.HttpParser.parseNext(HttpParser.java:756)
	at org.mortbay.jetty.HttpParser.parseAvailable(HttpParser.java:212)
	at org.mortbay.jetty.HttpConnection.handle(HttpConnection.java:404)
	at org.mortbay.io.nio.SelectChannelEndPoint.run(SelectChannelEndPoint.java:409)
	at org.mortbay.thread.QueuedThreadPool$PoolThread.run(QueuedThreadPool.java:582)

Nov 14, 2012 11:30:28 AM org.eclipse.birt.report.data.oda.jdbc.JDBCDriverManager loadExtraDriver
SEVERE: refreshUrlsWhenFail: true
Nov 14, 2012 11:30:28 AM org.eclipse.birt.report.data.oda.jdbc.JDBCDriverManager loadExtraDriver
SEVERE: driverClassPath: null
Nov 14, 2012 11:30:28 AM org.eclipse.birt.report.data.oda.jdbc.JDBCDriverManager loadExtraDriver
SEVERE: Registered URLs: [file:/C:/Users/Yip/Documents/eclipse/plugins/org.eclipse.birt.report.data.oda.jdbc_3.7.2.v20120213/drivers/]
Nov 14, 2012 11:30:28 AM org.eclipse.birt.report.data.oda.jdbc.JDBCDriverManager findDriver
WARNING: Failed to load JDBC driver class: com.mysql.jdbc.Driver
Nov 14, 2012 11:30:28 AM org.eclipse.birt.report.data.oda.jdbc.JDBCDriverManager loadExtraDriver
SEVERE: DriverClassLoader failed to load class: com.mysql.jdbc.Driver
java.lang.ClassNotFoundException: com.mysql.jdbc.Driver
	at org.eclipse.birt.core.framework.URLClassLoader.findClass1(URLClassLoader.java:188)
	at org.eclipse.birt.core.framework.URLClassLoader$1.run(URLClassLoader.java:156)
	at org.eclipse.birt.core.framework.URLClassLoader$1.run(URLClassLoader.java:1)
	at java.security.AccessController.doPrivileged(Native Method)
	at org.eclipse.birt.core.framework.URLClassLoader.findClass(URLClassLoader.java:151)
	at java.lang.ClassLoader.loadClass(Unknown Source)
	at java.lang.ClassLoader.loadClass(Unknown Source)
	at java.lang.Class.forName0(Native Method)
	at java.lang.Class.forName(Unknown Source)
	at org.eclipse.birt.report.data.oda.jdbc.JDBCDriverManager.loadExtraDriver(JDBCDriverManager.java:1019)
	at org.eclipse.birt.report.data.oda.jdbc.JDBCDriverManager.findDriver(JDBCDriverManager.java:814)
	at org.eclipse.birt.report.data.oda.jdbc.JDBCDriverManager.loadAndRegisterDriver(JDBCDriverManager.java:941)
	at org.eclipse.birt.report.data.oda.jdbc.JDBCDriverManager.loadAndRegisterDriver(JDBCDriverManager.java:918)
	at org.eclipse.birt.report.data.oda.jdbc.JDBCDriverManager.doConnect(JDBCDriverManager.java:266)
	at org.eclipse.birt.report.data.oda.jdbc.JDBCDriverManager.getConnection(JDBCDriverManager.java:232)
	at org.eclipse.birt.report.data.oda.jdbc.Connection.connectByUrl(Connection.java:243)
	at org.eclipse.birt.report.data.oda.jdbc.Connection.open(Connection.java:162)
	at org.eclipse.datatools.connectivity.oda.consumer.helper.OdaConnection.open(OdaConnection.java:250)
	at org.eclipse.birt.data.engine.odaconsumer.ConnectionManager.openConnection(ConnectionManager.java:165)
	at org.eclipse.birt.data.engine.executor.DataSource.newConnection(DataSource.java:224)
	at org.eclipse.birt.data.engine.executor.DataSource.open(DataSource.java:212)
	at org.eclipse.birt.data.engine.impl.DataSourceRuntime.openOdiDataSource(DataSourceRuntime.java:217)
	at org.eclipse.birt.data.engine.impl.QueryExecutor.openDataSource(QueryExecutor.java:407)
	at org.eclipse.birt.data.engine.impl.QueryExecutor.prepareExecution(QueryExecutor.java:317)
	at org.eclipse.birt.data.engine.impl.PreparedQuery.doPrepare(PreparedQuery.java:455)
	at org.eclipse.birt.data.engine.impl.PreparedDataSourceQuery.produceQueryResults(PreparedDataSourceQuery.java:190)
	at org.eclipse.birt.data.engine.impl.PreparedDataSourceQuery.execute(PreparedDataSourceQuery.java:178)
	at org.eclipse.birt.data.engine.impl.PreparedOdaDSQuery.execute(PreparedOdaDSQuery.java:145)
	at org.eclipse.birt.report.data.adapter.impl.DataRequestSessionImpl.execute(DataRequestSessionImpl.java:624)
	at org.eclipse.birt.report.engine.data.dte.DteDataEngine.doExecuteQuery(DteDataEngine.java:152)
	at org.eclipse.birt.report.engine.data.dte.AbstractDataEngine.execute(AbstractDataEngine.java:267)
	at org.eclipse.birt.report.engine.executor.ExecutionContext.executeQuery(ExecutionContext.java:1939)
	at org.eclipse.birt.report.engine.executor.QueryItemExecutor.executeQuery(QueryItemExecutor.java:80)
	at org.eclipse.birt.report.engine.executor.TableItemExecutor.execute(TableItemExecutor.java:62)
	at org.eclipse.birt.report.engine.internal.executor.dup.SuppressDuplicateItemExecutor.execute(SuppressDuplicateItemExecutor.java:43)
	at org.eclipse.birt.report.engine.internal.executor.wrap.WrappedReportItemExecutor.execute(WrappedReportItemExecutor.java:46)
	at org.eclipse.birt.report.engine.internal.executor.l18n.LocalizedReportItemExecutor.execute(LocalizedReportItemExecutor.java:34)
	at org.eclipse.birt.report.engine.layout.html.HTMLBlockStackingLM.layoutNodes(HTMLBlockStackingLM.java:65)
	at org.eclipse.birt.report.engine.layout.html.HTMLPageLM.layout(HTMLPageLM.java:92)
	at org.eclipse.birt.report.engine.layout.html.HTMLReportLayoutEngine.layout(HTMLReportLayoutEngine.java:100)
	at org.eclipse.birt.report.engine.api.impl.RunAndRenderTask.doRun(RunAndRenderTask.java:180)
	at org.eclipse.birt.report.engine.api.impl.RunAndRenderTask.run(RunAndRenderTask.java:77)
	at org.eclipse.birt.report.service.ReportEngineService.runAndRenderReport(ReportEngineService.java:929)
	at org.eclipse.birt.report.service.BirtViewerReportService.runAndRenderReport(BirtViewerReportService.java:973)
	at org.eclipse.birt.report.service.actionhandler.BirtGetPageAllActionHandler.__execute(BirtGetPageAllActionHandler.java:131)
	at org.eclipse.birt.report.service.actionhandler.AbstractBaseActionHandler.execute(AbstractBaseActionHandler.java:90)
	at org.eclipse.birt.report.soapengine.processor.AbstractBaseDocumentProcessor.__executeAction(AbstractBaseDocumentProcessor.java:47)
	at org.eclipse.birt.report.soapengine.processor.AbstractBaseComponentProcessor.executeAction(AbstractBaseComponentProcessor.java:143)
	at org.eclipse.birt.report.soapengine.processor.BirtDocumentProcessor.handleGetPageAll(BirtDocumentProcessor.java:183)
	at sun.reflect.NativeMethodAccessorImpl.invoke0(Native Method)
	at sun.reflect.NativeMethodAccessorImpl.invoke(Unknown Source)
	at sun.reflect.DelegatingMethodAccessorImpl.invoke(Unknown Source)
	at java.lang.reflect.Method.invoke(Unknown Source)
	at org.eclipse.birt.report.soapengine.processor.AbstractBaseComponentProcessor.process(AbstractBaseComponentProcessor.java:112)
	at org.eclipse.birt.report.soapengine.endpoint.BirtSoapBindingImpl.getUpdatedObjects(BirtSoapBindingImpl.java:66)
	at sun.reflect.NativeMethodAccessorImpl.invoke0(Native Method)
	at sun.reflect.NativeMethodAccessorImpl.invoke(Unknown Source)
	at sun.reflect.DelegatingMethodAccessorImpl.invoke(Unknown Source)
	at java.lang.reflect.Method.invoke(Unknown Source)
	at org.apache.axis.providers.java.RPCProvider.invokeMethod(RPCProvider.java:397)
	at org.apache.axis.providers.java.RPCProvider.processMessage(RPCProvider.java:186)
	at org.apache.axis.providers.java.JavaProvider.invoke(JavaProvider.java:323)
	at org.apache.axis.strategies.InvocationStrategy.visit(InvocationStrategy.java:32)
	at org.apache.axis.SimpleChain.doVisiting(SimpleChain.java:118)
	at org.apache.axis.SimpleChain.invoke(SimpleChain.java:83)
	at org.apache.axis.handlers.soap.SOAPService.invoke(SOAPService.java:454)
	at org.apache.axis.server.AxisServer.invoke(AxisServer.java:281)
	at org.apache.axis.transport.http.AxisServlet.doPost(AxisServlet.java:699)
	at org.eclipse.birt.report.servlet.BirtSoapMessageDispatcherServlet.doPost(BirtSoapMessageDispatcherServlet.java:265)
	at javax.servlet.http.HttpServlet.service(HttpServlet.java:727)
	at org.apache.axis.transport.http.AxisServletBase.service(AxisServletBase.java:327)
	at javax.servlet.http.HttpServlet.service(HttpServlet.java:820)
	at org.eclipse.birt.report.servlet.BirtSoapMessageDispatcherServlet.service(BirtSoapMessageDispatcherServlet.java:122)
	at org.eclipse.equinox.http.registry.internal.ServletManager$ServletWrapper.service(ServletManager.java:180)
	at org.eclipse.equinox.http.servlet.internal.ServletRegistration.service(ServletRegistration.java:61)
	at org.eclipse.equinox.http.servlet.internal.ProxyServlet.processAlias(ProxyServlet.java:126)
	at org.eclipse.equinox.http.servlet.internal.ProxyServlet.service(ProxyServlet.java:60)
	at javax.servlet.http.HttpServlet.service(HttpServlet.java:820)
	at org.eclipse.equinox.http.jetty.internal.HttpServerManager$InternalHttpServiceServlet.service(HttpServerManager.java:317)
	at org.mortbay.jetty.servlet.ServletHolder.handle(ServletHolder.java:511)
	at org.mortbay.jetty.servlet.ServletHandler.handle(ServletHandler.java:390)
	at org.mortbay.jetty.servlet.SessionHandler.handle(SessionHandler.java:182)
	at org.mortbay.jetty.handler.ContextHandler.handle(ContextHandler.java:765)
	at org.mortbay.jetty.handler.HandlerWrapper.handle(HandlerWrapper.java:152)
	at org.mortbay.jetty.Server.handle(Server.java:326)
	at org.mortbay.jetty.HttpConnection.handleRequest(HttpConnection.java:542)
	at org.mortbay.jetty.HttpConnection$RequestHandler.content(HttpConnection.java:939)
	at org.mortbay.jetty.HttpParser.parseNext(HttpParser.java:756)
	at org.mortbay.jetty.HttpParser.parseAvailable(HttpParser.java:212)
	at org.mortbay.jetty.HttpConnection.handle(HttpConnection.java:404)
	at org.mortbay.io.nio.SelectChannelEndPoint.run(SelectChannelEndPoint.java:409)
	at org.mortbay.thread.QueuedThreadPool$PoolThread.run(QueuedThreadPool.java:582)

Nov 14, 2012 11:30:28 AM org.eclipse.birt.report.data.oda.jdbc.JDBCDriverManager loadExtraDriver
SEVERE: refreshUrlsWhenFail: true
Nov 14, 2012 11:30:28 AM org.eclipse.birt.report.data.oda.jdbc.JDBCDriverManager loadExtraDriver
SEVERE: driverClassPath: null
Nov 14, 2012 11:30:28 AM org.eclipse.birt.report.data.oda.jdbc.JDBCDriverManager loadExtraDriver
SEVERE: Registered URLs: [file:/C:/Users/Yip/Documents/eclipse/plugins/org.eclipse.birt.report.data.oda.jdbc_3.7.2.v20120213/drivers/]
Nov 14, 2012 11:30:28 AM org.eclipse.birt.report.data.oda.jdbc.JDBCDriverManager findDriver
WARNING: Failed to load JDBC driver class: com.mysql.jdbc.Driver
Nov 14, 2012 11:30:28 AM org.eclipse.birt.data.engine.odaconsumer.ConnectionManager openConnection
SEVERE: Unable to open connection.
org.eclipse.birt.report.data.oda.jdbc.JDBCException: Cannot load JDBC Driver class: com.mysql.jdbc.Driver.
	at org.eclipse.birt.report.data.oda.jdbc.JDBCDriverManager.findDriver(JDBCDriverManager.java:836)
	at org.eclipse.birt.report.data.oda.jdbc.JDBCDriverManager.loadAndRegisterDriver(JDBCDriverManager.java:941)
	at org.eclipse.birt.report.data.oda.jdbc.JDBCDriverManager.loadAndRegisterDriver(JDBCDriverManager.java:918)
	at org.eclipse.birt.report.data.oda.jdbc.JDBCDriverManager.doConnect(JDBCDriverManager.java:266)
	at org.eclipse.birt.report.data.oda.jdbc.JDBCDriverManager.getConnection(JDBCDriverManager.java:232)
	at org.eclipse.birt.report.data.oda.jdbc.Connection.connectByUrl(Connection.java:243)
	at org.eclipse.birt.report.data.oda.jdbc.Connection.open(Connection.java:162)
	at org.eclipse.datatools.connectivity.oda.consumer.helper.OdaConnection.open(OdaConnection.java:250)
	at org.eclipse.birt.data.engine.odaconsumer.ConnectionManager.openConnection(ConnectionManager.java:165)
	at org.eclipse.birt.data.engine.executor.DataSource.newConnection(DataSource.java:224)
	at org.eclipse.birt.data.engine.executor.DataSource.open(DataSource.java:212)
	at org.eclipse.birt.data.engine.impl.DataSourceRuntime.openOdiDataSource(DataSourceRuntime.java:217)
	at org.eclipse.birt.data.engine.impl.QueryExecutor.openDataSource(QueryExecutor.java:407)
	at org.eclipse.birt.data.engine.impl.QueryExecutor.prepareExecution(QueryExecutor.java:317)
	at org.eclipse.birt.data.engine.impl.PreparedQuery.doPrepare(PreparedQuery.java:455)
	at org.eclipse.birt.data.engine.impl.PreparedDataSourceQuery.produceQueryResults(PreparedDataSourceQuery.java:190)
	at org.eclipse.birt.data.engine.impl.PreparedDataSourceQuery.execute(PreparedDataSourceQuery.java:178)
	at org.eclipse.birt.data.engine.impl.PreparedOdaDSQuery.execute(PreparedOdaDSQuery.java:145)
	at org.eclipse.birt.report.data.adapter.impl.DataRequestSessionImpl.execute(DataRequestSessionImpl.java:624)
	at org.eclipse.birt.report.engine.data.dte.DteDataEngine.doExecuteQuery(DteDataEngine.java:152)
	at org.eclipse.birt.report.engine.data.dte.AbstractDataEngine.execute(AbstractDataEngine.java:267)
	at org.eclipse.birt.report.engine.executor.ExecutionContext.executeQuery(ExecutionContext.java:1939)
	at org.eclipse.birt.report.engine.executor.QueryItemExecutor.executeQuery(QueryItemExecutor.java:80)
	at org.eclipse.birt.report.engine.executor.TableItemExecutor.execute(TableItemExecutor.java:62)
	at org.eclipse.birt.report.engine.internal.executor.dup.SuppressDuplicateItemExecutor.execute(SuppressDuplicateItemExecutor.java:43)
	at org.eclipse.birt.report.engine.internal.executor.wrap.WrappedReportItemExecutor.execute(WrappedReportItemExecutor.java:46)
	at org.eclipse.birt.report.engine.internal.executor.l18n.LocalizedReportItemExecutor.execute(LocalizedReportItemExecutor.java:34)
	at org.eclipse.birt.report.engine.layout.html.HTMLBlockStackingLM.layoutNodes(HTMLBlockStackingLM.java:65)
	at org.eclipse.birt.report.engine.layout.html.HTMLPageLM.layout(HTMLPageLM.java:92)
	at org.eclipse.birt.report.engine.layout.html.HTMLReportLayoutEngine.layout(HTMLReportLayoutEngine.java:100)
	at org.eclipse.birt.report.engine.api.impl.RunAndRenderTask.doRun(RunAndRenderTask.java:180)
	at org.eclipse.birt.report.engine.api.impl.RunAndRenderTask.run(RunAndRenderTask.java:77)
	at org.eclipse.birt.report.service.ReportEngineService.runAndRenderReport(ReportEngineService.java:929)
	at org.eclipse.birt.report.service.BirtViewerReportService.runAndRenderReport(BirtViewerReportService.java:973)
	at org.eclipse.birt.report.service.actionhandler.BirtGetPageAllActionHandler.__execute(BirtGetPageAllActionHandler.java:131)
	at org.eclipse.birt.report.service.actionhandler.AbstractBaseActionHandler.execute(AbstractBaseActionHandler.java:90)
	at org.eclipse.birt.report.soapengine.processor.AbstractBaseDocumentProcessor.__executeAction(AbstractBaseDocumentProcessor.java:47)
	at org.eclipse.birt.report.soapengine.processor.AbstractBaseComponentProcessor.executeAction(AbstractBaseComponentProcessor.java:143)
	at org.eclipse.birt.report.soapengine.processor.BirtDocumentProcessor.handleGetPageAll(BirtDocumentProcessor.java:183)
	at sun.reflect.NativeMethodAccessorImpl.invoke0(Native Method)
	at sun.reflect.NativeMethodAccessorImpl.invoke(Unknown Source)
	at sun.reflect.DelegatingMethodAccessorImpl.invoke(Unknown Source)
	at java.lang.reflect.Method.invoke(Unknown Source)
	at org.eclipse.birt.report.soapengine.processor.AbstractBaseComponentProcessor.process(AbstractBaseComponentProcessor.java:112)
	at org.eclipse.birt.report.soapengine.endpoint.BirtSoapBindingImpl.getUpdatedObjects(BirtSoapBindingImpl.java:66)
	at sun.reflect.NativeMethodAccessorImpl.invoke0(Native Method)
	at sun.reflect.NativeMethodAccessorImpl.invoke(Unknown Source)
	at sun.reflect.DelegatingMethodAccessorImpl.invoke(Unknown Source)
	at java.lang.reflect.Method.invoke(Unknown Source)
	at org.apache.axis.providers.java.RPCProvider.invokeMethod(RPCProvider.java:397)
	at org.apache.axis.providers.java.RPCProvider.processMessage(RPCProvider.java:186)
	at org.apache.axis.providers.java.JavaProvider.invoke(JavaProvider.java:323)
	at org.apache.axis.strategies.InvocationStrategy.visit(InvocationStrategy.java:32)
	at org.apache.axis.SimpleChain.doVisiting(SimpleChain.java:118)
	at org.apache.axis.SimpleChain.invoke(SimpleChain.java:83)
	at org.apache.axis.handlers.soap.SOAPService.invoke(SOAPService.java:454)
	at org.apache.axis.server.AxisServer.invoke(AxisServer.java:281)
	at org.apache.axis.transport.http.AxisServlet.doPost(AxisServlet.java:699)
	at org.eclipse.birt.report.servlet.BirtSoapMessageDispatcherServlet.doPost(BirtSoapMessageDispatcherServlet.java:265)
	at javax.servlet.http.HttpServlet.service(HttpServlet.java:727)
	at org.apache.axis.transport.http.AxisServletBase.service(AxisServletBase.java:327)
	at javax.servlet.http.HttpServlet.service(HttpServlet.java:820)
	at org.eclipse.birt.report.servlet.BirtSoapMessageDispatcherServlet.service(BirtSoapMessageDispatcherServlet.java:122)
	at org.eclipse.equinox.http.registry.internal.ServletManager$ServletWrapper.service(ServletManager.java:180)
	at org.eclipse.equinox.http.servlet.internal.ServletRegistration.service(ServletRegistration.java:61)
	at org.eclipse.equinox.http.servlet.internal.ProxyServlet.processAlias(ProxyServlet.java:126)
	at org.eclipse.equinox.http.servlet.internal.ProxyServlet.service(ProxyServlet.java:60)
	at javax.servlet.http.HttpServlet.service(HttpServlet.java:820)
	at org.eclipse.equinox.http.jetty.internal.HttpServerManager$InternalHttpServiceServlet.service(HttpServerManager.java:317)
	at org.mortbay.jetty.servlet.ServletHolder.handle(ServletHolder.java:511)
	at org.mortbay.jetty.servlet.ServletHandler.handle(ServletHandler.java:390)
	at org.mortbay.jetty.servlet.SessionHandler.handle(SessionHandler.java:182)
	at org.mortbay.jetty.handler.ContextHandler.handle(ContextHandler.java:765)
	at org.mortbay.jetty.handler.HandlerWrapper.handle(HandlerWrapper.java:152)
	at org.mortbay.jetty.Server.handle(Server.java:326)
	at org.mortbay.jetty.HttpConnection.handleRequest(HttpConnection.java:542)
	at org.mortbay.jetty.HttpConnection$RequestHandler.content(HttpConnection.java:939)
	at org.mortbay.jetty.HttpParser.parseNext(HttpParser.java:756)
	at org.mortbay.jetty.HttpParser.parseAvailable(HttpParser.java:212)
	at org.mortbay.jetty.HttpConnection.handle(HttpConnection.java:404)
	at org.mortbay.io.nio.SelectChannelEndPoint.run(SelectChannelEndPoint.java:409)
	at org.mortbay.thread.QueuedThreadPool$PoolThread.run(QueuedThreadPool.java:582)

Nov 14, 2012 11:31:13 AM org.eclipse.birt.report.data.oda.jdbc.JDBCDriverManager loadExtraDriver
SEVERE: DriverClassLoader failed to load class: com.mysql.jdbc.Driver
java.lang.ClassNotFoundException: com.mysql.jdbc.Driver
	at org.eclipse.birt.core.framework.URLClassLoader.findClass1(URLClassLoader.java:188)
	at org.eclipse.birt.core.framework.URLClassLoader$1.run(URLClassLoader.java:156)
	at org.eclipse.birt.core.framework.URLClassLoader$1.run(URLClassLoader.java:1)
	at java.security.AccessController.doPrivileged(Native Method)
	at org.eclipse.birt.core.framework.URLClassLoader.findClass(URLClassLoader.java:151)
	at java.lang.ClassLoader.loadClass(Unknown Source)
	at java.lang.ClassLoader.loadClass(Unknown Source)
	at java.lang.Class.forName0(Native Method)
	at java.lang.Class.forName(Unknown Source)
	at org.eclipse.birt.report.data.oda.jdbc.JDBCDriverManager.loadExtraDriver(JDBCDriverManager.java:1019)
	at org.eclipse.birt.report.data.oda.jdbc.JDBCDriverManager.findDriver(JDBCDriverManager.java:814)
	at org.eclipse.birt.report.data.oda.jdbc.JDBCDriverManager.loadAndRegisterDriver(JDBCDriverManager.java:941)
	at org.eclipse.birt.report.data.oda.jdbc.JDBCDriverManager.loadAndRegisterDriver(JDBCDriverManager.java:913)
	at org.eclipse.birt.report.data.oda.jdbc.JDBCDriverManager.doConnect(JDBCDriverManager.java:266)
	at org.eclipse.birt.report.data.oda.jdbc.JDBCDriverManager.getConnection(JDBCDriverManager.java:232)
	at org.eclipse.birt.report.data.oda.jdbc.Connection.connectByUrl(Connection.java:243)
	at org.eclipse.birt.report.data.oda.jdbc.Connection.open(Connection.java:162)
	at org.eclipse.datatools.connectivity.oda.consumer.helper.OdaConnection.open(OdaConnection.java:250)
	at org.eclipse.birt.data.engine.odaconsumer.ConnectionManager.openConnection(ConnectionManager.java:165)
	at org.eclipse.birt.data.engine.executor.DataSource.newConnection(DataSource.java:224)
	at org.eclipse.birt.data.engine.executor.DataSource.open(DataSource.java:212)
	at org.eclipse.birt.data.engine.impl.DataSourceRuntime.openOdiDataSource(DataSourceRuntime.java:217)
	at org.eclipse.birt.data.engine.impl.QueryExecutor.openDataSource(QueryExecutor.java:407)
	at org.eclipse.birt.data.engine.impl.QueryExecutor.prepareExecution(QueryExecutor.java:317)
	at org.eclipse.birt.data.engine.impl.PreparedQuery.doPrepare(PreparedQuery.java:455)
	at org.eclipse.birt.data.engine.impl.PreparedDataSourceQuery.produceQueryResults(PreparedDataSourceQuery.java:190)
	at org.eclipse.birt.data.engine.impl.PreparedDataSourceQuery.execute(PreparedDataSourceQuery.java:178)
	at org.eclipse.birt.data.engine.impl.PreparedOdaDSQuery.execute(PreparedOdaDSQuery.java:145)
	at org.eclipse.birt.report.data.adapter.impl.DataRequestSessionImpl.execute(DataRequestSessionImpl.java:624)
	at org.eclipse.birt.report.engine.data.dte.DteDataEngine.doExecuteQuery(DteDataEngine.java:152)
	at org.eclipse.birt.report.engine.data.dte.AbstractDataEngine.execute(AbstractDataEngine.java:267)
	at org.eclipse.birt.report.engine.executor.ExecutionContext.executeQuery(ExecutionContext.java:1939)
	at org.eclipse.birt.report.engine.executor.QueryItemExecutor.executeQuery(QueryItemExecutor.java:80)
	at org.eclipse.birt.report.engine.executor.TableItemExecutor.execute(TableItemExecutor.java:62)
	at org.eclipse.birt.report.engine.internal.executor.dup.SuppressDuplicateItemExecutor.execute(SuppressDuplicateItemExecutor.java:43)
	at org.eclipse.birt.report.engine.internal.executor.wrap.WrappedReportItemExecutor.execute(WrappedReportItemExecutor.java:46)
	at org.eclipse.birt.report.engine.internal.executor.l18n.LocalizedReportItemExecutor.execute(LocalizedReportItemExecutor.java:34)
	at org.eclipse.birt.report.engine.layout.html.HTMLBlockStackingLM.layoutNodes(HTMLBlockStackingLM.java:65)
	at org.eclipse.birt.report.engine.layout.html.HTMLPageLM.layout(HTMLPageLM.java:92)
	at org.eclipse.birt.report.engine.layout.html.HTMLReportLayoutEngine.layout(HTMLReportLayoutEngine.java:100)
	at org.eclipse.birt.report.engine.api.impl.RunAndRenderTask.doRun(RunAndRenderTask.java:180)
	at org.eclipse.birt.report.engine.api.impl.RunAndRenderTask.run(RunAndRenderTask.java:77)
	at org.eclipse.birt.report.service.ReportEngineService.runAndRenderReport(ReportEngineService.java:929)
	at org.eclipse.birt.report.service.BirtViewerReportService.runAndRenderReport(BirtViewerReportService.java:973)
	at org.eclipse.birt.report.service.actionhandler.BirtGetPageAllActionHandler.__execute(BirtGetPageAllActionHandler.java:131)
	at org.eclipse.birt.report.service.actionhandler.AbstractBaseActionHandler.execute(AbstractBaseActionHandler.java:90)
	at org.eclipse.birt.report.soapengine.processor.AbstractBaseDocumentProcessor.__executeAction(AbstractBaseDocumentProcessor.java:47)
	at org.eclipse.birt.report.soapengine.processor.AbstractBaseComponentProcessor.executeAction(AbstractBaseComponentProcessor.java:143)
	at org.eclipse.birt.report.soapengine.processor.BirtDocumentProcessor.handleGetPageAll(BirtDocumentProcessor.java:183)
	at sun.reflect.NativeMethodAccessorImpl.invoke0(Native Method)
	at sun.reflect.NativeMethodAccessorImpl.invoke(Unknown Source)
	at sun.reflect.DelegatingMethodAccessorImpl.invoke(Unknown Source)
	at java.lang.reflect.Method.invoke(Unknown Source)
	at org.eclipse.birt.report.soapengine.processor.AbstractBaseComponentProcessor.process(AbstractBaseComponentProcessor.java:112)
	at org.eclipse.birt.report.soapengine.endpoint.BirtSoapBindingImpl.getUpdatedObjects(BirtSoapBindingImpl.java:66)
	at sun.reflect.NativeMethodAccessorImpl.invoke0(Native Method)
	at sun.reflect.NativeMethodAccessorImpl.invoke(Unknown Source)
	at sun.reflect.DelegatingMethodAccessorImpl.invoke(Unknown Source)
	at java.lang.reflect.Method.invoke(Unknown Source)
	at org.apache.axis.providers.java.RPCProvider.invokeMethod(RPCProvider.java:397)
	at org.apache.axis.providers.java.RPCProvider.processMessage(RPCProvider.java:186)
	at org.apache.axis.providers.java.JavaProvider.invoke(JavaProvider.java:323)
	at org.apache.axis.strategies.InvocationStrategy.visit(InvocationStrategy.java:32)
	at org.apache.axis.SimpleChain.doVisiting(SimpleChain.java:118)
	at org.apache.axis.SimpleChain.invoke(SimpleChain.java:83)
	at org.apache.axis.handlers.soap.SOAPService.invoke(SOAPService.java:454)
	at org.apache.axis.server.AxisServer.invoke(AxisServer.java:281)
	at org.apache.axis.transport.http.AxisServlet.doPost(AxisServlet.java:699)
	at org.eclipse.birt.report.servlet.BirtSoapMessageDispatcherServlet.doPost(BirtSoapMessageDispatcherServlet.java:265)
	at javax.servlet.http.HttpServlet.service(HttpServlet.java:727)
	at org.apache.axis.transport.http.AxisServletBase.service(AxisServletBase.java:327)
	at javax.servlet.http.HttpServlet.service(HttpServlet.java:820)
	at org.eclipse.birt.report.servlet.BirtSoapMessageDispatcherServlet.service(BirtSoapMessageDispatcherServlet.java:122)
	at org.eclipse.equinox.http.registry.internal.ServletManager$ServletWrapper.service(ServletManager.java:180)
	at org.eclipse.equinox.http.servlet.internal.ServletRegistration.service(ServletRegistration.java:61)
	at org.eclipse.equinox.http.servlet.internal.ProxyServlet.processAlias(ProxyServlet.java:126)
	at org.eclipse.equinox.http.servlet.internal.ProxyServlet.service(ProxyServlet.java:60)
	at javax.servlet.http.HttpServlet.service(HttpServlet.java:820)
	at org.eclipse.equinox.http.jetty.internal.HttpServerManager$InternalHttpServiceServlet.service(HttpServerManager.java:317)
	at org.mortbay.jetty.servlet.ServletHolder.handle(ServletHolder.java:511)
	at org.mortbay.jetty.servlet.ServletHandler.handle(ServletHandler.java:390)
	at org.mortbay.jetty.servlet.SessionHandler.handle(SessionHandler.java:182)
	at org.mortbay.jetty.handler.ContextHandler.handle(ContextHandler.java:765)
	at org.mortbay.jetty.handler.HandlerWrapper.handle(HandlerWrapper.java:152)
	at org.mortbay.jetty.Server.handle(Server.java:326)
	at org.mortbay.jetty.HttpConnection.handleRequest(HttpConnection.java:542)
	at org.mortbay.jetty.HttpConnection$RequestHandler.content(HttpConnection.java:939)
	at org.mortbay.jetty.HttpParser.parseNext(HttpParser.java:756)
	at org.mortbay.jetty.HttpParser.parseAvailable(HttpParser.java:212)
	at org.mortbay.jetty.HttpConnection.handle(HttpConnection.java:404)
	at org.mortbay.io.nio.SelectChannelEndPoint.run(SelectChannelEndPoint.java:409)
	at org.mortbay.thread.QueuedThreadPool$PoolThread.run(QueuedThreadPool.java:582)

Nov 14, 2012 11:31:13 AM org.eclipse.birt.report.data.oda.jdbc.JDBCDriverManager loadExtraDriver
SEVERE: refreshUrlsWhenFail: true
Nov 14, 2012 11:31:13 AM org.eclipse.birt.report.data.oda.jdbc.JDBCDriverManager loadExtraDriver
SEVERE: driverClassPath: null
Nov 14, 2012 11:31:13 AM org.eclipse.birt.report.data.oda.jdbc.JDBCDriverManager loadExtraDriver
SEVERE: Registered URLs: [file:/C:/Users/Yip/Documents/eclipse/plugins/org.eclipse.birt.report.data.oda.jdbc_3.7.2.v20120213/drivers/]
Nov 14, 2012 11:31:13 AM org.eclipse.birt.report.data.oda.jdbc.JDBCDriverManager findDriver
WARNING: Failed to load JDBC driver class: com.mysql.jdbc.Driver
Nov 14, 2012 11:31:13 AM org.eclipse.birt.report.data.oda.jdbc.JDBCDriverManager loadExtraDriver
SEVERE: DriverClassLoader failed to load class: com.mysql.jdbc.Driver
java.lang.ClassNotFoundException: com.mysql.jdbc.Driver
	at org.eclipse.birt.core.framework.URLClassLoader.findClass1(URLClassLoader.java:188)
	at org.eclipse.birt.core.framework.URLClassLoader$1.run(URLClassLoader.java:156)
	at org.eclipse.birt.core.framework.URLClassLoader$1.run(URLClassLoader.java:1)
	at java.security.AccessController.doPrivileged(Native Method)
	at org.eclipse.birt.core.framework.URLClassLoader.findClass(URLClassLoader.java:151)
	at java.lang.ClassLoader.loadClass(Unknown Source)
	at java.lang.ClassLoader.loadClass(Unknown Source)
	at java.lang.Class.forName0(Native Method)
	at java.lang.Class.forName(Unknown Source)
	at org.eclipse.birt.report.data.oda.jdbc.JDBCDriverManager.loadExtraDriver(JDBCDriverManager.java:1019)
	at org.eclipse.birt.report.data.oda.jdbc.JDBCDriverManager.findDriver(JDBCDriverManager.java:814)
	at org.eclipse.birt.report.data.oda.jdbc.JDBCDriverManager.loadAndRegisterDriver(JDBCDriverManager.java:941)
	at org.eclipse.birt.report.data.oda.jdbc.JDBCDriverManager.loadAndRegisterDriver(JDBCDriverManager.java:918)
	at org.eclipse.birt.report.data.oda.jdbc.JDBCDriverManager.doConnect(JDBCDriverManager.java:266)
	at org.eclipse.birt.report.data.oda.jdbc.JDBCDriverManager.getConnection(JDBCDriverManager.java:232)
	at org.eclipse.birt.report.data.oda.jdbc.Connection.connectByUrl(Connection.java:243)
	at org.eclipse.birt.report.data.oda.jdbc.Connection.open(Connection.java:162)
	at org.eclipse.datatools.connectivity.oda.consumer.helper.OdaConnection.open(OdaConnection.java:250)
	at org.eclipse.birt.data.engine.odaconsumer.ConnectionManager.openConnection(ConnectionManager.java:165)
	at org.eclipse.birt.data.engine.executor.DataSource.newConnection(DataSource.java:224)
	at org.eclipse.birt.data.engine.executor.DataSource.open(DataSource.java:212)
	at org.eclipse.birt.data.engine.impl.DataSourceRuntime.openOdiDataSource(DataSourceRuntime.java:217)
	at org.eclipse.birt.data.engine.impl.QueryExecutor.openDataSource(QueryExecutor.java:407)
	at org.eclipse.birt.data.engine.impl.QueryExecutor.prepareExecution(QueryExecutor.java:317)
	at org.eclipse.birt.data.engine.impl.PreparedQuery.doPrepare(PreparedQuery.java:455)
	at org.eclipse.birt.data.engine.impl.PreparedDataSourceQuery.produceQueryResults(PreparedDataSourceQuery.java:190)
	at org.eclipse.birt.data.engine.impl.PreparedDataSourceQuery.execute(PreparedDataSourceQuery.java:178)
	at org.eclipse.birt.data.engine.impl.PreparedOdaDSQuery.execute(PreparedOdaDSQuery.java:145)
	at org.eclipse.birt.report.data.adapter.impl.DataRequestSessionImpl.execute(DataRequestSessionImpl.java:624)
	at org.eclipse.birt.report.engine.data.dte.DteDataEngine.doExecuteQuery(DteDataEngine.java:152)
	at org.eclipse.birt.report.engine.data.dte.AbstractDataEngine.execute(AbstractDataEngine.java:267)
	at org.eclipse.birt.report.engine.executor.ExecutionContext.executeQuery(ExecutionContext.java:1939)
	at org.eclipse.birt.report.engine.executor.QueryItemExecutor.executeQuery(QueryItemExecutor.java:80)
	at org.eclipse.birt.report.engine.executor.TableItemExecutor.execute(TableItemExecutor.java:62)
	at org.eclipse.birt.report.engine.internal.executor.dup.SuppressDuplicateItemExecutor.execute(SuppressDuplicateItemExecutor.java:43)
	at org.eclipse.birt.report.engine.internal.executor.wrap.WrappedReportItemExecutor.execute(WrappedReportItemExecutor.java:46)
	at org.eclipse.birt.report.engine.internal.executor.l18n.LocalizedReportItemExecutor.execute(LocalizedReportItemExecutor.java:34)
	at org.eclipse.birt.report.engine.layout.html.HTMLBlockStackingLM.layoutNodes(HTMLBlockStackingLM.java:65)
	at org.eclipse.birt.report.engine.layout.html.HTMLPageLM.layout(HTMLPageLM.java:92)
	at org.eclipse.birt.report.engine.layout.html.HTMLReportLayoutEngine.layout(HTMLReportLayoutEngine.java:100)
	at org.eclipse.birt.report.engine.api.impl.RunAndRenderTask.doRun(RunAndRenderTask.java:180)
	at org.eclipse.birt.report.engine.api.impl.RunAndRenderTask.run(RunAndRenderTask.java:77)
	at org.eclipse.birt.report.service.ReportEngineService.runAndRenderReport(ReportEngineService.java:929)
	at org.eclipse.birt.report.service.BirtViewerReportService.runAndRenderReport(BirtViewerReportService.java:973)
	at org.eclipse.birt.report.service.actionhandler.BirtGetPageAllActionHandler.__execute(BirtGetPageAllActionHandler.java:131)
	at org.eclipse.birt.report.service.actionhandler.AbstractBaseActionHandler.execute(AbstractBaseActionHandler.java:90)
	at org.eclipse.birt.report.soapengine.processor.AbstractBaseDocumentProcessor.__executeAction(AbstractBaseDocumentProcessor.java:47)
	at org.eclipse.birt.report.soapengine.processor.AbstractBaseComponentProcessor.executeAction(AbstractBaseComponentProcessor.java:143)
	at org.eclipse.birt.report.soapengine.processor.BirtDocumentProcessor.handleGetPageAll(BirtDocumentProcessor.java:183)
	at sun.reflect.NativeMethodAccessorImpl.invoke0(Native Method)
	at sun.reflect.NativeMethodAccessorImpl.invoke(Unknown Source)
	at sun.reflect.DelegatingMethodAccessorImpl.invoke(Unknown Source)
	at java.lang.reflect.Method.invoke(Unknown Source)
	at org.eclipse.birt.report.soapengine.processor.AbstractBaseComponentProcessor.process(AbstractBaseComponentProcessor.java:112)
	at org.eclipse.birt.report.soapengine.endpoint.BirtSoapBindingImpl.getUpdatedObjects(BirtSoapBindingImpl.java:66)
	at sun.reflect.NativeMethodAccessorImpl.invoke0(Native Method)
	at sun.reflect.NativeMethodAccessorImpl.invoke(Unknown Source)
	at sun.reflect.DelegatingMethodAccessorImpl.invoke(Unknown Source)
	at java.lang.reflect.Method.invoke(Unknown Source)
	at org.apache.axis.providers.java.RPCProvider.invokeMethod(RPCProvider.java:397)
	at org.apache.axis.providers.java.RPCProvider.processMessage(RPCProvider.java:186)
	at org.apache.axis.providers.java.JavaProvider.invoke(JavaProvider.java:323)
	at org.apache.axis.strategies.InvocationStrategy.visit(InvocationStrategy.java:32)
	at org.apache.axis.SimpleChain.doVisiting(SimpleChain.java:118)
	at org.apache.axis.SimpleChain.invoke(SimpleChain.java:83)
	at org.apache.axis.handlers.soap.SOAPService.invoke(SOAPService.java:454)
	at org.apache.axis.server.AxisServer.invoke(AxisServer.java:281)
	at org.apache.axis.transport.http.AxisServlet.doPost(AxisServlet.java:699)
	at org.eclipse.birt.report.servlet.BirtSoapMessageDispatcherServlet.doPost(BirtSoapMessageDispatcherServlet.java:265)
	at javax.servlet.http.HttpServlet.service(HttpServlet.java:727)
	at org.apache.axis.transport.http.AxisServletBase.service(AxisServletBase.java:327)
	at javax.servlet.http.HttpServlet.service(HttpServlet.java:820)
	at org.eclipse.birt.report.servlet.BirtSoapMessageDispatcherServlet.service(BirtSoapMessageDispatcherServlet.java:122)
	at org.eclipse.equinox.http.registry.internal.ServletManager$ServletWrapper.service(ServletManager.java:180)
	at org.eclipse.equinox.http.servlet.internal.ServletRegistration.service(ServletRegistration.java:61)
	at org.eclipse.equinox.http.servlet.internal.ProxyServlet.processAlias(ProxyServlet.java:126)
	at org.eclipse.equinox.http.servlet.internal.ProxyServlet.service(ProxyServlet.java:60)
	at javax.servlet.http.HttpServlet.service(HttpServlet.java:820)
	at org.eclipse.equinox.http.jetty.internal.HttpServerManager$InternalHttpServiceServlet.service(HttpServerManager.java:317)
	at org.mortbay.jetty.servlet.ServletHolder.handle(ServletHolder.java:511)
	at org.mortbay.jetty.servlet.ServletHandler.handle(ServletHandler.java:390)
	at org.mortbay.jetty.servlet.SessionHandler.handle(SessionHandler.java:182)
	at org.mortbay.jetty.handler.ContextHandler.handle(ContextHandler.java:765)
	at org.mortbay.jetty.handler.HandlerWrapper.handle(HandlerWrapper.java:152)
	at org.mortbay.jetty.Server.handle(Server.java:326)
	at org.mortbay.jetty.HttpConnection.handleRequest(HttpConnection.java:542)
	at org.mortbay.jetty.HttpConnection$RequestHandler.content(HttpConnection.java:939)
	at org.mortbay.jetty.HttpParser.parseNext(HttpParser.java:756)
	at org.mortbay.jetty.HttpParser.parseAvailable(HttpParser.java:212)
	at org.mortbay.jetty.HttpConnection.handle(HttpConnection.java:404)
	at org.mortbay.io.nio.SelectChannelEndPoint.run(SelectChannelEndPoint.java:409)
	at org.mortbay.thread.QueuedThreadPool$PoolThread.run(QueuedThreadPool.java:582)

Nov 14, 2012 11:31:13 AM org.eclipse.birt.report.data.oda.jdbc.JDBCDriverManager loadExtraDriver
SEVERE: refreshUrlsWhenFail: true
Nov 14, 2012 11:31:13 AM org.eclipse.birt.report.data.oda.jdbc.JDBCDriverManager loadExtraDriver
SEVERE: driverClassPath: null
Nov 14, 2012 11:31:13 AM org.eclipse.birt.report.data.oda.jdbc.JDBCDriverManager loadExtraDriver
SEVERE: Registered URLs: [file:/C:/Users/Yip/Documents/eclipse/plugins/org.eclipse.birt.report.data.oda.jdbc_3.7.2.v20120213/drivers/]
Nov 14, 2012 11:31:13 AM org.eclipse.birt.report.data.oda.jdbc.JDBCDriverManager findDriver
WARNING: Failed to load JDBC driver class: com.mysql.jdbc.Driver
Nov 14, 2012 11:31:13 AM org.eclipse.birt.data.engine.odaconsumer.ConnectionManager openConnection
SEVERE: Unable to open connection.
org.eclipse.birt.report.data.oda.jdbc.JDBCException: Cannot load JDBC Driver class: com.mysql.jdbc.Driver.
	at org.eclipse.birt.report.data.oda.jdbc.JDBCDriverManager.findDriver(JDBCDriverManager.java:836)
	at org.eclipse.birt.report.data.oda.jdbc.JDBCDriverManager.loadAndRegisterDriver(JDBCDriverManager.java:941)
	at org.eclipse.birt.report.data.oda.jdbc.JDBCDriverManager.loadAndRegisterDriver(JDBCDriverManager.java:918)
	at org.eclipse.birt.report.data.oda.jdbc.JDBCDriverManager.doConnect(JDBCDriverManager.java:266)
	at org.eclipse.birt.report.data.oda.jdbc.JDBCDriverManager.getConnection(JDBCDriverManager.java:232)
	at org.eclipse.birt.report.data.oda.jdbc.Connection.connectByUrl(Connection.java:243)
	at org.eclipse.birt.report.data.oda.jdbc.Connection.open(Connection.java:162)
	at org.eclipse.datatools.connectivity.oda.consumer.helper.OdaConnection.open(OdaConnection.java:250)
	at org.eclipse.birt.data.engine.odaconsumer.ConnectionManager.openConnection(ConnectionManager.java:165)
	at org.eclipse.birt.data.engine.executor.DataSource.newConnection(DataSource.java:224)
	at org.eclipse.birt.data.engine.executor.DataSource.open(DataSource.java:212)
	at org.eclipse.birt.data.engine.impl.DataSourceRuntime.openOdiDataSource(DataSourceRuntime.java:217)
	at org.eclipse.birt.data.engine.impl.QueryExecutor.openDataSource(QueryExecutor.java:407)
	at org.eclipse.birt.data.engine.impl.QueryExecutor.prepareExecution(QueryExecutor.java:317)
	at org.eclipse.birt.data.engine.impl.PreparedQuery.doPrepare(PreparedQuery.java:455)
	at org.eclipse.birt.data.engine.impl.PreparedDataSourceQuery.produceQueryResults(PreparedDataSourceQuery.java:190)
	at org.eclipse.birt.data.engine.impl.PreparedDataSourceQuery.execute(PreparedDataSourceQuery.java:178)
	at org.eclipse.birt.data.engine.impl.PreparedOdaDSQuery.execute(PreparedOdaDSQuery.java:145)
	at org.eclipse.birt.report.data.adapter.impl.DataRequestSessionImpl.execute(DataRequestSessionImpl.java:624)
	at org.eclipse.birt.report.engine.data.dte.DteDataEngine.doExecuteQuery(DteDataEngine.java:152)
	at org.eclipse.birt.report.engine.data.dte.AbstractDataEngine.execute(AbstractDataEngine.java:267)
	at org.eclipse.birt.report.engine.executor.ExecutionContext.executeQuery(ExecutionContext.java:1939)
	at org.eclipse.birt.report.engine.executor.QueryItemExecutor.executeQuery(QueryItemExecutor.java:80)
	at org.eclipse.birt.report.engine.executor.TableItemExecutor.execute(TableItemExecutor.java:62)
	at org.eclipse.birt.report.engine.internal.executor.dup.SuppressDuplicateItemExecutor.execute(SuppressDuplicateItemExecutor.java:43)
	at org.eclipse.birt.report.engine.internal.executor.wrap.WrappedReportItemExecutor.execute(WrappedReportItemExecutor.java:46)
	at org.eclipse.birt.report.engine.internal.executor.l18n.LocalizedReportItemExecutor.execute(LocalizedReportItemExecutor.java:34)
	at org.eclipse.birt.report.engine.layout.html.HTMLBlockStackingLM.layoutNodes(HTMLBlockStackingLM.java:65)
	at org.eclipse.birt.report.engine.layout.html.HTMLPageLM.layout(HTMLPageLM.java:92)
	at org.eclipse.birt.report.engine.layout.html.HTMLReportLayoutEngine.layout(HTMLReportLayoutEngine.java:100)
	at org.eclipse.birt.report.engine.api.impl.RunAndRenderTask.doRun(RunAndRenderTask.java:180)
	at org.eclipse.birt.report.engine.api.impl.RunAndRenderTask.run(RunAndRenderTask.java:77)
	at org.eclipse.birt.report.service.ReportEngineService.runAndRenderReport(ReportEngineService.java:929)
	at org.eclipse.birt.report.service.BirtViewerReportService.runAndRenderReport(BirtViewerReportService.java:973)
	at org.eclipse.birt.report.service.actionhandler.BirtGetPageAllActionHandler.__execute(BirtGetPageAllActionHandler.java:131)
	at org.eclipse.birt.report.service.actionhandler.AbstractBaseActionHandler.execute(AbstractBaseActionHandler.java:90)
	at org.eclipse.birt.report.soapengine.processor.AbstractBaseDocumentProcessor.__executeAction(AbstractBaseDocumentProcessor.java:47)
	at org.eclipse.birt.report.soapengine.processor.AbstractBaseComponentProcessor.executeAction(AbstractBaseComponentProcessor.java:143)
	at org.eclipse.birt.report.soapengine.processor.BirtDocumentProcessor.handleGetPageAll(BirtDocumentProcessor.java:183)
	at sun.reflect.NativeMethodAccessorImpl.invoke0(Native Method)
	at sun.reflect.NativeMethodAccessorImpl.invoke(Unknown Source)
	at sun.reflect.DelegatingMethodAccessorImpl.invoke(Unknown Source)
	at java.lang.reflect.Method.invoke(Unknown Source)
	at org.eclipse.birt.report.soapengine.processor.AbstractBaseComponentProcessor.process(AbstractBaseComponentProcessor.java:112)
	at org.eclipse.birt.report.soapengine.endpoint.BirtSoapBindingImpl.getUpdatedObjects(BirtSoapBindingImpl.java:66)
	at sun.reflect.NativeMethodAccessorImpl.invoke0(Native Method)
	at sun.reflect.NativeMethodAccessorImpl.invoke(Unknown Source)
	at sun.reflect.DelegatingMethodAccessorImpl.invoke(Unknown Source)
	at java.lang.reflect.Method.invoke(Unknown Source)
	at org.apache.axis.providers.java.RPCProvider.invokeMethod(RPCProvider.java:397)
	at org.apache.axis.providers.java.RPCProvider.processMessage(RPCProvider.java:186)
	at org.apache.axis.providers.java.JavaProvider.invoke(JavaProvider.java:323)
	at org.apache.axis.strategies.InvocationStrategy.visit(InvocationStrategy.java:32)
	at org.apache.axis.SimpleChain.doVisiting(SimpleChain.java:118)
	at org.apache.axis.SimpleChain.invoke(SimpleChain.java:83)
	at org.apache.axis.handlers.soap.SOAPService.invoke(SOAPService.java:454)
	at org.apache.axis.server.AxisServer.invoke(AxisServer.java:281)
	at org.apache.axis.transport.http.AxisServlet.doPost(AxisServlet.java:699)
	at org.eclipse.birt.report.servlet.BirtSoapMessageDispatcherServlet.doPost(BirtSoapMessageDispatcherServlet.java:265)
	at javax.servlet.http.HttpServlet.service(HttpServlet.java:727)
	at org.apache.axis.transport.http.AxisServletBase.service(AxisServletBase.java:327)
	at javax.servlet.http.HttpServlet.service(HttpServlet.java:820)
	at org.eclipse.birt.report.servlet.BirtSoapMessageDispatcherServlet.service(BirtSoapMessageDispatcherServlet.java:122)
	at org.eclipse.equinox.http.registry.internal.ServletManager$ServletWrapper.service(ServletManager.java:180)
	at org.eclipse.equinox.http.servlet.internal.ServletRegistration.service(ServletRegistration.java:61)
	at org.eclipse.equinox.http.servlet.internal.ProxyServlet.processAlias(ProxyServlet.java:126)
	at org.eclipse.equinox.http.servlet.internal.ProxyServlet.service(ProxyServlet.java:60)
	at javax.servlet.http.HttpServlet.service(HttpServlet.java:820)
	at org.eclipse.equinox.http.jetty.internal.HttpServerManager$InternalHttpServiceServlet.service(HttpServerManager.java:317)
	at org.mortbay.jetty.servlet.ServletHolder.handle(ServletHolder.java:511)
	at org.mortbay.jetty.servlet.ServletHandler.handle(ServletHandler.java:390)
	at org.mortbay.jetty.servlet.SessionHandler.handle(SessionHandler.java:182)
	at org.mortbay.jetty.handler.ContextHandler.handle(ContextHandler.java:765)
	at org.mortbay.jetty.handler.HandlerWrapper.handle(HandlerWrapper.java:152)
	at org.mortbay.jetty.Server.handle(Server.java:326)
	at org.mortbay.jetty.HttpConnection.handleRequest(HttpConnection.java:542)
	at org.mortbay.jetty.HttpConnection$RequestHandler.content(HttpConnection.java:939)
	at org.mortbay.jetty.HttpParser.parseNext(HttpParser.java:756)
	at org.mortbay.jetty.HttpParser.parseAvailable(HttpParser.java:212)
	at org.mortbay.jetty.HttpConnection.handle(HttpConnection.java:404)
	at org.mortbay.io.nio.SelectChannelEndPoint.run(SelectChannelEndPoint.java:409)
	at org.mortbay.thread.QueuedThreadPool$PoolThread.run(QueuedThreadPool.java:582)

