Nov 16, 2012 11:49:01 AM org.eclipse.birt.report.data.oda.jdbc.ui.editors.MetaDataRetriever <init>
WARNING: SQL statement does not return a ResultSet object.
SQL error #1:No value specified for parameter 1

org.eclipse.birt.report.data.oda.jdbc.JDBCException: SQL statement does not return a ResultSet object.
SQL error #1:No value specified for parameter 1
 ;
    java.sql.SQLException: No value specified for parameter 1
	at org.eclipse.birt.report.data.oda.jdbc.Statement.executeQuery(Statement.java:464)
	at org.eclipse.birt.report.data.oda.jdbc.Statement.getMetaUsingPolicy1(Statement.java:403)
	at org.eclipse.birt.report.data.oda.jdbc.Statement.getMetaData(Statement.java:303)
	at org.eclipse.birt.report.data.oda.jdbc.bidi.BidiStatement.getMetaData(BidiStatement.java:56)
	at org.eclipse.birt.report.data.oda.jdbc.ui.editors.MetaDataRetriever.<init>(MetaDataRetriever.java:78)
	at org.eclipse.birt.report.data.oda.jdbc.ui.editors.SQLDataSetEditorPage.collectDataSetDesign(SQLDataSetEditorPage.java:681)
	at org.eclipse.datatools.connectivity.oda.design.internal.ui.DataSetWizardPageCore.finishDataSetDesign(DataSetWizardPageCore.java:395)
	at org.eclipse.datatools.connectivity.oda.design.internal.ui.DataSetWizardBase.collectDataSetDesignFromPage(DataSetWizardBase.java:365)
	at org.eclipse.datatools.connectivity.oda.design.internal.ui.DataSetWizardBase.finishDataSetDesign(DataSetWizardBase.java:387)
	at org.eclipse.datatools.connectivity.oda.design.internal.ui.DataSetWizardBase.getResponseSession(DataSetWizardBase.java:123)
	at org.eclipse.datatools.connectivity.oda.design.internal.designsession.DataSetDesignSessionBase.finishDataSetDesign(DataSetDesignSessionBase.java:442)
	at org.eclipse.datatools.connectivity.oda.design.internal.designsession.DataSetDesignSessionBase.flush(DataSetDesignSessionBase.java:237)
	at org.eclipse.datatools.connectivity.oda.design.ui.designsession.DataSetDesignSession.flush(DataSetDesignSession.java:136)
	at org.eclipse.birt.report.designer.data.ui.dataset.PropertyPageWrapper.canLeave(PropertyPageWrapper.java:118)
	at org.eclipse.birt.report.designer.data.ui.dataset.PropertyPageWrapper.performOk(PropertyPageWrapper.java:95)
	at org.eclipse.birt.report.designer.data.ui.property.AbstractPropertyDialog.okPressed(AbstractPropertyDialog.java:790)
	at org.eclipse.birt.report.designer.data.ui.property.AbstractPropertyDialog.okPressed(AbstractPropertyDialog.java:765)
	at org.eclipse.birt.report.designer.data.ui.dataset.DataSetEditor.okPressed(DataSetEditor.java:681)
	at org.eclipse.birt.report.designer.data.ui.property.AbstractPropertyDialog.buttonPressed(AbstractPropertyDialog.java:650)
	at org.eclipse.jface.dialogs.Dialog$2.widgetSelected(Dialog.java:624)
	at org.eclipse.swt.widgets.TypedListener.handleEvent(TypedListener.java:240)
	at org.eclipse.swt.widgets.EventTable.sendEvent(EventTable.java:84)
	at org.eclipse.swt.widgets.Widget.sendEvent(Widget.java:1053)
	at org.eclipse.swt.widgets.Display.runDeferredEvents(Display.java:4165)
	at org.eclipse.swt.widgets.Display.readAndDispatch(Display.java:3754)
	at org.eclipse.jface.window.Window.runEventLoop(Window.java:825)
	at org.eclipse.jface.window.Window.open(Window.java:801)
	at org.eclipse.birt.report.designer.ui.dialogs.BaseDialog.open(BaseDialog.java:111)
	at org.eclipse.birt.report.designer.data.ui.actions.EditDataSetAction.doAction(EditDataSetAction.java:105)
	at org.eclipse.birt.report.designer.internal.ui.views.actions.AbstractElementAction.run(AbstractElementAction.java:70)
	at org.eclipse.jface.action.Action.runWithEvent(Action.java:498)
	at org.eclipse.jface.action.ActionContributionItem.handleWidgetSelection(ActionContributionItem.java:584)
	at org.eclipse.jface.action.ActionContributionItem.access$2(ActionContributionItem.java:501)
	at org.eclipse.jface.action.ActionContributionItem$5.handleEvent(ActionContributionItem.java:411)
	at org.eclipse.swt.widgets.EventTable.sendEvent(EventTable.java:84)
	at org.eclipse.swt.widgets.Widget.sendEvent(Widget.java:1053)
	at org.eclipse.swt.widgets.Display.runDeferredEvents(Display.java:4165)
	at org.eclipse.swt.widgets.Display.readAndDispatch(Display.java:3754)
	at org.eclipse.ui.internal.Workbench.runEventLoop(Workbench.java:2701)
	at org.eclipse.ui.internal.Workbench.runUI(Workbench.java:2665)
	at org.eclipse.ui.internal.Workbench.access$4(Workbench.java:2499)
	at org.eclipse.ui.internal.Workbench$7.run(Workbench.java:679)
	at org.eclipse.core.databinding.observable.Realm.runWithDefault(Realm.java:332)
	at org.eclipse.ui.internal.Workbench.createAndRunWorkbench(Workbench.java:668)
	at org.eclipse.ui.PlatformUI.createAndRunWorkbench(PlatformUI.java:149)
	at org.eclipse.ui.internal.ide.application.IDEApplication.start(IDEApplication.java:123)
	at org.eclipse.equinox.internal.app.EclipseAppHandle.run(EclipseAppHandle.java:196)
	at org.eclipse.core.runtime.internal.adaptor.EclipseAppLauncher.runApplication(EclipseAppLauncher.java:110)
	at org.eclipse.core.runtime.internal.adaptor.EclipseAppLauncher.start(EclipseAppLauncher.java:79)
	at org.eclipse.core.runtime.adaptor.EclipseStarter.run(EclipseStarter.java:344)
	at org.eclipse.core.runtime.adaptor.EclipseStarter.run(EclipseStarter.java:179)
	at sun.reflect.NativeMethodAccessorImpl.invoke0(Native Method)
	at sun.reflect.NativeMethodAccessorImpl.invoke(Unknown Source)
	at sun.reflect.DelegatingMethodAccessorImpl.invoke(Unknown Source)
	at java.lang.reflect.Method.invoke(Unknown Source)
	at org.eclipse.equinox.launcher.Main.invokeFramework(Main.java:622)
	at org.eclipse.equinox.launcher.Main.basicRun(Main.java:577)
	at org.eclipse.equinox.launcher.Main.run(Main.java:1410)
Caused by: java.sql.SQLException: No value specified for parameter 1
	at com.mysql.jdbc.SQLError.createSQLException(SQLError.java:1073)
	at com.mysql.jdbc.SQLError.createSQLException(SQLError.java:987)
	at com.mysql.jdbc.SQLError.createSQLException(SQLError.java:982)
	at com.mysql.jdbc.SQLError.createSQLException(SQLError.java:927)
	at com.mysql.jdbc.PreparedStatement.checkAllParametersSet(PreparedStatement.java:2585)
	at com.mysql.jdbc.PreparedStatement.fillSendPacket(PreparedStatement.java:2561)
	at com.mysql.jdbc.PreparedStatement.fillSendPacket(PreparedStatement.java:2487)
	at com.mysql.jdbc.PreparedStatement.executeQuery(PreparedStatement.java:2241)
	at org.eclipse.birt.report.data.oda.jdbc.Statement.executeQuery(Statement.java:460)
	... 57 more

