Nov 14, 2012 5:37:29 PM org.eclipse.birt.data.engine.odaconsumer.PreparedStatement doSetNull( int )
SEVERE: Cannot set a null value to parameter 1.
org.eclipse.birt.report.data.oda.jdbc.JDBCException: Cannot set preparedStatement null value.
SQL error #1:Parameter metadata not available for the given statement
 ;
    java.sql.SQLException: Parameter metadata not available for the given statement
	at org.eclipse.birt.report.data.oda.jdbc.Statement.setNull(Statement.java:867)
	at org.eclipse.datatools.connectivity.oda.consumer.helper.OdaQuery.setNull(OdaQuery.java:1212)
	at org.eclipse.birt.data.engine.odaconsumer.PreparedStatement.doSetNull(PreparedStatement.java:4646)
	at org.eclipse.birt.data.engine.odaconsumer.PreparedStatement.setNull(PreparedStatement.java:4173)
	at org.eclipse.birt.data.engine.odaconsumer.PreparedStatement.setParameterValue(PreparedStatement.java:3113)
	at org.eclipse.birt.data.engine.odaconsumer.PreparedStatement.setParameterValue(PreparedStatement.java:3070)
	at org.eclipse.birt.data.engine.executor.DataSourceQuery.setInputParameterBinding(DataSourceQuery.java:1124)
	at org.eclipse.birt.data.engine.executor.DataSourceQuery.addParameterDefns(DataSourceQuery.java:572)
	at org.eclipse.birt.data.engine.executor.DataSourceQuery.prepare(DataSourceQuery.java:290)
	at org.eclipse.birt.data.engine.impl.PreparedOdaDSQuery$OdaDSQueryExecutor.prepareOdiQuery(PreparedOdaDSQuery.java:442)
	at org.eclipse.birt.data.engine.impl.QueryExecutor.prepareExecution(QueryExecutor.java:341)
	at org.eclipse.birt.data.engine.impl.PreparedQuery.doPrepare(PreparedQuery.java:455)
	at org.eclipse.birt.data.engine.impl.PreparedDataSourceQuery.produceQueryResults(PreparedDataSourceQuery.java:190)
	at org.eclipse.birt.data.engine.impl.PreparedDataSourceQuery.execute(PreparedDataSourceQuery.java:178)
	at org.eclipse.birt.data.engine.impl.PreparedOdaDSQuery.execute(PreparedOdaDSQuery.java:145)
	at org.eclipse.birt.data.engine.impl.PreparedDataSourceQuery.execute(PreparedDataSourceQuery.java:159)
	at org.eclipse.birt.data.engine.impl.PreparedDataSourceQuery.execute(PreparedDataSourceQuery.java:142)
	at org.eclipse.birt.report.data.adapter.impl.QueryExecutionHelper.executeQuery(QueryExecutionHelper.java:136)
	at org.eclipse.birt.report.data.adapter.impl.QueryExecutionHelper.executeQuery(QueryExecutionHelper.java:118)
	at org.eclipse.birt.report.data.adapter.impl.QueryExecutionHelper.executeQuery(QueryExecutionHelper.java:102)
	at org.eclipse.birt.report.data.adapter.impl.DataSetMetaDataHelper.getRuntimeMetaData(DataSetMetaDataHelper.java:194)
	at org.eclipse.birt.report.data.adapter.impl.DataSetMetaDataHelper.getRealMetaData(DataSetMetaDataHelper.java:153)
	at org.eclipse.birt.report.data.adapter.impl.DataSetMetaDataHelper.getDataSetMetaData(DataSetMetaDataHelper.java:115)
	at org.eclipse.birt.report.data.adapter.impl.DataSetMetaDataHelper.refreshMetaData(DataSetMetaDataHelper.java:376)
	at org.eclipse.birt.report.data.adapter.impl.DataRequestSessionImpl.refreshMetaData(DataRequestSessionImpl.java:415)
	at org.eclipse.birt.report.designer.data.ui.dataset.ExternalUIUtil.updateColumnCache(ExternalUIUtil.java:108)
	at org.eclipse.birt.report.designer.data.ui.providers.DefaultDataServiceProvider.updateColumnCache(DefaultDataServiceProvider.java:107)
	at org.eclipse.birt.report.designer.internal.ui.data.DataService.updateColumnCache(DataService.java:137)
	at org.eclipse.birt.report.designer.data.ui.dataset.DataSetUIUtil.updateColumnCache(DataSetUIUtil.java:98)
	at org.eclipse.birt.report.designer.data.ui.dataset.DataSetUIUtil.getCachedMetaDataHandle(DataSetUIUtil.java:181)
	at org.eclipse.birt.report.designer.internal.ui.views.data.providers.DataSetNodeProvider.getChildren(DataSetNodeProvider.java:91)
	at org.eclipse.birt.report.designer.internal.ui.views.ViewsTreeProvider.getChildren(ViewsTreeProvider.java:41)
	at org.eclipse.jface.viewers.AbstractTreeViewer.getRawChildren(AbstractTreeViewer.java:1359)
	at org.eclipse.jface.viewers.TreeViewer.getRawChildren(TreeViewer.java:391)
	at org.eclipse.jface.viewers.StructuredViewer.getFilteredChildren(StructuredViewer.java:917)
	at org.eclipse.jface.viewers.AbstractTreeViewer.getSortedChildren(AbstractTreeViewer.java:605)
	at org.eclipse.jface.viewers.AbstractTreeViewer$1.run(AbstractTreeViewer.java:805)
	at org.eclipse.swt.custom.BusyIndicator.showWhile(BusyIndicator.java:70)
	at org.eclipse.jface.viewers.AbstractTreeViewer.createChildren(AbstractTreeViewer.java:782)
	at org.eclipse.jface.viewers.TreeViewer.createChildren(TreeViewer.java:644)
	at org.eclipse.jface.viewers.AbstractTreeViewer.createChildren(AbstractTreeViewer.java:753)
	at org.eclipse.jface.viewers.AbstractTreeViewer.handleTreeExpand(AbstractTreeViewer.java:1485)
	at org.eclipse.jface.viewers.TreeViewer.handleTreeExpand(TreeViewer.java:952)
	at org.eclipse.jface.viewers.AbstractTreeViewer$4.treeExpanded(AbstractTreeViewer.java:1496)
	at org.eclipse.swt.widgets.TypedListener.handleEvent(TypedListener.java:132)
	at org.eclipse.swt.widgets.EventTable.sendEvent(EventTable.java:84)
	at org.eclipse.swt.widgets.Widget.sendEvent(Widget.java:1053)
	at org.eclipse.swt.widgets.Widget.sendEvent(Widget.java:1077)
	at org.eclipse.swt.widgets.Widget.sendEvent(Widget.java:1062)
	at org.eclipse.swt.widgets.Tree.wmNotifyChild(Tree.java:7538)
	at org.eclipse.swt.widgets.Control.wmNotify(Control.java:5534)
	at org.eclipse.swt.widgets.Composite.wmNotify(Composite.java:1896)
	at org.eclipse.swt.widgets.Control.WM_NOTIFY(Control.java:5086)
	at org.eclipse.swt.widgets.Control.windowProc(Control.java:4584)
	at org.eclipse.swt.widgets.Display.windowProc(Display.java:4972)
	at org.eclipse.swt.internal.win32.OS.CallWindowProcW(Native Method)
	at org.eclipse.swt.internal.win32.OS.CallWindowProc(OS.java:2425)
	at org.eclipse.swt.widgets.Tree.callWindowProc(Tree.java:1533)
	at org.eclipse.swt.widgets.Tree.WM_LBUTTONDOWN(Tree.java:6411)
	at org.eclipse.swt.widgets.Control.windowProc(Control.java:4564)
	at org.eclipse.swt.widgets.Tree.windowProc(Tree.java:5937)
	at org.eclipse.swt.widgets.Display.windowProc(Display.java:4972)
	at org.eclipse.swt.internal.win32.OS.DispatchMessageW(Native Method)
	at org.eclipse.swt.internal.win32.OS.DispatchMessage(OS.java:2531)
	at org.eclipse.swt.widgets.Display.readAndDispatch(Display.java:3752)
	at org.eclipse.ui.internal.Workbench.runEventLoop(Workbench.java:2701)
	at org.eclipse.ui.internal.Workbench.runUI(Workbench.java:2665)
	at org.eclipse.ui.internal.Workbench.access$4(Workbench.java:2499)
	at org.eclipse.ui.internal.Workbench$7.run(Workbench.java:679)
	at org.eclipse.core.databinding.observable.Realm.runWithDefault(Realm.java:332)
	at org.eclipse.ui.internal.Workbench.createAndRunWorkbench(Workbench.java:668)
	at org.eclipse.ui.PlatformUI.createAndRunWorkbench(PlatformUI.java:149)
	at org.eclipse.ui.internal.ide.application.IDEApplication.start(IDEApplication.java:123)
	at org.eclipse.equinox.internal.app.EclipseAppHandle.run(EclipseAppHandle.java:196)
	at org.eclipse.core.runtime.internal.adaptor.EclipseAppLauncher.runApplication(EclipseAppLauncher.java:110)
	at org.eclipse.core.runtime.internal.adaptor.EclipseAppLauncher.start(EclipseAppLauncher.java:79)
	at org.eclipse.core.runtime.adaptor.EclipseStarter.run(EclipseStarter.java:344)
	at org.eclipse.core.runtime.adaptor.EclipseStarter.run(EclipseStarter.java:179)
	at sun.reflect.NativeMethodAccessorImpl.invoke0(Native Method)
	at sun.reflect.NativeMethodAccessorImpl.invoke(Unknown Source)
	at sun.reflect.DelegatingMethodAccessorImpl.invoke(Unknown Source)
	at java.lang.reflect.Method.invoke(Unknown Source)
	at org.eclipse.equinox.launcher.Main.invokeFramework(Main.java:622)
	at org.eclipse.equinox.launcher.Main.basicRun(Main.java:577)
	at org.eclipse.equinox.launcher.Main.run(Main.java:1410)
Caused by: java.sql.SQLException: Parameter metadata not available for the given statement
	at com.mysql.jdbc.SQLError.createSQLException(SQLError.java:1073)
	at com.mysql.jdbc.SQLError.createSQLException(SQLError.java:987)
	at com.mysql.jdbc.SQLError.createSQLException(SQLError.java:982)
	at com.mysql.jdbc.SQLError.createSQLException(SQLError.java:927)
	at com.mysql.jdbc.MysqlParameterMetadata.checkAvailable(MysqlParameterMetadata.java:70)
	at com.mysql.jdbc.MysqlParameterMetadata.getParameterType(MysqlParameterMetadata.java:119)
	at org.eclipse.birt.report.data.oda.jdbc.Statement.setNull(Statement.java:862)
	... 84 more

Nov 14, 2012 5:37:29 PM org.eclipse.birt.data.engine.odaconsumer.ParameterMetaData getRuntimeParameterType
SEVERE: Cannot get the type for parameter: 1.
org.eclipse.birt.report.data.oda.jdbc.JDBCException: Cannot get parameter type.
SQL error #1:Parameter metadata not available for the given statement
 ;
    java.sql.SQLException: Parameter metadata not available for the given statement
	at org.eclipse.birt.report.data.oda.jdbc.ParameterMetaData.getParameterType(ParameterMetaData.java:159)
	at org.eclipse.datatools.connectivity.oda.consumer.helper.OdaParameterMetaData.getParameterType(OdaParameterMetaData.java:177)
	at org.eclipse.birt.data.engine.odaconsumer.ParameterMetaData.getRuntimeParameterType(ParameterMetaData.java:233)
	at org.eclipse.birt.data.engine.odaconsumer.ParameterMetaData.<init>(ParameterMetaData.java:97)
	at org.eclipse.birt.data.engine.odaconsumer.PreparedStatement.mergeParamHintsWithMetaData(PreparedStatement.java:1674)
	at org.eclipse.birt.data.engine.odaconsumer.PreparedStatement.getParameterMetaData(PreparedStatement.java:1525)
	at org.eclipse.birt.data.engine.odaconsumer.PreparedStatement.getParameterMetaData(PreparedStatement.java:1539)
	at org.eclipse.birt.data.engine.odaconsumer.PreparedStatement.getParameterType(PreparedStatement.java:798)
	at org.eclipse.birt.data.engine.odaconsumer.PreparedStatement.retrySetParameterValue(PreparedStatement.java:3211)
	at org.eclipse.birt.data.engine.odaconsumer.PreparedStatement.setParameterValue(PreparedStatement.java:3188)
	at org.eclipse.birt.data.engine.odaconsumer.PreparedStatement.setParameterValue(PreparedStatement.java:3070)
	at org.eclipse.birt.data.engine.executor.DataSourceQuery.setInputParameterBinding(DataSourceQuery.java:1124)
	at org.eclipse.birt.data.engine.executor.DataSourceQuery.addParameterDefns(DataSourceQuery.java:572)
	at org.eclipse.birt.data.engine.executor.DataSourceQuery.prepare(DataSourceQuery.java:290)
	at org.eclipse.birt.data.engine.impl.PreparedOdaDSQuery$OdaDSQueryExecutor.prepareOdiQuery(PreparedOdaDSQuery.java:442)
	at org.eclipse.birt.data.engine.impl.QueryExecutor.prepareExecution(QueryExecutor.java:341)
	at org.eclipse.birt.data.engine.impl.PreparedQuery.doPrepare(PreparedQuery.java:455)
	at org.eclipse.birt.data.engine.impl.PreparedDataSourceQuery.produceQueryResults(PreparedDataSourceQuery.java:190)
	at org.eclipse.birt.data.engine.impl.PreparedDataSourceQuery.execute(PreparedDataSourceQuery.java:178)
	at org.eclipse.birt.data.engine.impl.PreparedOdaDSQuery.execute(PreparedOdaDSQuery.java:145)
	at org.eclipse.birt.data.engine.impl.PreparedDataSourceQuery.execute(PreparedDataSourceQuery.java:159)
	at org.eclipse.birt.data.engine.impl.PreparedDataSourceQuery.execute(PreparedDataSourceQuery.java:142)
	at org.eclipse.birt.report.data.adapter.impl.QueryExecutionHelper.executeQuery(QueryExecutionHelper.java:136)
	at org.eclipse.birt.report.data.adapter.impl.QueryExecutionHelper.executeQuery(QueryExecutionHelper.java:118)
	at org.eclipse.birt.report.data.adapter.impl.QueryExecutionHelper.executeQuery(QueryExecutionHelper.java:102)
	at org.eclipse.birt.report.data.adapter.impl.DataSetMetaDataHelper.getRuntimeMetaData(DataSetMetaDataHelper.java:194)
	at org.eclipse.birt.report.data.adapter.impl.DataSetMetaDataHelper.getRealMetaData(DataSetMetaDataHelper.java:153)
	at org.eclipse.birt.report.data.adapter.impl.DataSetMetaDataHelper.getDataSetMetaData(DataSetMetaDataHelper.java:115)
	at org.eclipse.birt.report.data.adapter.impl.DataSetMetaDataHelper.refreshMetaData(DataSetMetaDataHelper.java:376)
	at org.eclipse.birt.report.data.adapter.impl.DataRequestSessionImpl.refreshMetaData(DataRequestSessionImpl.java:415)
	at org.eclipse.birt.report.designer.data.ui.dataset.ExternalUIUtil.updateColumnCache(ExternalUIUtil.java:108)
	at org.eclipse.birt.report.designer.data.ui.providers.DefaultDataServiceProvider.updateColumnCache(DefaultDataServiceProvider.java:107)
	at org.eclipse.birt.report.designer.internal.ui.data.DataService.updateColumnCache(DataService.java:137)
	at org.eclipse.birt.report.designer.data.ui.dataset.DataSetUIUtil.updateColumnCache(DataSetUIUtil.java:98)
	at org.eclipse.birt.report.designer.data.ui.dataset.DataSetUIUtil.getCachedMetaDataHandle(DataSetUIUtil.java:181)
	at org.eclipse.birt.report.designer.internal.ui.views.data.providers.DataSetNodeProvider.getChildren(DataSetNodeProvider.java:91)
	at org.eclipse.birt.report.designer.internal.ui.views.ViewsTreeProvider.getChildren(ViewsTreeProvider.java:41)
	at org.eclipse.jface.viewers.AbstractTreeViewer.getRawChildren(AbstractTreeViewer.java:1359)
	at org.eclipse.jface.viewers.TreeViewer.getRawChildren(TreeViewer.java:391)
	at org.eclipse.jface.viewers.StructuredViewer.getFilteredChildren(StructuredViewer.java:917)
	at org.eclipse.jface.viewers.AbstractTreeViewer.getSortedChildren(AbstractTreeViewer.java:605)
	at org.eclipse.jface.viewers.AbstractTreeViewer$1.run(AbstractTreeViewer.java:805)
	at org.eclipse.swt.custom.BusyIndicator.showWhile(BusyIndicator.java:70)
	at org.eclipse.jface.viewers.AbstractTreeViewer.createChildren(AbstractTreeViewer.java:782)
	at org.eclipse.jface.viewers.TreeViewer.createChildren(TreeViewer.java:644)
	at org.eclipse.jface.viewers.AbstractTreeViewer.createChildren(AbstractTreeViewer.java:753)
	at org.eclipse.jface.viewers.AbstractTreeViewer.handleTreeExpand(AbstractTreeViewer.java:1485)
	at org.eclipse.jface.viewers.TreeViewer.handleTreeExpand(TreeViewer.java:952)
	at org.eclipse.jface.viewers.AbstractTreeViewer$4.treeExpanded(AbstractTreeViewer.java:1496)
	at org.eclipse.swt.widgets.TypedListener.handleEvent(TypedListener.java:132)
	at org.eclipse.swt.widgets.EventTable.sendEvent(EventTable.java:84)
	at org.eclipse.swt.widgets.Widget.sendEvent(Widget.java:1053)
	at org.eclipse.swt.widgets.Widget.sendEvent(Widget.java:1077)
	at org.eclipse.swt.widgets.Widget.sendEvent(Widget.java:1062)
	at org.eclipse.swt.widgets.Tree.wmNotifyChild(Tree.java:7538)
	at org.eclipse.swt.widgets.Control.wmNotify(Control.java:5534)
	at org.eclipse.swt.widgets.Composite.wmNotify(Composite.java:1896)
	at org.eclipse.swt.widgets.Control.WM_NOTIFY(Control.java:5086)
	at org.eclipse.swt.widgets.Control.windowProc(Control.java:4584)
	at org.eclipse.swt.widgets.Display.windowProc(Display.java:4972)
	at org.eclipse.swt.internal.win32.OS.CallWindowProcW(Native Method)
	at org.eclipse.swt.internal.win32.OS.CallWindowProc(OS.java:2425)
	at org.eclipse.swt.widgets.Tree.callWindowProc(Tree.java:1533)
	at org.eclipse.swt.widgets.Tree.WM_LBUTTONDOWN(Tree.java:6411)
	at org.eclipse.swt.widgets.Control.windowProc(Control.java:4564)
	at org.eclipse.swt.widgets.Tree.windowProc(Tree.java:5937)
	at org.eclipse.swt.widgets.Display.windowProc(Display.java:4972)
	at org.eclipse.swt.internal.win32.OS.DispatchMessageW(Native Method)
	at org.eclipse.swt.internal.win32.OS.DispatchMessage(OS.java:2531)
	at org.eclipse.swt.widgets.Display.readAndDispatch(Display.java:3752)
	at org.eclipse.ui.internal.Workbench.runEventLoop(Workbench.java:2701)
	at org.eclipse.ui.internal.Workbench.runUI(Workbench.java:2665)
	at org.eclipse.ui.internal.Workbench.access$4(Workbench.java:2499)
	at org.eclipse.ui.internal.Workbench$7.run(Workbench.java:679)
	at org.eclipse.core.databinding.observable.Realm.runWithDefault(Realm.java:332)
	at org.eclipse.ui.internal.Workbench.createAndRunWorkbench(Workbench.java:668)
	at org.eclipse.ui.PlatformUI.createAndRunWorkbench(PlatformUI.java:149)
	at org.eclipse.ui.internal.ide.application.IDEApplication.start(IDEApplication.java:123)
	at org.eclipse.equinox.internal.app.EclipseAppHandle.run(EclipseAppHandle.java:196)
	at org.eclipse.core.runtime.internal.adaptor.EclipseAppLauncher.runApplication(EclipseAppLauncher.java:110)
	at org.eclipse.core.runtime.internal.adaptor.EclipseAppLauncher.start(EclipseAppLauncher.java:79)
	at org.eclipse.core.runtime.adaptor.EclipseStarter.run(EclipseStarter.java:344)
	at org.eclipse.core.runtime.adaptor.EclipseStarter.run(EclipseStarter.java:179)
	at sun.reflect.NativeMethodAccessorImpl.invoke0(Native Method)
	at sun.reflect.NativeMethodAccessorImpl.invoke(Unknown Source)
	at sun.reflect.DelegatingMethodAccessorImpl.invoke(Unknown Source)
	at java.lang.reflect.Method.invoke(Unknown Source)
	at org.eclipse.equinox.launcher.Main.invokeFramework(Main.java:622)
	at org.eclipse.equinox.launcher.Main.basicRun(Main.java:577)
	at org.eclipse.equinox.launcher.Main.run(Main.java:1410)
Caused by: java.sql.SQLException: Parameter metadata not available for the given statement
	at com.mysql.jdbc.SQLError.createSQLException(SQLError.java:1073)
	at com.mysql.jdbc.SQLError.createSQLException(SQLError.java:987)
	at com.mysql.jdbc.SQLError.createSQLException(SQLError.java:982)
	at com.mysql.jdbc.SQLError.createSQLException(SQLError.java:927)
	at com.mysql.jdbc.MysqlParameterMetadata.checkAvailable(MysqlParameterMetadata.java:70)
	at com.mysql.jdbc.MysqlParameterMetadata.getParameterType(MysqlParameterMetadata.java:119)
	at org.eclipse.birt.report.data.oda.jdbc.ParameterMetaData.getParameterType(ParameterMetaData.java:155)
	... 89 more

Nov 14, 2012 5:37:29 PM org.eclipse.birt.data.engine.odaconsumer.PreparedStatement doSetNull( int )
SEVERE: Cannot set a null value to parameter 2.
org.eclipse.birt.report.data.oda.jdbc.JDBCException: Cannot set preparedStatement null value.
SQL error #1:Parameter metadata not available for the given statement
 ;
    java.sql.SQLException: Parameter metadata not available for the given statement
	at org.eclipse.birt.report.data.oda.jdbc.Statement.setNull(Statement.java:867)
	at org.eclipse.datatools.connectivity.oda.consumer.helper.OdaQuery.setNull(OdaQuery.java:1212)
	at org.eclipse.birt.data.engine.odaconsumer.PreparedStatement.doSetNull(PreparedStatement.java:4646)
	at org.eclipse.birt.data.engine.odaconsumer.PreparedStatement.setNull(PreparedStatement.java:4173)
	at org.eclipse.birt.data.engine.odaconsumer.PreparedStatement.setParameterValue(PreparedStatement.java:3113)
	at org.eclipse.birt.data.engine.odaconsumer.PreparedStatement.setParameterValue(PreparedStatement.java:3070)
	at org.eclipse.birt.data.engine.executor.DataSourceQuery.setInputParameterBinding(DataSourceQuery.java:1124)
	at org.eclipse.birt.data.engine.executor.DataSourceQuery.addParameterDefns(DataSourceQuery.java:572)
	at org.eclipse.birt.data.engine.executor.DataSourceQuery.prepare(DataSourceQuery.java:290)
	at org.eclipse.birt.data.engine.impl.PreparedOdaDSQuery$OdaDSQueryExecutor.prepareOdiQuery(PreparedOdaDSQuery.java:442)
	at org.eclipse.birt.data.engine.impl.QueryExecutor.prepareExecution(QueryExecutor.java:341)
	at org.eclipse.birt.data.engine.impl.PreparedQuery.doPrepare(PreparedQuery.java:455)
	at org.eclipse.birt.data.engine.impl.PreparedDataSourceQuery.produceQueryResults(PreparedDataSourceQuery.java:190)
	at org.eclipse.birt.data.engine.impl.PreparedDataSourceQuery.execute(PreparedDataSourceQuery.java:178)
	at org.eclipse.birt.data.engine.impl.PreparedOdaDSQuery.execute(PreparedOdaDSQuery.java:145)
	at org.eclipse.birt.data.engine.impl.PreparedDataSourceQuery.execute(PreparedDataSourceQuery.java:159)
	at org.eclipse.birt.data.engine.impl.PreparedDataSourceQuery.execute(PreparedDataSourceQuery.java:142)
	at org.eclipse.birt.report.data.adapter.impl.QueryExecutionHelper.executeQuery(QueryExecutionHelper.java:136)
	at org.eclipse.birt.report.data.adapter.impl.QueryExecutionHelper.executeQuery(QueryExecutionHelper.java:118)
	at org.eclipse.birt.report.data.adapter.impl.QueryExecutionHelper.executeQuery(QueryExecutionHelper.java:102)
	at org.eclipse.birt.report.data.adapter.impl.DataSetMetaDataHelper.getRuntimeMetaData(DataSetMetaDataHelper.java:194)
	at org.eclipse.birt.report.data.adapter.impl.DataSetMetaDataHelper.getRealMetaData(DataSetMetaDataHelper.java:153)
	at org.eclipse.birt.report.data.adapter.impl.DataSetMetaDataHelper.getDataSetMetaData(DataSetMetaDataHelper.java:115)
	at org.eclipse.birt.report.data.adapter.impl.DataSetMetaDataHelper.refreshMetaData(DataSetMetaDataHelper.java:376)
	at org.eclipse.birt.report.data.adapter.impl.DataRequestSessionImpl.refreshMetaData(DataRequestSessionImpl.java:415)
	at org.eclipse.birt.report.designer.data.ui.dataset.ExternalUIUtil.updateColumnCache(ExternalUIUtil.java:108)
	at org.eclipse.birt.report.designer.data.ui.providers.DefaultDataServiceProvider.updateColumnCache(DefaultDataServiceProvider.java:107)
	at org.eclipse.birt.report.designer.internal.ui.data.DataService.updateColumnCache(DataService.java:137)
	at org.eclipse.birt.report.designer.data.ui.dataset.DataSetUIUtil.updateColumnCache(DataSetUIUtil.java:98)
	at org.eclipse.birt.report.designer.data.ui.dataset.DataSetUIUtil.getCachedMetaDataHandle(DataSetUIUtil.java:181)
	at org.eclipse.birt.report.designer.internal.ui.views.data.providers.DataSetNodeProvider.getChildren(DataSetNodeProvider.java:91)
	at org.eclipse.birt.report.designer.internal.ui.views.ViewsTreeProvider.getChildren(ViewsTreeProvider.java:41)
	at org.eclipse.jface.viewers.AbstractTreeViewer.getRawChildren(AbstractTreeViewer.java:1359)
	at org.eclipse.jface.viewers.TreeViewer.getRawChildren(TreeViewer.java:391)
	at org.eclipse.jface.viewers.StructuredViewer.getFilteredChildren(StructuredViewer.java:917)
	at org.eclipse.jface.viewers.AbstractTreeViewer.getSortedChildren(AbstractTreeViewer.java:605)
	at org.eclipse.jface.viewers.AbstractTreeViewer$1.run(AbstractTreeViewer.java:805)
	at org.eclipse.swt.custom.BusyIndicator.showWhile(BusyIndicator.java:70)
	at org.eclipse.jface.viewers.AbstractTreeViewer.createChildren(AbstractTreeViewer.java:782)
	at org.eclipse.jface.viewers.TreeViewer.createChildren(TreeViewer.java:644)
	at org.eclipse.jface.viewers.AbstractTreeViewer.createChildren(AbstractTreeViewer.java:753)
	at org.eclipse.jface.viewers.AbstractTreeViewer.handleTreeExpand(AbstractTreeViewer.java:1485)
	at org.eclipse.jface.viewers.TreeViewer.handleTreeExpand(TreeViewer.java:952)
	at org.eclipse.jface.viewers.AbstractTreeViewer$4.treeExpanded(AbstractTreeViewer.java:1496)
	at org.eclipse.swt.widgets.TypedListener.handleEvent(TypedListener.java:132)
	at org.eclipse.swt.widgets.EventTable.sendEvent(EventTable.java:84)
	at org.eclipse.swt.widgets.Widget.sendEvent(Widget.java:1053)
	at org.eclipse.swt.widgets.Widget.sendEvent(Widget.java:1077)
	at org.eclipse.swt.widgets.Widget.sendEvent(Widget.java:1062)
	at org.eclipse.swt.widgets.Tree.wmNotifyChild(Tree.java:7538)
	at org.eclipse.swt.widgets.Control.wmNotify(Control.java:5534)
	at org.eclipse.swt.widgets.Composite.wmNotify(Composite.java:1896)
	at org.eclipse.swt.widgets.Control.WM_NOTIFY(Control.java:5086)
	at org.eclipse.swt.widgets.Control.windowProc(Control.java:4584)
	at org.eclipse.swt.widgets.Display.windowProc(Display.java:4972)
	at org.eclipse.swt.internal.win32.OS.CallWindowProcW(Native Method)
	at org.eclipse.swt.internal.win32.OS.CallWindowProc(OS.java:2425)
	at org.eclipse.swt.widgets.Tree.callWindowProc(Tree.java:1533)
	at org.eclipse.swt.widgets.Tree.WM_LBUTTONDOWN(Tree.java:6411)
	at org.eclipse.swt.widgets.Control.windowProc(Control.java:4564)
	at org.eclipse.swt.widgets.Tree.windowProc(Tree.java:5937)
	at org.eclipse.swt.widgets.Display.windowProc(Display.java:4972)
	at org.eclipse.swt.internal.win32.OS.DispatchMessageW(Native Method)
	at org.eclipse.swt.internal.win32.OS.DispatchMessage(OS.java:2531)
	at org.eclipse.swt.widgets.Display.readAndDispatch(Display.java:3752)
	at org.eclipse.ui.internal.Workbench.runEventLoop(Workbench.java:2701)
	at org.eclipse.ui.internal.Workbench.runUI(Workbench.java:2665)
	at org.eclipse.ui.internal.Workbench.access$4(Workbench.java:2499)
	at org.eclipse.ui.internal.Workbench$7.run(Workbench.java:679)
	at org.eclipse.core.databinding.observable.Realm.runWithDefault(Realm.java:332)
	at org.eclipse.ui.internal.Workbench.createAndRunWorkbench(Workbench.java:668)
	at org.eclipse.ui.PlatformUI.createAndRunWorkbench(PlatformUI.java:149)
	at org.eclipse.ui.internal.ide.application.IDEApplication.start(IDEApplication.java:123)
	at org.eclipse.equinox.internal.app.EclipseAppHandle.run(EclipseAppHandle.java:196)
	at org.eclipse.core.runtime.internal.adaptor.EclipseAppLauncher.runApplication(EclipseAppLauncher.java:110)
	at org.eclipse.core.runtime.internal.adaptor.EclipseAppLauncher.start(EclipseAppLauncher.java:79)
	at org.eclipse.core.runtime.adaptor.EclipseStarter.run(EclipseStarter.java:344)
	at org.eclipse.core.runtime.adaptor.EclipseStarter.run(EclipseStarter.java:179)
	at sun.reflect.NativeMethodAccessorImpl.invoke0(Native Method)
	at sun.reflect.NativeMethodAccessorImpl.invoke(Unknown Source)
	at sun.reflect.DelegatingMethodAccessorImpl.invoke(Unknown Source)
	at java.lang.reflect.Method.invoke(Unknown Source)
	at org.eclipse.equinox.launcher.Main.invokeFramework(Main.java:622)
	at org.eclipse.equinox.launcher.Main.basicRun(Main.java:577)
	at org.eclipse.equinox.launcher.Main.run(Main.java:1410)
Caused by: java.sql.SQLException: Parameter metadata not available for the given statement
	at com.mysql.jdbc.SQLError.createSQLException(SQLError.java:1073)
	at com.mysql.jdbc.SQLError.createSQLException(SQLError.java:987)
	at com.mysql.jdbc.SQLError.createSQLException(SQLError.java:982)
	at com.mysql.jdbc.SQLError.createSQLException(SQLError.java:927)
	at com.mysql.jdbc.MysqlParameterMetadata.checkAvailable(MysqlParameterMetadata.java:70)
	at com.mysql.jdbc.MysqlParameterMetadata.getParameterType(MysqlParameterMetadata.java:119)
	at org.eclipse.birt.report.data.oda.jdbc.Statement.setNull(Statement.java:862)
	... 84 more

Nov 14, 2012 5:37:29 PM org.eclipse.birt.data.engine.odaconsumer.ParameterMetaData getRuntimeParameterType
SEVERE: Cannot get the type for parameter: 1.
org.eclipse.birt.report.data.oda.jdbc.JDBCException: Cannot get parameter type.
SQL error #1:Parameter metadata not available for the given statement
 ;
    java.sql.SQLException: Parameter metadata not available for the given statement
	at org.eclipse.birt.report.data.oda.jdbc.ParameterMetaData.getParameterType(ParameterMetaData.java:159)
	at org.eclipse.datatools.connectivity.oda.consumer.helper.OdaParameterMetaData.getParameterType(OdaParameterMetaData.java:177)
	at org.eclipse.birt.data.engine.odaconsumer.ParameterMetaData.getRuntimeParameterType(ParameterMetaData.java:233)
	at org.eclipse.birt.data.engine.odaconsumer.ParameterMetaData.<init>(ParameterMetaData.java:97)
	at org.eclipse.birt.data.engine.odaconsumer.PreparedStatement.mergeParamHintsWithMetaData(PreparedStatement.java:1674)
	at org.eclipse.birt.data.engine.odaconsumer.PreparedStatement.getParameterMetaData(PreparedStatement.java:1525)
	at org.eclipse.birt.data.engine.odaconsumer.PreparedStatement.getParameterMetaData(PreparedStatement.java:1539)
	at org.eclipse.birt.data.engine.odaconsumer.PreparedStatement.getParameterType(PreparedStatement.java:798)
	at org.eclipse.birt.data.engine.odaconsumer.PreparedStatement.retrySetParameterValue(PreparedStatement.java:3211)
	at org.eclipse.birt.data.engine.odaconsumer.PreparedStatement.setParameterValue(PreparedStatement.java:3188)
	at org.eclipse.birt.data.engine.odaconsumer.PreparedStatement.setParameterValue(PreparedStatement.java:3070)
	at org.eclipse.birt.data.engine.executor.DataSourceQuery.setInputParameterBinding(DataSourceQuery.java:1124)
	at org.eclipse.birt.data.engine.executor.DataSourceQuery.addParameterDefns(DataSourceQuery.java:572)
	at org.eclipse.birt.data.engine.executor.DataSourceQuery.prepare(DataSourceQuery.java:290)
	at org.eclipse.birt.data.engine.impl.PreparedOdaDSQuery$OdaDSQueryExecutor.prepareOdiQuery(PreparedOdaDSQuery.java:442)
	at org.eclipse.birt.data.engine.impl.QueryExecutor.prepareExecution(QueryExecutor.java:341)
	at org.eclipse.birt.data.engine.impl.PreparedQuery.doPrepare(PreparedQuery.java:455)
	at org.eclipse.birt.data.engine.impl.PreparedDataSourceQuery.produceQueryResults(PreparedDataSourceQuery.java:190)
	at org.eclipse.birt.data.engine.impl.PreparedDataSourceQuery.execute(PreparedDataSourceQuery.java:178)
	at org.eclipse.birt.data.engine.impl.PreparedOdaDSQuery.execute(PreparedOdaDSQuery.java:145)
	at org.eclipse.birt.data.engine.impl.PreparedDataSourceQuery.execute(PreparedDataSourceQuery.java:159)
	at org.eclipse.birt.data.engine.impl.PreparedDataSourceQuery.execute(PreparedDataSourceQuery.java:142)
	at org.eclipse.birt.report.data.adapter.impl.QueryExecutionHelper.executeQuery(QueryExecutionHelper.java:136)
	at org.eclipse.birt.report.data.adapter.impl.QueryExecutionHelper.executeQuery(QueryExecutionHelper.java:118)
	at org.eclipse.birt.report.data.adapter.impl.QueryExecutionHelper.executeQuery(QueryExecutionHelper.java:102)
	at org.eclipse.birt.report.data.adapter.impl.DataSetMetaDataHelper.getRuntimeMetaData(DataSetMetaDataHelper.java:194)
	at org.eclipse.birt.report.data.adapter.impl.DataSetMetaDataHelper.getRealMetaData(DataSetMetaDataHelper.java:153)
	at org.eclipse.birt.report.data.adapter.impl.DataSetMetaDataHelper.getDataSetMetaData(DataSetMetaDataHelper.java:115)
	at org.eclipse.birt.report.data.adapter.impl.DataSetMetaDataHelper.refreshMetaData(DataSetMetaDataHelper.java:376)
	at org.eclipse.birt.report.data.adapter.impl.DataRequestSessionImpl.refreshMetaData(DataRequestSessionImpl.java:415)
	at org.eclipse.birt.report.designer.data.ui.dataset.ExternalUIUtil.updateColumnCache(ExternalUIUtil.java:108)
	at org.eclipse.birt.report.designer.data.ui.providers.DefaultDataServiceProvider.updateColumnCache(DefaultDataServiceProvider.java:107)
	at org.eclipse.birt.report.designer.internal.ui.data.DataService.updateColumnCache(DataService.java:137)
	at org.eclipse.birt.report.designer.data.ui.dataset.DataSetUIUtil.updateColumnCache(DataSetUIUtil.java:98)
	at org.eclipse.birt.report.designer.data.ui.dataset.DataSetUIUtil.getCachedMetaDataHandle(DataSetUIUtil.java:181)
	at org.eclipse.birt.report.designer.internal.ui.views.data.providers.DataSetNodeProvider.getChildren(DataSetNodeProvider.java:91)
	at org.eclipse.birt.report.designer.internal.ui.views.ViewsTreeProvider.getChildren(ViewsTreeProvider.java:41)
	at org.eclipse.jface.viewers.AbstractTreeViewer.getRawChildren(AbstractTreeViewer.java:1359)
	at org.eclipse.jface.viewers.TreeViewer.getRawChildren(TreeViewer.java:391)
	at org.eclipse.jface.viewers.StructuredViewer.getFilteredChildren(StructuredViewer.java:917)
	at org.eclipse.jface.viewers.AbstractTreeViewer.getSortedChildren(AbstractTreeViewer.java:605)
	at org.eclipse.jface.viewers.AbstractTreeViewer$1.run(AbstractTreeViewer.java:805)
	at org.eclipse.swt.custom.BusyIndicator.showWhile(BusyIndicator.java:70)
	at org.eclipse.jface.viewers.AbstractTreeViewer.createChildren(AbstractTreeViewer.java:782)
	at org.eclipse.jface.viewers.TreeViewer.createChildren(TreeViewer.java:644)
	at org.eclipse.jface.viewers.AbstractTreeViewer.createChildren(AbstractTreeViewer.java:753)
	at org.eclipse.jface.viewers.AbstractTreeViewer.handleTreeExpand(AbstractTreeViewer.java:1485)
	at org.eclipse.jface.viewers.TreeViewer.handleTreeExpand(TreeViewer.java:952)
	at org.eclipse.jface.viewers.AbstractTreeViewer$4.treeExpanded(AbstractTreeViewer.java:1496)
	at org.eclipse.swt.widgets.TypedListener.handleEvent(TypedListener.java:132)
	at org.eclipse.swt.widgets.EventTable.sendEvent(EventTable.java:84)
	at org.eclipse.swt.widgets.Widget.sendEvent(Widget.java:1053)
	at org.eclipse.swt.widgets.Widget.sendEvent(Widget.java:1077)
	at org.eclipse.swt.widgets.Widget.sendEvent(Widget.java:1062)
	at org.eclipse.swt.widgets.Tree.wmNotifyChild(Tree.java:7538)
	at org.eclipse.swt.widgets.Control.wmNotify(Control.java:5534)
	at org.eclipse.swt.widgets.Composite.wmNotify(Composite.java:1896)
	at org.eclipse.swt.widgets.Control.WM_NOTIFY(Control.java:5086)
	at org.eclipse.swt.widgets.Control.windowProc(Control.java:4584)
	at org.eclipse.swt.widgets.Display.windowProc(Display.java:4972)
	at org.eclipse.swt.internal.win32.OS.CallWindowProcW(Native Method)
	at org.eclipse.swt.internal.win32.OS.CallWindowProc(OS.java:2425)
	at org.eclipse.swt.widgets.Tree.callWindowProc(Tree.java:1533)
	at org.eclipse.swt.widgets.Tree.WM_LBUTTONDOWN(Tree.java:6411)
	at org.eclipse.swt.widgets.Control.windowProc(Control.java:4564)
	at org.eclipse.swt.widgets.Tree.windowProc(Tree.java:5937)
	at org.eclipse.swt.widgets.Display.windowProc(Display.java:4972)
	at org.eclipse.swt.internal.win32.OS.DispatchMessageW(Native Method)
	at org.eclipse.swt.internal.win32.OS.DispatchMessage(OS.java:2531)
	at org.eclipse.swt.widgets.Display.readAndDispatch(Display.java:3752)
	at org.eclipse.ui.internal.Workbench.runEventLoop(Workbench.java:2701)
	at org.eclipse.ui.internal.Workbench.runUI(Workbench.java:2665)
	at org.eclipse.ui.internal.Workbench.access$4(Workbench.java:2499)
	at org.eclipse.ui.internal.Workbench$7.run(Workbench.java:679)
	at org.eclipse.core.databinding.observable.Realm.runWithDefault(Realm.java:332)
	at org.eclipse.ui.internal.Workbench.createAndRunWorkbench(Workbench.java:668)
	at org.eclipse.ui.PlatformUI.createAndRunWorkbench(PlatformUI.java:149)
	at org.eclipse.ui.internal.ide.application.IDEApplication.start(IDEApplication.java:123)
	at org.eclipse.equinox.internal.app.EclipseAppHandle.run(EclipseAppHandle.java:196)
	at org.eclipse.core.runtime.internal.adaptor.EclipseAppLauncher.runApplication(EclipseAppLauncher.java:110)
	at org.eclipse.core.runtime.internal.adaptor.EclipseAppLauncher.start(EclipseAppLauncher.java:79)
	at org.eclipse.core.runtime.adaptor.EclipseStarter.run(EclipseStarter.java:344)
	at org.eclipse.core.runtime.adaptor.EclipseStarter.run(EclipseStarter.java:179)
	at sun.reflect.NativeMethodAccessorImpl.invoke0(Native Method)
	at sun.reflect.NativeMethodAccessorImpl.invoke(Unknown Source)
	at sun.reflect.DelegatingMethodAccessorImpl.invoke(Unknown Source)
	at java.lang.reflect.Method.invoke(Unknown Source)
	at org.eclipse.equinox.launcher.Main.invokeFramework(Main.java:622)
	at org.eclipse.equinox.launcher.Main.basicRun(Main.java:577)
	at org.eclipse.equinox.launcher.Main.run(Main.java:1410)
Caused by: java.sql.SQLException: Parameter metadata not available for the given statement
	at com.mysql.jdbc.SQLError.createSQLException(SQLError.java:1073)
	at com.mysql.jdbc.SQLError.createSQLException(SQLError.java:987)
	at com.mysql.jdbc.SQLError.createSQLException(SQLError.java:982)
	at com.mysql.jdbc.SQLError.createSQLException(SQLError.java:927)
	at com.mysql.jdbc.MysqlParameterMetadata.checkAvailable(MysqlParameterMetadata.java:70)
	at com.mysql.jdbc.MysqlParameterMetadata.getParameterType(MysqlParameterMetadata.java:119)
	at org.eclipse.birt.report.data.oda.jdbc.ParameterMetaData.getParameterType(ParameterMetaData.java:155)
	... 89 more

Nov 14, 2012 5:37:29 PM org.eclipse.birt.data.engine.odaconsumer.PreparedStatement getRuntimeMetaData
SEVERE: Cannot get the result set metadata.
org.eclipse.birt.report.data.oda.jdbc.JDBCException: SQL statement does not return a ResultSet object.
SQL error #1:Unknown column 'y.open_bas_cost' in 'field list'
 ;
    com.mysql.jdbc.exceptions.jdbc4.MySQLSyntaxErrorException: Unknown column 'y.open_bas_cost' in 'field list'
	at org.eclipse.birt.report.data.oda.jdbc.Statement.executeQuery(Statement.java:464)
	at org.eclipse.birt.report.data.oda.jdbc.Statement.getMetaUsingPolicy1(Statement.java:403)
	at org.eclipse.birt.report.data.oda.jdbc.Statement.getMetaData(Statement.java:303)
	at org.eclipse.birt.report.data.oda.jdbc.bidi.BidiStatement.getMetaData(BidiStatement.java:56)
	at org.eclipse.datatools.connectivity.oda.consumer.helper.OdaQuery.doGetMetaData(OdaQuery.java:412)
	at org.eclipse.datatools.connectivity.oda.consumer.helper.OdaQuery.getMetaData(OdaQuery.java:379)
	at org.eclipse.birt.data.engine.odaconsumer.PreparedStatement.getRuntimeMetaData(PreparedStatement.java:407)
	at org.eclipse.birt.data.engine.odaconsumer.PreparedStatement.getProjectedColumns(PreparedStatement.java:377)
	at org.eclipse.birt.data.engine.odaconsumer.PreparedStatement.doGetMetaData(PreparedStatement.java:347)
	at org.eclipse.birt.data.engine.odaconsumer.PreparedStatement.getMetaData(PreparedStatement.java:334)
	at org.eclipse.birt.data.engine.executor.DataSourceQuery.getMetaData(DataSourceQuery.java:420)
	at org.eclipse.birt.data.engine.executor.DataSourceQuery.prepare(DataSourceQuery.java:340)
	at org.eclipse.birt.data.engine.impl.PreparedOdaDSQuery$OdaDSQueryExecutor.prepareOdiQuery(PreparedOdaDSQuery.java:442)
	at org.eclipse.birt.data.engine.impl.QueryExecutor.prepareExecution(QueryExecutor.java:341)
	at org.eclipse.birt.data.engine.impl.PreparedQuery.doPrepare(PreparedQuery.java:455)
	at org.eclipse.birt.data.engine.impl.PreparedDataSourceQuery.produceQueryResults(PreparedDataSourceQuery.java:190)
	at org.eclipse.birt.data.engine.impl.PreparedDataSourceQuery.execute(PreparedDataSourceQuery.java:178)
	at org.eclipse.birt.data.engine.impl.PreparedOdaDSQuery.execute(PreparedOdaDSQuery.java:145)
	at org.eclipse.birt.data.engine.impl.PreparedDataSourceQuery.execute(PreparedDataSourceQuery.java:159)
	at org.eclipse.birt.data.engine.impl.PreparedDataSourceQuery.execute(PreparedDataSourceQuery.java:142)
	at org.eclipse.birt.report.data.adapter.impl.QueryExecutionHelper.executeQuery(QueryExecutionHelper.java:136)
	at org.eclipse.birt.report.data.adapter.impl.QueryExecutionHelper.executeQuery(QueryExecutionHelper.java:118)
	at org.eclipse.birt.report.data.adapter.impl.QueryExecutionHelper.executeQuery(QueryExecutionHelper.java:102)
	at org.eclipse.birt.report.data.adapter.impl.DataSetMetaDataHelper.getRuntimeMetaData(DataSetMetaDataHelper.java:194)
	at org.eclipse.birt.report.data.adapter.impl.DataSetMetaDataHelper.getRealMetaData(DataSetMetaDataHelper.java:153)
	at org.eclipse.birt.report.data.adapter.impl.DataSetMetaDataHelper.getDataSetMetaData(DataSetMetaDataHelper.java:115)
	at org.eclipse.birt.report.data.adapter.impl.DataSetMetaDataHelper.refreshMetaData(DataSetMetaDataHelper.java:376)
	at org.eclipse.birt.report.data.adapter.impl.DataRequestSessionImpl.refreshMetaData(DataRequestSessionImpl.java:415)
	at org.eclipse.birt.report.designer.data.ui.dataset.ExternalUIUtil.updateColumnCache(ExternalUIUtil.java:108)
	at org.eclipse.birt.report.designer.data.ui.providers.DefaultDataServiceProvider.updateColumnCache(DefaultDataServiceProvider.java:107)
	at org.eclipse.birt.report.designer.internal.ui.data.DataService.updateColumnCache(DataService.java:137)
	at org.eclipse.birt.report.designer.data.ui.dataset.DataSetUIUtil.updateColumnCache(DataSetUIUtil.java:98)
	at org.eclipse.birt.report.designer.data.ui.dataset.DataSetUIUtil.getCachedMetaDataHandle(DataSetUIUtil.java:181)
	at org.eclipse.birt.report.designer.internal.ui.views.data.providers.DataSetNodeProvider.getChildren(DataSetNodeProvider.java:91)
	at org.eclipse.birt.report.designer.internal.ui.views.ViewsTreeProvider.getChildren(ViewsTreeProvider.java:41)
	at org.eclipse.jface.viewers.AbstractTreeViewer.getRawChildren(AbstractTreeViewer.java:1359)
	at org.eclipse.jface.viewers.TreeViewer.getRawChildren(TreeViewer.java:391)
	at org.eclipse.jface.viewers.StructuredViewer.getFilteredChildren(StructuredViewer.java:917)
	at org.eclipse.jface.viewers.AbstractTreeViewer.getSortedChildren(AbstractTreeViewer.java:605)
	at org.eclipse.jface.viewers.AbstractTreeViewer$1.run(AbstractTreeViewer.java:805)
	at org.eclipse.swt.custom.BusyIndicator.showWhile(BusyIndicator.java:70)
	at org.eclipse.jface.viewers.AbstractTreeViewer.createChildren(AbstractTreeViewer.java:782)
	at org.eclipse.jface.viewers.TreeViewer.createChildren(TreeViewer.java:644)
	at org.eclipse.jface.viewers.AbstractTreeViewer.createChildren(AbstractTreeViewer.java:753)
	at org.eclipse.jface.viewers.AbstractTreeViewer.handleTreeExpand(AbstractTreeViewer.java:1485)
	at org.eclipse.jface.viewers.TreeViewer.handleTreeExpand(TreeViewer.java:952)
	at org.eclipse.jface.viewers.AbstractTreeViewer$4.treeExpanded(AbstractTreeViewer.java:1496)
	at org.eclipse.swt.widgets.TypedListener.handleEvent(TypedListener.java:132)
	at org.eclipse.swt.widgets.EventTable.sendEvent(EventTable.java:84)
	at org.eclipse.swt.widgets.Widget.sendEvent(Widget.java:1053)
	at org.eclipse.swt.widgets.Widget.sendEvent(Widget.java:1077)
	at org.eclipse.swt.widgets.Widget.sendEvent(Widget.java:1062)
	at org.eclipse.swt.widgets.Tree.wmNotifyChild(Tree.java:7538)
	at org.eclipse.swt.widgets.Control.wmNotify(Control.java:5534)
	at org.eclipse.swt.widgets.Composite.wmNotify(Composite.java:1896)
	at org.eclipse.swt.widgets.Control.WM_NOTIFY(Control.java:5086)
	at org.eclipse.swt.widgets.Control.windowProc(Control.java:4584)
	at org.eclipse.swt.widgets.Display.windowProc(Display.java:4972)
	at org.eclipse.swt.internal.win32.OS.CallWindowProcW(Native Method)
	at org.eclipse.swt.internal.win32.OS.CallWindowProc(OS.java:2425)
	at org.eclipse.swt.widgets.Tree.callWindowProc(Tree.java:1533)
	at org.eclipse.swt.widgets.Tree.WM_LBUTTONDOWN(Tree.java:6411)
	at org.eclipse.swt.widgets.Control.windowProc(Control.java:4564)
	at org.eclipse.swt.widgets.Tree.windowProc(Tree.java:5937)
	at org.eclipse.swt.widgets.Display.windowProc(Display.java:4972)
	at org.eclipse.swt.internal.win32.OS.DispatchMessageW(Native Method)
	at org.eclipse.swt.internal.win32.OS.DispatchMessage(OS.java:2531)
	at org.eclipse.swt.widgets.Display.readAndDispatch(Display.java:3752)
	at org.eclipse.ui.internal.Workbench.runEventLoop(Workbench.java:2701)
	at org.eclipse.ui.internal.Workbench.runUI(Workbench.java:2665)
	at org.eclipse.ui.internal.Workbench.access$4(Workbench.java:2499)
	at org.eclipse.ui.internal.Workbench$7.run(Workbench.java:679)
	at org.eclipse.core.databinding.observable.Realm.runWithDefault(Realm.java:332)
	at org.eclipse.ui.internal.Workbench.createAndRunWorkbench(Workbench.java:668)
	at org.eclipse.ui.PlatformUI.createAndRunWorkbench(PlatformUI.java:149)
	at org.eclipse.ui.internal.ide.application.IDEApplication.start(IDEApplication.java:123)
	at org.eclipse.equinox.internal.app.EclipseAppHandle.run(EclipseAppHandle.java:196)
	at org.eclipse.core.runtime.internal.adaptor.EclipseAppLauncher.runApplication(EclipseAppLauncher.java:110)
	at org.eclipse.core.runtime.internal.adaptor.EclipseAppLauncher.start(EclipseAppLauncher.java:79)
	at org.eclipse.core.runtime.adaptor.EclipseStarter.run(EclipseStarter.java:344)
	at org.eclipse.core.runtime.adaptor.EclipseStarter.run(EclipseStarter.java:179)
	at sun.reflect.NativeMethodAccessorImpl.invoke0(Native Method)
	at sun.reflect.NativeMethodAccessorImpl.invoke(Unknown Source)
	at sun.reflect.DelegatingMethodAccessorImpl.invoke(Unknown Source)
	at java.lang.reflect.Method.invoke(Unknown Source)
	at org.eclipse.equinox.launcher.Main.invokeFramework(Main.java:622)
	at org.eclipse.equinox.launcher.Main.basicRun(Main.java:577)
	at org.eclipse.equinox.launcher.Main.run(Main.java:1410)
Caused by: com.mysql.jdbc.exceptions.jdbc4.MySQLSyntaxErrorException: Unknown column 'y.open_bas_cost' in 'field list'
	at sun.reflect.NativeConstructorAccessorImpl.newInstance0(Native Method)
	at sun.reflect.NativeConstructorAccessorImpl.newInstance(Unknown Source)
	at sun.reflect.DelegatingConstructorAccessorImpl.newInstance(Unknown Source)
	at java.lang.reflect.Constructor.newInstance(Unknown Source)
	at com.mysql.jdbc.Util.handleNewInstance(Util.java:411)
	at com.mysql.jdbc.Util.getInstance(Util.java:386)
	at com.mysql.jdbc.SQLError.createSQLException(SQLError.java:1052)
	at com.mysql.jdbc.MysqlIO.checkErrorPacket(MysqlIO.java:4098)
	at com.mysql.jdbc.MysqlIO.checkErrorPacket(MysqlIO.java:4030)
	at com.mysql.jdbc.MysqlIO.sendCommand(MysqlIO.java:2490)
	at com.mysql.jdbc.MysqlIO.sqlQueryDirect(MysqlIO.java:2651)
	at com.mysql.jdbc.ConnectionImpl.execSQL(ConnectionImpl.java:2677)
	at com.mysql.jdbc.PreparedStatement.executeInternal(PreparedStatement.java:2134)
	at com.mysql.jdbc.PreparedStatement.executeQuery(PreparedStatement.java:2300)
	at org.eclipse.birt.report.data.oda.jdbc.Statement.executeQuery(Statement.java:460)
	... 87 more

Nov 14, 2012 5:37:29 PM org.eclipse.birt.data.engine.odaconsumer.PreparedStatement doSetNull( int )
SEVERE: Cannot set a null value to parameter 1.
org.eclipse.birt.report.data.oda.jdbc.JDBCException: Cannot set preparedStatement null value.
SQL error #1:Parameter metadata not available for the given statement
 ;
    java.sql.SQLException: Parameter metadata not available for the given statement
	at org.eclipse.birt.report.data.oda.jdbc.Statement.setNull(Statement.java:867)
	at org.eclipse.datatools.connectivity.oda.consumer.helper.OdaQuery.setNull(OdaQuery.java:1212)
	at org.eclipse.birt.data.engine.odaconsumer.PreparedStatement.doSetNull(PreparedStatement.java:4646)
	at org.eclipse.birt.data.engine.odaconsumer.PreparedStatement.setNull(PreparedStatement.java:4173)
	at org.eclipse.birt.data.engine.odaconsumer.PreparedStatement.setParameterValue(PreparedStatement.java:3113)
	at org.eclipse.birt.data.engine.odaconsumer.PreparedStatement.setParameterValue(PreparedStatement.java:3070)
	at org.eclipse.birt.data.engine.executor.DataSourceQuery.setInputParameterBinding(DataSourceQuery.java:1124)
	at org.eclipse.birt.data.engine.executor.DataSourceQuery.execute(DataSourceQuery.java:879)
	at org.eclipse.birt.data.engine.impl.PreparedOdaDSQuery$OdaDSQueryExecutor.executeOdiQuery(PreparedOdaDSQuery.java:428)
	at org.eclipse.birt.data.engine.impl.QueryExecutor.execute(QueryExecutor.java:1134)
	at org.eclipse.birt.data.engine.impl.ServiceForQueryResults.executeQuery(ServiceForQueryResults.java:232)
	at org.eclipse.birt.data.engine.impl.QueryResults.getResultIterator(QueryResults.java:177)
	at org.eclipse.birt.data.engine.impl.QueryResults.getResultMetaData(QueryResults.java:132)
	at org.eclipse.birt.report.data.adapter.impl.DataSetMetaDataHelper.getRuntimeMetaData(DataSetMetaDataHelper.java:194)
	at org.eclipse.birt.report.data.adapter.impl.DataSetMetaDataHelper.getRealMetaData(DataSetMetaDataHelper.java:153)
	at org.eclipse.birt.report.data.adapter.impl.DataSetMetaDataHelper.getDataSetMetaData(DataSetMetaDataHelper.java:115)
	at org.eclipse.birt.report.data.adapter.impl.DataSetMetaDataHelper.refreshMetaData(DataSetMetaDataHelper.java:376)
	at org.eclipse.birt.report.data.adapter.impl.DataRequestSessionImpl.refreshMetaData(DataRequestSessionImpl.java:415)
	at org.eclipse.birt.report.designer.data.ui.dataset.ExternalUIUtil.updateColumnCache(ExternalUIUtil.java:108)
	at org.eclipse.birt.report.designer.data.ui.providers.DefaultDataServiceProvider.updateColumnCache(DefaultDataServiceProvider.java:107)
	at org.eclipse.birt.report.designer.internal.ui.data.DataService.updateColumnCache(DataService.java:137)
	at org.eclipse.birt.report.designer.data.ui.dataset.DataSetUIUtil.updateColumnCache(DataSetUIUtil.java:98)
	at org.eclipse.birt.report.designer.data.ui.dataset.DataSetUIUtil.getCachedMetaDataHandle(DataSetUIUtil.java:181)
	at org.eclipse.birt.report.designer.internal.ui.views.data.providers.DataSetNodeProvider.getChildren(DataSetNodeProvider.java:91)
	at org.eclipse.birt.report.designer.internal.ui.views.ViewsTreeProvider.getChildren(ViewsTreeProvider.java:41)
	at org.eclipse.jface.viewers.AbstractTreeViewer.getRawChildren(AbstractTreeViewer.java:1359)
	at org.eclipse.jface.viewers.TreeViewer.getRawChildren(TreeViewer.java:391)
	at org.eclipse.jface.viewers.StructuredViewer.getFilteredChildren(StructuredViewer.java:917)
	at org.eclipse.jface.viewers.AbstractTreeViewer.getSortedChildren(AbstractTreeViewer.java:605)
	at org.eclipse.jface.viewers.AbstractTreeViewer$1.run(AbstractTreeViewer.java:805)
	at org.eclipse.swt.custom.BusyIndicator.showWhile(BusyIndicator.java:70)
	at org.eclipse.jface.viewers.AbstractTreeViewer.createChildren(AbstractTreeViewer.java:782)
	at org.eclipse.jface.viewers.TreeViewer.createChildren(TreeViewer.java:644)
	at org.eclipse.jface.viewers.AbstractTreeViewer.createChildren(AbstractTreeViewer.java:753)
	at org.eclipse.jface.viewers.AbstractTreeViewer.handleTreeExpand(AbstractTreeViewer.java:1485)
	at org.eclipse.jface.viewers.TreeViewer.handleTreeExpand(TreeViewer.java:952)
	at org.eclipse.jface.viewers.AbstractTreeViewer$4.treeExpanded(AbstractTreeViewer.java:1496)
	at org.eclipse.swt.widgets.TypedListener.handleEvent(TypedListener.java:132)
	at org.eclipse.swt.widgets.EventTable.sendEvent(EventTable.java:84)
	at org.eclipse.swt.widgets.Widget.sendEvent(Widget.java:1053)
	at org.eclipse.swt.widgets.Widget.sendEvent(Widget.java:1077)
	at org.eclipse.swt.widgets.Widget.sendEvent(Widget.java:1062)
	at org.eclipse.swt.widgets.Tree.wmNotifyChild(Tree.java:7538)
	at org.eclipse.swt.widgets.Control.wmNotify(Control.java:5534)
	at org.eclipse.swt.widgets.Composite.wmNotify(Composite.java:1896)
	at org.eclipse.swt.widgets.Control.WM_NOTIFY(Control.java:5086)
	at org.eclipse.swt.widgets.Control.windowProc(Control.java:4584)
	at org.eclipse.swt.widgets.Display.windowProc(Display.java:4972)
	at org.eclipse.swt.internal.win32.OS.CallWindowProcW(Native Method)
	at org.eclipse.swt.internal.win32.OS.CallWindowProc(OS.java:2425)
	at org.eclipse.swt.widgets.Tree.callWindowProc(Tree.java:1533)
	at org.eclipse.swt.widgets.Tree.WM_LBUTTONDOWN(Tree.java:6411)
	at org.eclipse.swt.widgets.Control.windowProc(Control.java:4564)
	at org.eclipse.swt.widgets.Tree.windowProc(Tree.java:5937)
	at org.eclipse.swt.widgets.Display.windowProc(Display.java:4972)
	at org.eclipse.swt.internal.win32.OS.DispatchMessageW(Native Method)
	at org.eclipse.swt.internal.win32.OS.DispatchMessage(OS.java:2531)
	at org.eclipse.swt.widgets.Display.readAndDispatch(Display.java:3752)
	at org.eclipse.ui.internal.Workbench.runEventLoop(Workbench.java:2701)
	at org.eclipse.ui.internal.Workbench.runUI(Workbench.java:2665)
	at org.eclipse.ui.internal.Workbench.access$4(Workbench.java:2499)
	at org.eclipse.ui.internal.Workbench$7.run(Workbench.java:679)
	at org.eclipse.core.databinding.observable.Realm.runWithDefault(Realm.java:332)
	at org.eclipse.ui.internal.Workbench.createAndRunWorkbench(Workbench.java:668)
	at org.eclipse.ui.PlatformUI.createAndRunWorkbench(PlatformUI.java:149)
	at org.eclipse.ui.internal.ide.application.IDEApplication.start(IDEApplication.java:123)
	at org.eclipse.equinox.internal.app.EclipseAppHandle.run(EclipseAppHandle.java:196)
	at org.eclipse.core.runtime.internal.adaptor.EclipseAppLauncher.runApplication(EclipseAppLauncher.java:110)
	at org.eclipse.core.runtime.internal.adaptor.EclipseAppLauncher.start(EclipseAppLauncher.java:79)
	at org.eclipse.core.runtime.adaptor.EclipseStarter.run(EclipseStarter.java:344)
	at org.eclipse.core.runtime.adaptor.EclipseStarter.run(EclipseStarter.java:179)
	at sun.reflect.NativeMethodAccessorImpl.invoke0(Native Method)
	at sun.reflect.NativeMethodAccessorImpl.invoke(Unknown Source)
	at sun.reflect.DelegatingMethodAccessorImpl.invoke(Unknown Source)
	at java.lang.reflect.Method.invoke(Unknown Source)
	at org.eclipse.equinox.launcher.Main.invokeFramework(Main.java:622)
	at org.eclipse.equinox.launcher.Main.basicRun(Main.java:577)
	at org.eclipse.equinox.launcher.Main.run(Main.java:1410)
Caused by: java.sql.SQLException: Parameter metadata not available for the given statement
	at com.mysql.jdbc.SQLError.createSQLException(SQLError.java:1073)
	at com.mysql.jdbc.SQLError.createSQLException(SQLError.java:987)
	at com.mysql.jdbc.SQLError.createSQLException(SQLError.java:982)
	at com.mysql.jdbc.SQLError.createSQLException(SQLError.java:927)
	at com.mysql.jdbc.MysqlParameterMetadata.checkAvailable(MysqlParameterMetadata.java:70)
	at com.mysql.jdbc.MysqlParameterMetadata.getParameterType(MysqlParameterMetadata.java:119)
	at org.eclipse.birt.report.data.oda.jdbc.Statement.setNull(Statement.java:862)
	... 77 more

Nov 14, 2012 5:37:29 PM org.eclipse.birt.data.engine.odaconsumer.ParameterMetaData getRuntimeParameterType
SEVERE: Cannot get the type for parameter: 1.
org.eclipse.birt.report.data.oda.jdbc.JDBCException: Cannot get parameter type.
SQL error #1:Parameter metadata not available for the given statement
 ;
    java.sql.SQLException: Parameter metadata not available for the given statement
	at org.eclipse.birt.report.data.oda.jdbc.ParameterMetaData.getParameterType(ParameterMetaData.java:159)
	at org.eclipse.datatools.connectivity.oda.consumer.helper.OdaParameterMetaData.getParameterType(OdaParameterMetaData.java:177)
	at org.eclipse.birt.data.engine.odaconsumer.ParameterMetaData.getRuntimeParameterType(ParameterMetaData.java:233)
	at org.eclipse.birt.data.engine.odaconsumer.ParameterMetaData.<init>(ParameterMetaData.java:97)
	at org.eclipse.birt.data.engine.odaconsumer.PreparedStatement.mergeParamHintsWithMetaData(PreparedStatement.java:1674)
	at org.eclipse.birt.data.engine.odaconsumer.PreparedStatement.getParameterMetaData(PreparedStatement.java:1525)
	at org.eclipse.birt.data.engine.odaconsumer.PreparedStatement.getParameterMetaData(PreparedStatement.java:1539)
	at org.eclipse.birt.data.engine.odaconsumer.PreparedStatement.getParameterType(PreparedStatement.java:798)
	at org.eclipse.birt.data.engine.odaconsumer.PreparedStatement.retrySetParameterValue(PreparedStatement.java:3211)
	at org.eclipse.birt.data.engine.odaconsumer.PreparedStatement.setParameterValue(PreparedStatement.java:3188)
	at org.eclipse.birt.data.engine.odaconsumer.PreparedStatement.setParameterValue(PreparedStatement.java:3070)
	at org.eclipse.birt.data.engine.executor.DataSourceQuery.setInputParameterBinding(DataSourceQuery.java:1124)
	at org.eclipse.birt.data.engine.executor.DataSourceQuery.execute(DataSourceQuery.java:879)
	at org.eclipse.birt.data.engine.impl.PreparedOdaDSQuery$OdaDSQueryExecutor.executeOdiQuery(PreparedOdaDSQuery.java:428)
	at org.eclipse.birt.data.engine.impl.QueryExecutor.execute(QueryExecutor.java:1134)
	at org.eclipse.birt.data.engine.impl.ServiceForQueryResults.executeQuery(ServiceForQueryResults.java:232)
	at org.eclipse.birt.data.engine.impl.QueryResults.getResultIterator(QueryResults.java:177)
	at org.eclipse.birt.data.engine.impl.QueryResults.getResultMetaData(QueryResults.java:132)
	at org.eclipse.birt.report.data.adapter.impl.DataSetMetaDataHelper.getRuntimeMetaData(DataSetMetaDataHelper.java:194)
	at org.eclipse.birt.report.data.adapter.impl.DataSetMetaDataHelper.getRealMetaData(DataSetMetaDataHelper.java:153)
	at org.eclipse.birt.report.data.adapter.impl.DataSetMetaDataHelper.getDataSetMetaData(DataSetMetaDataHelper.java:115)
	at org.eclipse.birt.report.data.adapter.impl.DataSetMetaDataHelper.refreshMetaData(DataSetMetaDataHelper.java:376)
	at org.eclipse.birt.report.data.adapter.impl.DataRequestSessionImpl.refreshMetaData(DataRequestSessionImpl.java:415)
	at org.eclipse.birt.report.designer.data.ui.dataset.ExternalUIUtil.updateColumnCache(ExternalUIUtil.java:108)
	at org.eclipse.birt.report.designer.data.ui.providers.DefaultDataServiceProvider.updateColumnCache(DefaultDataServiceProvider.java:107)
	at org.eclipse.birt.report.designer.internal.ui.data.DataService.updateColumnCache(DataService.java:137)
	at org.eclipse.birt.report.designer.data.ui.dataset.DataSetUIUtil.updateColumnCache(DataSetUIUtil.java:98)
	at org.eclipse.birt.report.designer.data.ui.dataset.DataSetUIUtil.getCachedMetaDataHandle(DataSetUIUtil.java:181)
	at org.eclipse.birt.report.designer.internal.ui.views.data.providers.DataSetNodeProvider.getChildren(DataSetNodeProvider.java:91)
	at org.eclipse.birt.report.designer.internal.ui.views.ViewsTreeProvider.getChildren(ViewsTreeProvider.java:41)
	at org.eclipse.jface.viewers.AbstractTreeViewer.getRawChildren(AbstractTreeViewer.java:1359)
	at org.eclipse.jface.viewers.TreeViewer.getRawChildren(TreeViewer.java:391)
	at org.eclipse.jface.viewers.StructuredViewer.getFilteredChildren(StructuredViewer.java:917)
	at org.eclipse.jface.viewers.AbstractTreeViewer.getSortedChildren(AbstractTreeViewer.java:605)
	at org.eclipse.jface.viewers.AbstractTreeViewer$1.run(AbstractTreeViewer.java:805)
	at org.eclipse.swt.custom.BusyIndicator.showWhile(BusyIndicator.java:70)
	at org.eclipse.jface.viewers.AbstractTreeViewer.createChildren(AbstractTreeViewer.java:782)
	at org.eclipse.jface.viewers.TreeViewer.createChildren(TreeViewer.java:644)
	at org.eclipse.jface.viewers.AbstractTreeViewer.createChildren(AbstractTreeViewer.java:753)
	at org.eclipse.jface.viewers.AbstractTreeViewer.handleTreeExpand(AbstractTreeViewer.java:1485)
	at org.eclipse.jface.viewers.TreeViewer.handleTreeExpand(TreeViewer.java:952)
	at org.eclipse.jface.viewers.AbstractTreeViewer$4.treeExpanded(AbstractTreeViewer.java:1496)
	at org.eclipse.swt.widgets.TypedListener.handleEvent(TypedListener.java:132)
	at org.eclipse.swt.widgets.EventTable.sendEvent(EventTable.java:84)
	at org.eclipse.swt.widgets.Widget.sendEvent(Widget.java:1053)
	at org.eclipse.swt.widgets.Widget.sendEvent(Widget.java:1077)
	at org.eclipse.swt.widgets.Widget.sendEvent(Widget.java:1062)
	at org.eclipse.swt.widgets.Tree.wmNotifyChild(Tree.java:7538)
	at org.eclipse.swt.widgets.Control.wmNotify(Control.java:5534)
	at org.eclipse.swt.widgets.Composite.wmNotify(Composite.java:1896)
	at org.eclipse.swt.widgets.Control.WM_NOTIFY(Control.java:5086)
	at org.eclipse.swt.widgets.Control.windowProc(Control.java:4584)
	at org.eclipse.swt.widgets.Display.windowProc(Display.java:4972)
	at org.eclipse.swt.internal.win32.OS.CallWindowProcW(Native Method)
	at org.eclipse.swt.internal.win32.OS.CallWindowProc(OS.java:2425)
	at org.eclipse.swt.widgets.Tree.callWindowProc(Tree.java:1533)
	at org.eclipse.swt.widgets.Tree.WM_LBUTTONDOWN(Tree.java:6411)
	at org.eclipse.swt.widgets.Control.windowProc(Control.java:4564)
	at org.eclipse.swt.widgets.Tree.windowProc(Tree.java:5937)
	at org.eclipse.swt.widgets.Display.windowProc(Display.java:4972)
	at org.eclipse.swt.internal.win32.OS.DispatchMessageW(Native Method)
	at org.eclipse.swt.internal.win32.OS.DispatchMessage(OS.java:2531)
	at org.eclipse.swt.widgets.Display.readAndDispatch(Display.java:3752)
	at org.eclipse.ui.internal.Workbench.runEventLoop(Workbench.java:2701)
	at org.eclipse.ui.internal.Workbench.runUI(Workbench.java:2665)
	at org.eclipse.ui.internal.Workbench.access$4(Workbench.java:2499)
	at org.eclipse.ui.internal.Workbench$7.run(Workbench.java:679)
	at org.eclipse.core.databinding.observable.Realm.runWithDefault(Realm.java:332)
	at org.eclipse.ui.internal.Workbench.createAndRunWorkbench(Workbench.java:668)
	at org.eclipse.ui.PlatformUI.createAndRunWorkbench(PlatformUI.java:149)
	at org.eclipse.ui.internal.ide.application.IDEApplication.start(IDEApplication.java:123)
	at org.eclipse.equinox.internal.app.EclipseAppHandle.run(EclipseAppHandle.java:196)
	at org.eclipse.core.runtime.internal.adaptor.EclipseAppLauncher.runApplication(EclipseAppLauncher.java:110)
	at org.eclipse.core.runtime.internal.adaptor.EclipseAppLauncher.start(EclipseAppLauncher.java:79)
	at org.eclipse.core.runtime.adaptor.EclipseStarter.run(EclipseStarter.java:344)
	at org.eclipse.core.runtime.adaptor.EclipseStarter.run(EclipseStarter.java:179)
	at sun.reflect.NativeMethodAccessorImpl.invoke0(Native Method)
	at sun.reflect.NativeMethodAccessorImpl.invoke(Unknown Source)
	at sun.reflect.DelegatingMethodAccessorImpl.invoke(Unknown Source)
	at java.lang.reflect.Method.invoke(Unknown Source)
	at org.eclipse.equinox.launcher.Main.invokeFramework(Main.java:622)
	at org.eclipse.equinox.launcher.Main.basicRun(Main.java:577)
	at org.eclipse.equinox.launcher.Main.run(Main.java:1410)
Caused by: java.sql.SQLException: Parameter metadata not available for the given statement
	at com.mysql.jdbc.SQLError.createSQLException(SQLError.java:1073)
	at com.mysql.jdbc.SQLError.createSQLException(SQLError.java:987)
	at com.mysql.jdbc.SQLError.createSQLException(SQLError.java:982)
	at com.mysql.jdbc.SQLError.createSQLException(SQLError.java:927)
	at com.mysql.jdbc.MysqlParameterMetadata.checkAvailable(MysqlParameterMetadata.java:70)
	at com.mysql.jdbc.MysqlParameterMetadata.getParameterType(MysqlParameterMetadata.java:119)
	at org.eclipse.birt.report.data.oda.jdbc.ParameterMetaData.getParameterType(ParameterMetaData.java:155)
	... 82 more

Nov 14, 2012 5:37:29 PM org.eclipse.birt.data.engine.odaconsumer.PreparedStatement doSetNull( int )
SEVERE: Cannot set a null value to parameter 2.
org.eclipse.birt.report.data.oda.jdbc.JDBCException: Cannot set preparedStatement null value.
SQL error #1:Parameter metadata not available for the given statement
 ;
    java.sql.SQLException: Parameter metadata not available for the given statement
	at org.eclipse.birt.report.data.oda.jdbc.Statement.setNull(Statement.java:867)
	at org.eclipse.datatools.connectivity.oda.consumer.helper.OdaQuery.setNull(OdaQuery.java:1212)
	at org.eclipse.birt.data.engine.odaconsumer.PreparedStatement.doSetNull(PreparedStatement.java:4646)
	at org.eclipse.birt.data.engine.odaconsumer.PreparedStatement.setNull(PreparedStatement.java:4173)
	at org.eclipse.birt.data.engine.odaconsumer.PreparedStatement.setParameterValue(PreparedStatement.java:3113)
	at org.eclipse.birt.data.engine.odaconsumer.PreparedStatement.setParameterValue(PreparedStatement.java:3070)
	at org.eclipse.birt.data.engine.executor.DataSourceQuery.setInputParameterBinding(DataSourceQuery.java:1124)
	at org.eclipse.birt.data.engine.executor.DataSourceQuery.execute(DataSourceQuery.java:879)
	at org.eclipse.birt.data.engine.impl.PreparedOdaDSQuery$OdaDSQueryExecutor.executeOdiQuery(PreparedOdaDSQuery.java:428)
	at org.eclipse.birt.data.engine.impl.QueryExecutor.execute(QueryExecutor.java:1134)
	at org.eclipse.birt.data.engine.impl.ServiceForQueryResults.executeQuery(ServiceForQueryResults.java:232)
	at org.eclipse.birt.data.engine.impl.QueryResults.getResultIterator(QueryResults.java:177)
	at org.eclipse.birt.data.engine.impl.QueryResults.getResultMetaData(QueryResults.java:132)
	at org.eclipse.birt.report.data.adapter.impl.DataSetMetaDataHelper.getRuntimeMetaData(DataSetMetaDataHelper.java:194)
	at org.eclipse.birt.report.data.adapter.impl.DataSetMetaDataHelper.getRealMetaData(DataSetMetaDataHelper.java:153)
	at org.eclipse.birt.report.data.adapter.impl.DataSetMetaDataHelper.getDataSetMetaData(DataSetMetaDataHelper.java:115)
	at org.eclipse.birt.report.data.adapter.impl.DataSetMetaDataHelper.refreshMetaData(DataSetMetaDataHelper.java:376)
	at org.eclipse.birt.report.data.adapter.impl.DataRequestSessionImpl.refreshMetaData(DataRequestSessionImpl.java:415)
	at org.eclipse.birt.report.designer.data.ui.dataset.ExternalUIUtil.updateColumnCache(ExternalUIUtil.java:108)
	at org.eclipse.birt.report.designer.data.ui.providers.DefaultDataServiceProvider.updateColumnCache(DefaultDataServiceProvider.java:107)
	at org.eclipse.birt.report.designer.internal.ui.data.DataService.updateColumnCache(DataService.java:137)
	at org.eclipse.birt.report.designer.data.ui.dataset.DataSetUIUtil.updateColumnCache(DataSetUIUtil.java:98)
	at org.eclipse.birt.report.designer.data.ui.dataset.DataSetUIUtil.getCachedMetaDataHandle(DataSetUIUtil.java:181)
	at org.eclipse.birt.report.designer.internal.ui.views.data.providers.DataSetNodeProvider.getChildren(DataSetNodeProvider.java:91)
	at org.eclipse.birt.report.designer.internal.ui.views.ViewsTreeProvider.getChildren(ViewsTreeProvider.java:41)
	at org.eclipse.jface.viewers.AbstractTreeViewer.getRawChildren(AbstractTreeViewer.java:1359)
	at org.eclipse.jface.viewers.TreeViewer.getRawChildren(TreeViewer.java:391)
	at org.eclipse.jface.viewers.StructuredViewer.getFilteredChildren(StructuredViewer.java:917)
	at org.eclipse.jface.viewers.AbstractTreeViewer.getSortedChildren(AbstractTreeViewer.java:605)
	at org.eclipse.jface.viewers.AbstractTreeViewer$1.run(AbstractTreeViewer.java:805)
	at org.eclipse.swt.custom.BusyIndicator.showWhile(BusyIndicator.java:70)
	at org.eclipse.jface.viewers.AbstractTreeViewer.createChildren(AbstractTreeViewer.java:782)
	at org.eclipse.jface.viewers.TreeViewer.createChildren(TreeViewer.java:644)
	at org.eclipse.jface.viewers.AbstractTreeViewer.createChildren(AbstractTreeViewer.java:753)
	at org.eclipse.jface.viewers.AbstractTreeViewer.handleTreeExpand(AbstractTreeViewer.java:1485)
	at org.eclipse.jface.viewers.TreeViewer.handleTreeExpand(TreeViewer.java:952)
	at org.eclipse.jface.viewers.AbstractTreeViewer$4.treeExpanded(AbstractTreeViewer.java:1496)
	at org.eclipse.swt.widgets.TypedListener.handleEvent(TypedListener.java:132)
	at org.eclipse.swt.widgets.EventTable.sendEvent(EventTable.java:84)
	at org.eclipse.swt.widgets.Widget.sendEvent(Widget.java:1053)
	at org.eclipse.swt.widgets.Widget.sendEvent(Widget.java:1077)
	at org.eclipse.swt.widgets.Widget.sendEvent(Widget.java:1062)
	at org.eclipse.swt.widgets.Tree.wmNotifyChild(Tree.java:7538)
	at org.eclipse.swt.widgets.Control.wmNotify(Control.java:5534)
	at org.eclipse.swt.widgets.Composite.wmNotify(Composite.java:1896)
	at org.eclipse.swt.widgets.Control.WM_NOTIFY(Control.java:5086)
	at org.eclipse.swt.widgets.Control.windowProc(Control.java:4584)
	at org.eclipse.swt.widgets.Display.windowProc(Display.java:4972)
	at org.eclipse.swt.internal.win32.OS.CallWindowProcW(Native Method)
	at org.eclipse.swt.internal.win32.OS.CallWindowProc(OS.java:2425)
	at org.eclipse.swt.widgets.Tree.callWindowProc(Tree.java:1533)
	at org.eclipse.swt.widgets.Tree.WM_LBUTTONDOWN(Tree.java:6411)
	at org.eclipse.swt.widgets.Control.windowProc(Control.java:4564)
	at org.eclipse.swt.widgets.Tree.windowProc(Tree.java:5937)
	at org.eclipse.swt.widgets.Display.windowProc(Display.java:4972)
	at org.eclipse.swt.internal.win32.OS.DispatchMessageW(Native Method)
	at org.eclipse.swt.internal.win32.OS.DispatchMessage(OS.java:2531)
	at org.eclipse.swt.widgets.Display.readAndDispatch(Display.java:3752)
	at org.eclipse.ui.internal.Workbench.runEventLoop(Workbench.java:2701)
	at org.eclipse.ui.internal.Workbench.runUI(Workbench.java:2665)
	at org.eclipse.ui.internal.Workbench.access$4(Workbench.java:2499)
	at org.eclipse.ui.internal.Workbench$7.run(Workbench.java:679)
	at org.eclipse.core.databinding.observable.Realm.runWithDefault(Realm.java:332)
	at org.eclipse.ui.internal.Workbench.createAndRunWorkbench(Workbench.java:668)
	at org.eclipse.ui.PlatformUI.createAndRunWorkbench(PlatformUI.java:149)
	at org.eclipse.ui.internal.ide.application.IDEApplication.start(IDEApplication.java:123)
	at org.eclipse.equinox.internal.app.EclipseAppHandle.run(EclipseAppHandle.java:196)
	at org.eclipse.core.runtime.internal.adaptor.EclipseAppLauncher.runApplication(EclipseAppLauncher.java:110)
	at org.eclipse.core.runtime.internal.adaptor.EclipseAppLauncher.start(EclipseAppLauncher.java:79)
	at org.eclipse.core.runtime.adaptor.EclipseStarter.run(EclipseStarter.java:344)
	at org.eclipse.core.runtime.adaptor.EclipseStarter.run(EclipseStarter.java:179)
	at sun.reflect.NativeMethodAccessorImpl.invoke0(Native Method)
	at sun.reflect.NativeMethodAccessorImpl.invoke(Unknown Source)
	at sun.reflect.DelegatingMethodAccessorImpl.invoke(Unknown Source)
	at java.lang.reflect.Method.invoke(Unknown Source)
	at org.eclipse.equinox.launcher.Main.invokeFramework(Main.java:622)
	at org.eclipse.equinox.launcher.Main.basicRun(Main.java:577)
	at org.eclipse.equinox.launcher.Main.run(Main.java:1410)
Caused by: java.sql.SQLException: Parameter metadata not available for the given statement
	at com.mysql.jdbc.SQLError.createSQLException(SQLError.java:1073)
	at com.mysql.jdbc.SQLError.createSQLException(SQLError.java:987)
	at com.mysql.jdbc.SQLError.createSQLException(SQLError.java:982)
	at com.mysql.jdbc.SQLError.createSQLException(SQLError.java:927)
	at com.mysql.jdbc.MysqlParameterMetadata.checkAvailable(MysqlParameterMetadata.java:70)
	at com.mysql.jdbc.MysqlParameterMetadata.getParameterType(MysqlParameterMetadata.java:119)
	at org.eclipse.birt.report.data.oda.jdbc.Statement.setNull(Statement.java:862)
	... 77 more

Nov 14, 2012 5:37:29 PM org.eclipse.birt.data.engine.odaconsumer.ParameterMetaData getRuntimeParameterType
SEVERE: Cannot get the type for parameter: 1.
org.eclipse.birt.report.data.oda.jdbc.JDBCException: Cannot get parameter type.
SQL error #1:Parameter metadata not available for the given statement
 ;
    java.sql.SQLException: Parameter metadata not available for the given statement
	at org.eclipse.birt.report.data.oda.jdbc.ParameterMetaData.getParameterType(ParameterMetaData.java:159)
	at org.eclipse.datatools.connectivity.oda.consumer.helper.OdaParameterMetaData.getParameterType(OdaParameterMetaData.java:177)
	at org.eclipse.birt.data.engine.odaconsumer.ParameterMetaData.getRuntimeParameterType(ParameterMetaData.java:233)
	at org.eclipse.birt.data.engine.odaconsumer.ParameterMetaData.<init>(ParameterMetaData.java:97)
	at org.eclipse.birt.data.engine.odaconsumer.PreparedStatement.mergeParamHintsWithMetaData(PreparedStatement.java:1674)
	at org.eclipse.birt.data.engine.odaconsumer.PreparedStatement.getParameterMetaData(PreparedStatement.java:1525)
	at org.eclipse.birt.data.engine.odaconsumer.PreparedStatement.getParameterMetaData(PreparedStatement.java:1539)
	at org.eclipse.birt.data.engine.odaconsumer.PreparedStatement.getParameterType(PreparedStatement.java:798)
	at org.eclipse.birt.data.engine.odaconsumer.PreparedStatement.retrySetParameterValue(PreparedStatement.java:3211)
	at org.eclipse.birt.data.engine.odaconsumer.PreparedStatement.setParameterValue(PreparedStatement.java:3188)
	at org.eclipse.birt.data.engine.odaconsumer.PreparedStatement.setParameterValue(PreparedStatement.java:3070)
	at org.eclipse.birt.data.engine.executor.DataSourceQuery.setInputParameterBinding(DataSourceQuery.java:1124)
	at org.eclipse.birt.data.engine.executor.DataSourceQuery.execute(DataSourceQuery.java:879)
	at org.eclipse.birt.data.engine.impl.PreparedOdaDSQuery$OdaDSQueryExecutor.executeOdiQuery(PreparedOdaDSQuery.java:428)
	at org.eclipse.birt.data.engine.impl.QueryExecutor.execute(QueryExecutor.java:1134)
	at org.eclipse.birt.data.engine.impl.ServiceForQueryResults.executeQuery(ServiceForQueryResults.java:232)
	at org.eclipse.birt.data.engine.impl.QueryResults.getResultIterator(QueryResults.java:177)
	at org.eclipse.birt.data.engine.impl.QueryResults.getResultMetaData(QueryResults.java:132)
	at org.eclipse.birt.report.data.adapter.impl.DataSetMetaDataHelper.getRuntimeMetaData(DataSetMetaDataHelper.java:194)
	at org.eclipse.birt.report.data.adapter.impl.DataSetMetaDataHelper.getRealMetaData(DataSetMetaDataHelper.java:153)
	at org.eclipse.birt.report.data.adapter.impl.DataSetMetaDataHelper.getDataSetMetaData(DataSetMetaDataHelper.java:115)
	at org.eclipse.birt.report.data.adapter.impl.DataSetMetaDataHelper.refreshMetaData(DataSetMetaDataHelper.java:376)
	at org.eclipse.birt.report.data.adapter.impl.DataRequestSessionImpl.refreshMetaData(DataRequestSessionImpl.java:415)
	at org.eclipse.birt.report.designer.data.ui.dataset.ExternalUIUtil.updateColumnCache(ExternalUIUtil.java:108)
	at org.eclipse.birt.report.designer.data.ui.providers.DefaultDataServiceProvider.updateColumnCache(DefaultDataServiceProvider.java:107)
	at org.eclipse.birt.report.designer.internal.ui.data.DataService.updateColumnCache(DataService.java:137)
	at org.eclipse.birt.report.designer.data.ui.dataset.DataSetUIUtil.updateColumnCache(DataSetUIUtil.java:98)
	at org.eclipse.birt.report.designer.data.ui.dataset.DataSetUIUtil.getCachedMetaDataHandle(DataSetUIUtil.java:181)
	at org.eclipse.birt.report.designer.internal.ui.views.data.providers.DataSetNodeProvider.getChildren(DataSetNodeProvider.java:91)
	at org.eclipse.birt.report.designer.internal.ui.views.ViewsTreeProvider.getChildren(ViewsTreeProvider.java:41)
	at org.eclipse.jface.viewers.AbstractTreeViewer.getRawChildren(AbstractTreeViewer.java:1359)
	at org.eclipse.jface.viewers.TreeViewer.getRawChildren(TreeViewer.java:391)
	at org.eclipse.jface.viewers.StructuredViewer.getFilteredChildren(StructuredViewer.java:917)
	at org.eclipse.jface.viewers.AbstractTreeViewer.getSortedChildren(AbstractTreeViewer.java:605)
	at org.eclipse.jface.viewers.AbstractTreeViewer$1.run(AbstractTreeViewer.java:805)
	at org.eclipse.swt.custom.BusyIndicator.showWhile(BusyIndicator.java:70)
	at org.eclipse.jface.viewers.AbstractTreeViewer.createChildren(AbstractTreeViewer.java:782)
	at org.eclipse.jface.viewers.TreeViewer.createChildren(TreeViewer.java:644)
	at org.eclipse.jface.viewers.AbstractTreeViewer.createChildren(AbstractTreeViewer.java:753)
	at org.eclipse.jface.viewers.AbstractTreeViewer.handleTreeExpand(AbstractTreeViewer.java:1485)
	at org.eclipse.jface.viewers.TreeViewer.handleTreeExpand(TreeViewer.java:952)
	at org.eclipse.jface.viewers.AbstractTreeViewer$4.treeExpanded(AbstractTreeViewer.java:1496)
	at org.eclipse.swt.widgets.TypedListener.handleEvent(TypedListener.java:132)
	at org.eclipse.swt.widgets.EventTable.sendEvent(EventTable.java:84)
	at org.eclipse.swt.widgets.Widget.sendEvent(Widget.java:1053)
	at org.eclipse.swt.widgets.Widget.sendEvent(Widget.java:1077)
	at org.eclipse.swt.widgets.Widget.sendEvent(Widget.java:1062)
	at org.eclipse.swt.widgets.Tree.wmNotifyChild(Tree.java:7538)
	at org.eclipse.swt.widgets.Control.wmNotify(Control.java:5534)
	at org.eclipse.swt.widgets.Composite.wmNotify(Composite.java:1896)
	at org.eclipse.swt.widgets.Control.WM_NOTIFY(Control.java:5086)
	at org.eclipse.swt.widgets.Control.windowProc(Control.java:4584)
	at org.eclipse.swt.widgets.Display.windowProc(Display.java:4972)
	at org.eclipse.swt.internal.win32.OS.CallWindowProcW(Native Method)
	at org.eclipse.swt.internal.win32.OS.CallWindowProc(OS.java:2425)
	at org.eclipse.swt.widgets.Tree.callWindowProc(Tree.java:1533)
	at org.eclipse.swt.widgets.Tree.WM_LBUTTONDOWN(Tree.java:6411)
	at org.eclipse.swt.widgets.Control.windowProc(Control.java:4564)
	at org.eclipse.swt.widgets.Tree.windowProc(Tree.java:5937)
	at org.eclipse.swt.widgets.Display.windowProc(Display.java:4972)
	at org.eclipse.swt.internal.win32.OS.DispatchMessageW(Native Method)
	at org.eclipse.swt.internal.win32.OS.DispatchMessage(OS.java:2531)
	at org.eclipse.swt.widgets.Display.readAndDispatch(Display.java:3752)
	at org.eclipse.ui.internal.Workbench.runEventLoop(Workbench.java:2701)
	at org.eclipse.ui.internal.Workbench.runUI(Workbench.java:2665)
	at org.eclipse.ui.internal.Workbench.access$4(Workbench.java:2499)
	at org.eclipse.ui.internal.Workbench$7.run(Workbench.java:679)
	at org.eclipse.core.databinding.observable.Realm.runWithDefault(Realm.java:332)
	at org.eclipse.ui.internal.Workbench.createAndRunWorkbench(Workbench.java:668)
	at org.eclipse.ui.PlatformUI.createAndRunWorkbench(PlatformUI.java:149)
	at org.eclipse.ui.internal.ide.application.IDEApplication.start(IDEApplication.java:123)
	at org.eclipse.equinox.internal.app.EclipseAppHandle.run(EclipseAppHandle.java:196)
	at org.eclipse.core.runtime.internal.adaptor.EclipseAppLauncher.runApplication(EclipseAppLauncher.java:110)
	at org.eclipse.core.runtime.internal.adaptor.EclipseAppLauncher.start(EclipseAppLauncher.java:79)
	at org.eclipse.core.runtime.adaptor.EclipseStarter.run(EclipseStarter.java:344)
	at org.eclipse.core.runtime.adaptor.EclipseStarter.run(EclipseStarter.java:179)
	at sun.reflect.NativeMethodAccessorImpl.invoke0(Native Method)
	at sun.reflect.NativeMethodAccessorImpl.invoke(Unknown Source)
	at sun.reflect.DelegatingMethodAccessorImpl.invoke(Unknown Source)
	at java.lang.reflect.Method.invoke(Unknown Source)
	at org.eclipse.equinox.launcher.Main.invokeFramework(Main.java:622)
	at org.eclipse.equinox.launcher.Main.basicRun(Main.java:577)
	at org.eclipse.equinox.launcher.Main.run(Main.java:1410)
Caused by: java.sql.SQLException: Parameter metadata not available for the given statement
	at com.mysql.jdbc.SQLError.createSQLException(SQLError.java:1073)
	at com.mysql.jdbc.SQLError.createSQLException(SQLError.java:987)
	at com.mysql.jdbc.SQLError.createSQLException(SQLError.java:982)
	at com.mysql.jdbc.SQLError.createSQLException(SQLError.java:927)
	at com.mysql.jdbc.MysqlParameterMetadata.checkAvailable(MysqlParameterMetadata.java:70)
	at com.mysql.jdbc.MysqlParameterMetadata.getParameterType(MysqlParameterMetadata.java:119)
	at org.eclipse.birt.report.data.oda.jdbc.ParameterMetaData.getParameterType(ParameterMetaData.java:155)
	... 82 more

Nov 14, 2012 5:37:29 PM org.eclipse.birt.data.engine.odaconsumer.PreparedStatement getRuntimeMetaData
SEVERE: Cannot get the result set metadata.
org.eclipse.birt.report.data.oda.jdbc.JDBCException: SQL statement does not return a ResultSet object.
SQL error #1:Unknown column 'y.open_bas_cost' in 'field list'
 ;
    com.mysql.jdbc.exceptions.jdbc4.MySQLSyntaxErrorException: Unknown column 'y.open_bas_cost' in 'field list'
	at org.eclipse.birt.report.data.oda.jdbc.Statement.executeQuery(Statement.java:464)
	at org.eclipse.birt.report.data.oda.jdbc.Statement.getMetaUsingPolicy1(Statement.java:403)
	at org.eclipse.birt.report.data.oda.jdbc.Statement.getMetaData(Statement.java:303)
	at org.eclipse.birt.report.data.oda.jdbc.bidi.BidiStatement.getMetaData(BidiStatement.java:56)
	at org.eclipse.datatools.connectivity.oda.consumer.helper.OdaQuery.doGetMetaData(OdaQuery.java:412)
	at org.eclipse.datatools.connectivity.oda.consumer.helper.OdaQuery.getMetaData(OdaQuery.java:379)
	at org.eclipse.birt.data.engine.odaconsumer.PreparedStatement.getRuntimeMetaData(PreparedStatement.java:407)
	at org.eclipse.birt.data.engine.odaconsumer.PreparedStatement.getProjectedColumns(PreparedStatement.java:377)
	at org.eclipse.birt.data.engine.odaconsumer.PreparedStatement.doGetMetaData(PreparedStatement.java:347)
	at org.eclipse.birt.data.engine.odaconsumer.PreparedStatement.execute(PreparedStatement.java:563)
	at org.eclipse.birt.data.engine.executor.DataSourceQuery.execute(DataSourceQuery.java:927)
	at org.eclipse.birt.data.engine.impl.PreparedOdaDSQuery$OdaDSQueryExecutor.executeOdiQuery(PreparedOdaDSQuery.java:428)
	at org.eclipse.birt.data.engine.impl.QueryExecutor.execute(QueryExecutor.java:1134)
	at org.eclipse.birt.data.engine.impl.ServiceForQueryResults.executeQuery(ServiceForQueryResults.java:232)
	at org.eclipse.birt.data.engine.impl.QueryResults.getResultIterator(QueryResults.java:177)
	at org.eclipse.birt.data.engine.impl.QueryResults.getResultMetaData(QueryResults.java:132)
	at org.eclipse.birt.report.data.adapter.impl.DataSetMetaDataHelper.getRuntimeMetaData(DataSetMetaDataHelper.java:194)
	at org.eclipse.birt.report.data.adapter.impl.DataSetMetaDataHelper.getRealMetaData(DataSetMetaDataHelper.java:153)
	at org.eclipse.birt.report.data.adapter.impl.DataSetMetaDataHelper.getDataSetMetaData(DataSetMetaDataHelper.java:115)
	at org.eclipse.birt.report.data.adapter.impl.DataSetMetaDataHelper.refreshMetaData(DataSetMetaDataHelper.java:376)
	at org.eclipse.birt.report.data.adapter.impl.DataRequestSessionImpl.refreshMetaData(DataRequestSessionImpl.java:415)
	at org.eclipse.birt.report.designer.data.ui.dataset.ExternalUIUtil.updateColumnCache(ExternalUIUtil.java:108)
	at org.eclipse.birt.report.designer.data.ui.providers.DefaultDataServiceProvider.updateColumnCache(DefaultDataServiceProvider.java:107)
	at org.eclipse.birt.report.designer.internal.ui.data.DataService.updateColumnCache(DataService.java:137)
	at org.eclipse.birt.report.designer.data.ui.dataset.DataSetUIUtil.updateColumnCache(DataSetUIUtil.java:98)
	at org.eclipse.birt.report.designer.data.ui.dataset.DataSetUIUtil.getCachedMetaDataHandle(DataSetUIUtil.java:181)
	at org.eclipse.birt.report.designer.internal.ui.views.data.providers.DataSetNodeProvider.getChildren(DataSetNodeProvider.java:91)
	at org.eclipse.birt.report.designer.internal.ui.views.ViewsTreeProvider.getChildren(ViewsTreeProvider.java:41)
	at org.eclipse.jface.viewers.AbstractTreeViewer.getRawChildren(AbstractTreeViewer.java:1359)
	at org.eclipse.jface.viewers.TreeViewer.getRawChildren(TreeViewer.java:391)
	at org.eclipse.jface.viewers.StructuredViewer.getFilteredChildren(StructuredViewer.java:917)
	at org.eclipse.jface.viewers.AbstractTreeViewer.getSortedChildren(AbstractTreeViewer.java:605)
	at org.eclipse.jface.viewers.AbstractTreeViewer$1.run(AbstractTreeViewer.java:805)
	at org.eclipse.swt.custom.BusyIndicator.showWhile(BusyIndicator.java:70)
	at org.eclipse.jface.viewers.AbstractTreeViewer.createChildren(AbstractTreeViewer.java:782)
	at org.eclipse.jface.viewers.TreeViewer.createChildren(TreeViewer.java:644)
	at org.eclipse.jface.viewers.AbstractTreeViewer.createChildren(AbstractTreeViewer.java:753)
	at org.eclipse.jface.viewers.AbstractTreeViewer.handleTreeExpand(AbstractTreeViewer.java:1485)
	at org.eclipse.jface.viewers.TreeViewer.handleTreeExpand(TreeViewer.java:952)
	at org.eclipse.jface.viewers.AbstractTreeViewer$4.treeExpanded(AbstractTreeViewer.java:1496)
	at org.eclipse.swt.widgets.TypedListener.handleEvent(TypedListener.java:132)
	at org.eclipse.swt.widgets.EventTable.sendEvent(EventTable.java:84)
	at org.eclipse.swt.widgets.Widget.sendEvent(Widget.java:1053)
	at org.eclipse.swt.widgets.Widget.sendEvent(Widget.java:1077)
	at org.eclipse.swt.widgets.Widget.sendEvent(Widget.java:1062)
	at org.eclipse.swt.widgets.Tree.wmNotifyChild(Tree.java:7538)
	at org.eclipse.swt.widgets.Control.wmNotify(Control.java:5534)
	at org.eclipse.swt.widgets.Composite.wmNotify(Composite.java:1896)
	at org.eclipse.swt.widgets.Control.WM_NOTIFY(Control.java:5086)
	at org.eclipse.swt.widgets.Control.windowProc(Control.java:4584)
	at org.eclipse.swt.widgets.Display.windowProc(Display.java:4972)
	at org.eclipse.swt.internal.win32.OS.CallWindowProcW(Native Method)
	at org.eclipse.swt.internal.win32.OS.CallWindowProc(OS.java:2425)
	at org.eclipse.swt.widgets.Tree.callWindowProc(Tree.java:1533)
	at org.eclipse.swt.widgets.Tree.WM_LBUTTONDOWN(Tree.java:6411)
	at org.eclipse.swt.widgets.Control.windowProc(Control.java:4564)
	at org.eclipse.swt.widgets.Tree.windowProc(Tree.java:5937)
	at org.eclipse.swt.widgets.Display.windowProc(Display.java:4972)
	at org.eclipse.swt.internal.win32.OS.DispatchMessageW(Native Method)
	at org.eclipse.swt.internal.win32.OS.DispatchMessage(OS.java:2531)
	at org.eclipse.swt.widgets.Display.readAndDispatch(Display.java:3752)
	at org.eclipse.ui.internal.Workbench.runEventLoop(Workbench.java:2701)
	at org.eclipse.ui.internal.Workbench.runUI(Workbench.java:2665)
	at org.eclipse.ui.internal.Workbench.access$4(Workbench.java:2499)
	at org.eclipse.ui.internal.Workbench$7.run(Workbench.java:679)
	at org.eclipse.core.databinding.observable.Realm.runWithDefault(Realm.java:332)
	at org.eclipse.ui.internal.Workbench.createAndRunWorkbench(Workbench.java:668)
	at org.eclipse.ui.PlatformUI.createAndRunWorkbench(PlatformUI.java:149)
	at org.eclipse.ui.internal.ide.application.IDEApplication.start(IDEApplication.java:123)
	at org.eclipse.equinox.internal.app.EclipseAppHandle.run(EclipseAppHandle.java:196)
	at org.eclipse.core.runtime.internal.adaptor.EclipseAppLauncher.runApplication(EclipseAppLauncher.java:110)
	at org.eclipse.core.runtime.internal.adaptor.EclipseAppLauncher.start(EclipseAppLauncher.java:79)
	at org.eclipse.core.runtime.adaptor.EclipseStarter.run(EclipseStarter.java:344)
	at org.eclipse.core.runtime.adaptor.EclipseStarter.run(EclipseStarter.java:179)
	at sun.reflect.NativeMethodAccessorImpl.invoke0(Native Method)
	at sun.reflect.NativeMethodAccessorImpl.invoke(Unknown Source)
	at sun.reflect.DelegatingMethodAccessorImpl.invoke(Unknown Source)
	at java.lang.reflect.Method.invoke(Unknown Source)
	at org.eclipse.equinox.launcher.Main.invokeFramework(Main.java:622)
	at org.eclipse.equinox.launcher.Main.basicRun(Main.java:577)
	at org.eclipse.equinox.launcher.Main.run(Main.java:1410)
Caused by: com.mysql.jdbc.exceptions.jdbc4.MySQLSyntaxErrorException: Unknown column 'y.open_bas_cost' in 'field list'
	at sun.reflect.NativeConstructorAccessorImpl.newInstance0(Native Method)
	at sun.reflect.NativeConstructorAccessorImpl.newInstance(Unknown Source)
	at sun.reflect.DelegatingConstructorAccessorImpl.newInstance(Unknown Source)
	at java.lang.reflect.Constructor.newInstance(Unknown Source)
	at com.mysql.jdbc.Util.handleNewInstance(Util.java:411)
	at com.mysql.jdbc.Util.getInstance(Util.java:386)
	at com.mysql.jdbc.SQLError.createSQLException(SQLError.java:1052)
	at com.mysql.jdbc.MysqlIO.checkErrorPacket(MysqlIO.java:4098)
	at com.mysql.jdbc.MysqlIO.checkErrorPacket(MysqlIO.java:4030)
	at com.mysql.jdbc.MysqlIO.sendCommand(MysqlIO.java:2490)
	at com.mysql.jdbc.MysqlIO.sqlQueryDirect(MysqlIO.java:2651)
	at com.mysql.jdbc.ConnectionImpl.execSQL(ConnectionImpl.java:2677)
	at com.mysql.jdbc.PreparedStatement.executeInternal(PreparedStatement.java:2134)
	at com.mysql.jdbc.PreparedStatement.executeQuery(PreparedStatement.java:2300)
	at org.eclipse.birt.report.data.oda.jdbc.Statement.executeQuery(Statement.java:460)
	... 80 more

