Jul 23, 2012 5:17:46 PM org.eclipse.birt.report.model.core.LayoutModule loadLibrarySilently
WARNING: Syntax error found, and see error details.
Error.DesignFileException.SYNTAX_ERROR - 1 errors found! 
1.)  org.eclipse.birt.report.model.parser.DesignParserException (code = Error.DesignParserException.FILE_NOT_FOUND, message : The file "nlrpt_library.rptlibrary" is not found.)

	at org.eclipse.birt.report.model.core.LayoutModule.loadLibrary(LayoutModule.java:379)
	at org.eclipse.birt.report.model.core.LayoutModule.loadLibrarySilently(LayoutModule.java:469)
	at org.eclipse.birt.report.model.parser.IncludedLibrariesStructureListState$IncludedLibraryStructureState.end(IncludedLibrariesStructureListState.java:145)
	at org.eclipse.birt.report.model.util.XMLParserHandler.endElement(XMLParserHandler.java:176)
	at com.sun.org.apache.xerces.internal.parsers.AbstractSAXParser.endElement(Unknown Source)
	at com.sun.org.apache.xerces.internal.impl.XMLDocumentFragmentScannerImpl.scanEndElement(Unknown Source)
	at com.sun.org.apache.xerces.internal.impl.XMLDocumentFragmentScannerImpl$FragmentContentDriver.next(Unknown Source)
	at com.sun.org.apache.xerces.internal.impl.XMLDocumentScannerImpl.next(Unknown Source)
	at com.sun.org.apache.xerces.internal.impl.XMLDocumentFragmentScannerImpl.scanDocument(Unknown Source)
	at com.sun.org.apache.xerces.internal.parsers.XML11Configuration.parse(Unknown Source)
	at com.sun.org.apache.xerces.internal.parsers.XML11Configuration.parse(Unknown Source)
	at com.sun.org.apache.xerces.internal.parsers.XMLParser.parse(Unknown Source)
	at com.sun.org.apache.xerces.internal.parsers.AbstractSAXParser.parse(Unknown Source)
	at com.sun.org.apache.xerces.internal.jaxp.SAXParserImpl$JAXPSAXParser.parse(Unknown Source)
	at com.sun.org.apache.xerces.internal.jaxp.SAXParserImpl.parse(Unknown Source)
	at org.eclipse.birt.report.model.parser.ModuleReader.readModule(ModuleReader.java:97)
	at org.eclipse.birt.report.model.parser.GenericModuleReader.read(GenericModuleReader.java:84)
	at org.eclipse.birt.report.model.core.DesignSessionImpl.openModule(DesignSessionImpl.java:411)
	at org.eclipse.birt.report.model.core.DesignSessionImpl.openModule(DesignSessionImpl.java:385)
	at org.eclipse.birt.report.model.api.ModuleUtil.checkVersion(ModuleUtil.java:641)
	at org.eclipse.birt.report.model.api.ModuleUtil.checkVersion(ModuleUtil.java:744)
	at org.eclipse.birt.report.designer.ui.editors.MultiPageReportEditor.addPages(MultiPageReportEditor.java:379)
	at org.eclipse.birt.report.designer.ui.editors.IDEMultiPageReportEditor.addPages(IDEMultiPageReportEditor.java:333)
	at org.eclipse.ui.forms.editor.FormEditor.createPages(FormEditor.java:138)
	at org.eclipse.ui.part.MultiPageEditorPart.createPartControl(MultiPageEditorPart.java:348)
	at org.eclipse.birt.report.designer.ui.editors.ReportEditorProxy.createPartControl(ReportEditorProxy.java:138)
	at org.eclipse.ui.internal.EditorReference.createPartHelper(EditorReference.java:670)
	at org.eclipse.ui.internal.EditorReference.createPart(EditorReference.java:465)
	at org.eclipse.ui.internal.WorkbenchPartReference.getPart(WorkbenchPartReference.java:595)
	at org.eclipse.ui.internal.PartPane.setVisible(PartPane.java:313)
	at org.eclipse.ui.internal.presentations.PresentablePart.setVisible(PresentablePart.java:180)
	at org.eclipse.ui.internal.presentations.util.PresentablePartFolder.select(PresentablePartFolder.java:270)
	at org.eclipse.ui.internal.presentations.util.LeftToRightTabOrder.select(LeftToRightTabOrder.java:65)
	at org.eclipse.ui.internal.presentations.util.TabbedStackPresentation.selectPart(TabbedStackPresentation.java:473)
	at org.eclipse.ui.internal.PartStack.refreshPresentationSelection(PartStack.java:1245)
	at org.eclipse.ui.internal.PartStack.setSelection(PartStack.java:1198)
	at org.eclipse.ui.internal.PartStack.presentationSelectionChanged(PartStack.java:834)
	at org.eclipse.ui.internal.PartStack.access$1(PartStack.java:823)
	at org.eclipse.ui.internal.PartStack$1.selectPart(PartStack.java:137)
	at org.eclipse.ui.internal.presentations.util.TabbedStackPresentation$1.handleEvent(TabbedStackPresentation.java:133)
	at org.eclipse.ui.internal.presentations.util.AbstractTabFolder.fireEvent(AbstractTabFolder.java:269)
	at org.eclipse.ui.internal.presentations.util.AbstractTabFolder.fireEvent(AbstractTabFolder.java:278)
	at org.eclipse.ui.internal.presentations.defaultpresentation.DefaultTabFolder.access$1(DefaultTabFolder.java:1)
	at org.eclipse.ui.internal.presentations.defaultpresentation.DefaultTabFolder$2.handleEvent(DefaultTabFolder.java:88)
	at org.eclipse.swt.widgets.EventTable.sendEvent(EventTable.java:84)
	at org.eclipse.swt.widgets.Widget.sendEvent(Widget.java:1053)
	at org.eclipse.swt.widgets.Widget.sendEvent(Widget.java:1077)
	at org.eclipse.swt.widgets.Widget.sendEvent(Widget.java:1062)
	at org.eclipse.swt.widgets.Widget.notifyListeners(Widget.java:774)
	at org.eclipse.swt.custom.CTabFolder.setSelection(CTabFolder.java:2746)
	at org.eclipse.swt.custom.CTabFolder.onMouse(CTabFolder.java:1433)
	at org.eclipse.swt.custom.CTabFolder$1.handleEvent(CTabFolder.java:257)
	at org.eclipse.swt.widgets.EventTable.sendEvent(EventTable.java:84)
	at org.eclipse.swt.widgets.Widget.sendEvent(Widget.java:1053)
	at org.eclipse.swt.widgets.Display.runDeferredEvents(Display.java:4165)
	at org.eclipse.swt.widgets.Display.readAndDispatch(Display.java:3754)
	at org.eclipse.ui.internal.Workbench.runEventLoop(Workbench.java:2701)
	at org.eclipse.ui.internal.Workbench.runUI(Workbench.java:2665)
	at org.eclipse.ui.internal.Workbench.access$4(Workbench.java:2499)
	at org.eclipse.ui.internal.Workbench$7.run(Workbench.java:679)
	at org.eclipse.core.databinding.observable.Realm.runWithDefault(Realm.java:332)
	at org.eclipse.ui.internal.Workbench.createAndRunWorkbench(Workbench.java:668)
	at org.eclipse.ui.PlatformUI.createAndRunWorkbench(PlatformUI.java:149)
	at org.eclipse.ui.internal.ide.application.IDEApplication.start(IDEApplication.java:123)
	at org.eclipse.equinox.internal.app.EclipseAppHandle.run(EclipseAppHandle.java:196)
	at org.eclipse.core.runtime.internal.adaptor.EclipseAppLauncher.runApplication(EclipseAppLauncher.java:110)
	at org.eclipse.core.runtime.internal.adaptor.EclipseAppLauncher.start(EclipseAppLauncher.java:79)
	at org.eclipse.core.runtime.adaptor.EclipseStarter.run(EclipseStarter.java:344)
	at org.eclipse.core.runtime.adaptor.EclipseStarter.run(EclipseStarter.java:179)
	at sun.reflect.NativeMethodAccessorImpl.invoke0(Native Method)
	at sun.reflect.NativeMethodAccessorImpl.invoke(Unknown Source)
	at sun.reflect.DelegatingMethodAccessorImpl.invoke(Unknown Source)
	at java.lang.reflect.Method.invoke(Unknown Source)
	at org.eclipse.equinox.launcher.Main.invokeFramework(Main.java:622)
	at org.eclipse.equinox.launcher.Main.basicRun(Main.java:577)
	at org.eclipse.equinox.launcher.Main.run(Main.java:1410)

Jul 23, 2012 5:17:46 PM org.eclipse.birt.report.model.parser.ModuleReader readModule
SEVERE: Line Number:360 Error Code:Error.XMLParserException.EXCEPTION Exception:org.eclipse.birt.report.model.api.command.ExtendsForbiddenException: The parent element "Grid" is not the top-level report item in components. Message:A generic exception occurred. 
Jul 23, 2012 5:17:50 PM org.eclipse.birt.report.model.parser.ModuleReader readModule
SEVERE: Line Number:385 Error Code:Error.XMLParserException.EXCEPTION Exception:org.eclipse.birt.report.model.api.command.ExtendsForbiddenException: The parent element "Grid" is not the top-level report item in components. Message:A generic exception occurred. 
Jul 23, 2012 5:17:50 PM org.eclipse.birt.report.model.parser.ModuleReader readModule
SEVERE: Line Number:385 Error Code:Error.XMLParserException.EXCEPTION Exception:org.eclipse.birt.report.model.api.command.ExtendsForbiddenException: The parent element "Grid" is not the top-level report item in components. Message:A generic exception occurred. 
Jul 23, 2012 5:18:12 PM org.eclipse.birt.report.model.parser.ModuleReader readModule
SEVERE: Line Number:360 Error Code:Error.XMLParserException.EXCEPTION Exception:org.eclipse.birt.report.model.api.command.ExtendsForbiddenException: The parent element "Grid" is not the top-level report item in components. Message:A generic exception occurred. 
Jul 23, 2012 5:18:12 PM org.eclipse.birt.report.model.parser.ModuleReader readModule
SEVERE: Line Number:360 Error Code:Error.XMLParserException.EXCEPTION Exception:org.eclipse.birt.report.model.api.command.ExtendsForbiddenException: The parent element "Grid" is not the top-level report item in components. Message:A generic exception occurred. 
Jul 23, 2012 5:18:21 PM org.eclipse.birt.report.model.core.LayoutModule loadLibrarySilently
WARNING: Syntax error found, and see error details.
Error.DesignFileException.SYNTAX_ERROR - 1 errors found! 
1.)  org.eclipse.birt.report.model.parser.DesignParserException (code = Error.DesignParserException.FILE_NOT_FOUND, message : The file "nlrpt_library.rptlibrary" is not found.)

	at org.eclipse.birt.report.model.core.LayoutModule.loadLibrary(LayoutModule.java:379)
	at org.eclipse.birt.report.model.core.LayoutModule.loadLibrarySilently(LayoutModule.java:469)
	at org.eclipse.birt.report.model.parser.IncludedLibrariesStructureListState$IncludedLibraryStructureState.end(IncludedLibrariesStructureListState.java:145)
	at org.eclipse.birt.report.model.util.XMLParserHandler.endElement(XMLParserHandler.java:176)
	at com.sun.org.apache.xerces.internal.parsers.AbstractSAXParser.endElement(Unknown Source)
	at com.sun.org.apache.xerces.internal.impl.XMLDocumentFragmentScannerImpl.scanEndElement(Unknown Source)
	at com.sun.org.apache.xerces.internal.impl.XMLDocumentFragmentScannerImpl$FragmentContentDriver.next(Unknown Source)
	at com.sun.org.apache.xerces.internal.impl.XMLDocumentScannerImpl.next(Unknown Source)
	at com.sun.org.apache.xerces.internal.impl.XMLDocumentFragmentScannerImpl.scanDocument(Unknown Source)
	at com.sun.org.apache.xerces.internal.parsers.XML11Configuration.parse(Unknown Source)
	at com.sun.org.apache.xerces.internal.parsers.XML11Configuration.parse(Unknown Source)
	at com.sun.org.apache.xerces.internal.parsers.XMLParser.parse(Unknown Source)
	at com.sun.org.apache.xerces.internal.parsers.AbstractSAXParser.parse(Unknown Source)
	at com.sun.org.apache.xerces.internal.jaxp.SAXParserImpl$JAXPSAXParser.parse(Unknown Source)
	at com.sun.org.apache.xerces.internal.jaxp.SAXParserImpl.parse(Unknown Source)
	at org.eclipse.birt.report.model.parser.ModuleReader.readModule(ModuleReader.java:97)
	at org.eclipse.birt.report.model.parser.GenericModuleReader.read(GenericModuleReader.java:84)
	at org.eclipse.birt.report.model.core.DesignSessionImpl.openModule(DesignSessionImpl.java:411)
	at org.eclipse.birt.report.model.core.DesignSessionImpl.openModule(DesignSessionImpl.java:385)
	at org.eclipse.birt.report.model.api.ModuleUtil.checkVersion(ModuleUtil.java:641)
	at org.eclipse.birt.report.model.api.ModuleUtil.checkVersion(ModuleUtil.java:744)
	at org.eclipse.birt.report.designer.ui.editors.MultiPageReportEditor.addPages(MultiPageReportEditor.java:379)
	at org.eclipse.birt.report.designer.ui.editors.IDEMultiPageReportEditor.addPages(IDEMultiPageReportEditor.java:333)
	at org.eclipse.ui.forms.editor.FormEditor.createPages(FormEditor.java:138)
	at org.eclipse.ui.part.MultiPageEditorPart.createPartControl(MultiPageEditorPart.java:348)
	at org.eclipse.birt.report.designer.ui.editors.ReportEditorProxy.createPartControl(ReportEditorProxy.java:138)
	at org.eclipse.ui.internal.EditorReference.createPartHelper(EditorReference.java:670)
	at org.eclipse.ui.internal.EditorReference.createPart(EditorReference.java:465)
	at org.eclipse.ui.internal.WorkbenchPartReference.getPart(WorkbenchPartReference.java:595)
	at org.eclipse.ui.internal.PartPane.setVisible(PartPane.java:313)
	at org.eclipse.ui.internal.presentations.PresentablePart.setVisible(PresentablePart.java:180)
	at org.eclipse.ui.internal.presentations.util.PresentablePartFolder.select(PresentablePartFolder.java:270)
	at org.eclipse.ui.internal.presentations.util.LeftToRightTabOrder.select(LeftToRightTabOrder.java:65)
	at org.eclipse.ui.internal.presentations.util.TabbedStackPresentation.selectPart(TabbedStackPresentation.java:473)
	at org.eclipse.ui.internal.PartStack.refreshPresentationSelection(PartStack.java:1245)
	at org.eclipse.ui.internal.PartStack.setSelection(PartStack.java:1198)
	at org.eclipse.ui.internal.PartStack.showPart(PartStack.java:1597)
	at org.eclipse.ui.internal.PartStack.add(PartStack.java:493)
	at org.eclipse.ui.internal.EditorStack.add(EditorStack.java:103)
	at org.eclipse.ui.internal.PartStack.add(PartStack.java:479)
	at org.eclipse.ui.internal.EditorStack.add(EditorStack.java:112)
	at org.eclipse.ui.internal.EditorSashContainer.addEditor(EditorSashContainer.java:63)
	at org.eclipse.ui.internal.EditorAreaHelper.addToLayout(EditorAreaHelper.java:225)
	at org.eclipse.ui.internal.EditorAreaHelper.addEditor(EditorAreaHelper.java:213)
	at org.eclipse.ui.internal.EditorManager.createEditorTab(EditorManager.java:808)
	at org.eclipse.ui.internal.EditorManager.openEditorFromDescriptor(EditorManager.java:707)
	at org.eclipse.ui.internal.EditorManager.openEditor(EditorManager.java:666)
	at org.eclipse.ui.internal.WorkbenchPage.busyOpenEditorBatched(WorkbenchPage.java:2942)
	at org.eclipse.ui.internal.WorkbenchPage.busyOpenEditor(WorkbenchPage.java:2850)
	at org.eclipse.ui.internal.WorkbenchPage.access$11(WorkbenchPage.java:2842)
	at org.eclipse.ui.internal.WorkbenchPage$10.run(WorkbenchPage.java:2793)
	at org.eclipse.swt.custom.BusyIndicator.showWhile(BusyIndicator.java:70)
	at org.eclipse.ui.internal.WorkbenchPage.openEditor(WorkbenchPage.java:2789)
	at org.eclipse.ui.internal.WorkbenchPage.openEditor(WorkbenchPage.java:2773)
	at org.eclipse.ui.internal.WorkbenchPage.openEditor(WorkbenchPage.java:2756)
	at org.eclipse.ui.ide.IDE.openEditorOnFileStore(IDE.java:1155)
	at org.eclipse.ui.internal.ide.EditorAreaDropAdapter.asyncDrop(EditorAreaDropAdapter.java:136)
	at org.eclipse.ui.internal.ide.EditorAreaDropAdapter.access$0(EditorAreaDropAdapter.java:87)
	at org.eclipse.ui.internal.ide.EditorAreaDropAdapter$1.run(EditorAreaDropAdapter.java:81)
	at org.eclipse.swt.widgets.RunnableLock.run(RunnableLock.java:35)
	at org.eclipse.swt.widgets.Synchronizer.runAsyncMessages(Synchronizer.java:135)
	at org.eclipse.swt.widgets.Display.runAsyncMessages(Display.java:4140)
	at org.eclipse.swt.widgets.Display.readAndDispatch(Display.java:3757)
	at org.eclipse.ui.internal.Workbench.runEventLoop(Workbench.java:2701)
	at org.eclipse.ui.internal.Workbench.runUI(Workbench.java:2665)
	at org.eclipse.ui.internal.Workbench.access$4(Workbench.java:2499)
	at org.eclipse.ui.internal.Workbench$7.run(Workbench.java:679)
	at org.eclipse.core.databinding.observable.Realm.runWithDefault(Realm.java:332)
	at org.eclipse.ui.internal.Workbench.createAndRunWorkbench(Workbench.java:668)
	at org.eclipse.ui.PlatformUI.createAndRunWorkbench(PlatformUI.java:149)
	at org.eclipse.ui.internal.ide.application.IDEApplication.start(IDEApplication.java:123)
	at org.eclipse.equinox.internal.app.EclipseAppHandle.run(EclipseAppHandle.java:196)
	at org.eclipse.core.runtime.internal.adaptor.EclipseAppLauncher.runApplication(EclipseAppLauncher.java:110)
	at org.eclipse.core.runtime.internal.adaptor.EclipseAppLauncher.start(EclipseAppLauncher.java:79)
	at org.eclipse.core.runtime.adaptor.EclipseStarter.run(EclipseStarter.java:344)
	at org.eclipse.core.runtime.adaptor.EclipseStarter.run(EclipseStarter.java:179)
	at sun.reflect.NativeMethodAccessorImpl.invoke0(Native Method)
	at sun.reflect.NativeMethodAccessorImpl.invoke(Unknown Source)
	at sun.reflect.DelegatingMethodAccessorImpl.invoke(Unknown Source)
	at java.lang.reflect.Method.invoke(Unknown Source)
	at org.eclipse.equinox.launcher.Main.invokeFramework(Main.java:622)
	at org.eclipse.equinox.launcher.Main.basicRun(Main.java:577)
	at org.eclipse.equinox.launcher.Main.run(Main.java:1410)

Jul 23, 2012 5:18:21 PM org.eclipse.birt.report.model.core.LayoutModule loadLibrarySilently
WARNING: Syntax error found, and see error details.
Error.DesignFileException.SYNTAX_ERROR - 1 errors found! 
1.)  org.eclipse.birt.report.model.parser.DesignParserException (code = Error.DesignParserException.FILE_NOT_FOUND, message : The file "nlrpt_library.rptlibrary" is not found.)

	at org.eclipse.birt.report.model.core.LayoutModule.loadLibrary(LayoutModule.java:379)
	at org.eclipse.birt.report.model.core.LayoutModule.loadLibrarySilently(LayoutModule.java:469)
	at org.eclipse.birt.report.model.parser.IncludedLibrariesStructureListState$IncludedLibraryStructureState.end(IncludedLibrariesStructureListState.java:145)
	at org.eclipse.birt.report.model.util.XMLParserHandler.endElement(XMLParserHandler.java:176)
	at com.sun.org.apache.xerces.internal.parsers.AbstractSAXParser.endElement(Unknown Source)
	at com.sun.org.apache.xerces.internal.impl.XMLDocumentFragmentScannerImpl.scanEndElement(Unknown Source)
	at com.sun.org.apache.xerces.internal.impl.XMLDocumentFragmentScannerImpl$FragmentContentDriver.next(Unknown Source)
	at com.sun.org.apache.xerces.internal.impl.XMLDocumentScannerImpl.next(Unknown Source)
	at com.sun.org.apache.xerces.internal.impl.XMLDocumentFragmentScannerImpl.scanDocument(Unknown Source)
	at com.sun.org.apache.xerces.internal.parsers.XML11Configuration.parse(Unknown Source)
	at com.sun.org.apache.xerces.internal.parsers.XML11Configuration.parse(Unknown Source)
	at com.sun.org.apache.xerces.internal.parsers.XMLParser.parse(Unknown Source)
	at com.sun.org.apache.xerces.internal.parsers.AbstractSAXParser.parse(Unknown Source)
	at com.sun.org.apache.xerces.internal.jaxp.SAXParserImpl$JAXPSAXParser.parse(Unknown Source)
	at com.sun.org.apache.xerces.internal.jaxp.SAXParserImpl.parse(Unknown Source)
	at org.eclipse.birt.report.model.parser.ModuleReader.readModule(ModuleReader.java:97)
	at org.eclipse.birt.report.model.parser.GenericModuleReader.read(GenericModuleReader.java:84)
	at org.eclipse.birt.report.model.core.DesignSessionImpl.openModule(DesignSessionImpl.java:411)
	at org.eclipse.birt.report.model.api.SessionHandleImpl.openModule(SessionHandleImpl.java:165)
	at org.eclipse.birt.report.designer.core.model.SessionHandleAdapter.init(SessionHandleAdapter.java:186)
	at org.eclipse.birt.report.designer.internal.ui.ide.adapters.IDEFileReportProvider.getReportModuleHandle(IDEFileReportProvider.java:507)
	at org.eclipse.birt.report.designer.internal.ui.ide.adapters.IDEFileReportProvider.getReportModuleHandle(IDEFileReportProvider.java:107)
	at org.eclipse.birt.report.designer.ui.editors.MultiPageReportEditor.addPages(MultiPageReportEditor.java:411)
	at org.eclipse.birt.report.designer.ui.editors.IDEMultiPageReportEditor.addPages(IDEMultiPageReportEditor.java:333)
	at org.eclipse.ui.forms.editor.FormEditor.createPages(FormEditor.java:138)
	at org.eclipse.ui.part.MultiPageEditorPart.createPartControl(MultiPageEditorPart.java:348)
	at org.eclipse.birt.report.designer.ui.editors.ReportEditorProxy.createPartControl(ReportEditorProxy.java:138)
	at org.eclipse.ui.internal.EditorReference.createPartHelper(EditorReference.java:670)
	at org.eclipse.ui.internal.EditorReference.createPart(EditorReference.java:465)
	at org.eclipse.ui.internal.WorkbenchPartReference.getPart(WorkbenchPartReference.java:595)
	at org.eclipse.ui.internal.PartPane.setVisible(PartPane.java:313)
	at org.eclipse.ui.internal.presentations.PresentablePart.setVisible(PresentablePart.java:180)
	at org.eclipse.ui.internal.presentations.util.PresentablePartFolder.select(PresentablePartFolder.java:270)
	at org.eclipse.ui.internal.presentations.util.LeftToRightTabOrder.select(LeftToRightTabOrder.java:65)
	at org.eclipse.ui.internal.presentations.util.TabbedStackPresentation.selectPart(TabbedStackPresentation.java:473)
	at org.eclipse.ui.internal.PartStack.refreshPresentationSelection(PartStack.java:1245)
	at org.eclipse.ui.internal.PartStack.setSelection(PartStack.java:1198)
	at org.eclipse.ui.internal.PartStack.showPart(PartStack.java:1597)
	at org.eclipse.ui.internal.PartStack.add(PartStack.java:493)
	at org.eclipse.ui.internal.EditorStack.add(EditorStack.java:103)
	at org.eclipse.ui.internal.PartStack.add(PartStack.java:479)
	at org.eclipse.ui.internal.EditorStack.add(EditorStack.java:112)
	at org.eclipse.ui.internal.EditorSashContainer.addEditor(EditorSashContainer.java:63)
	at org.eclipse.ui.internal.EditorAreaHelper.addToLayout(EditorAreaHelper.java:225)
	at org.eclipse.ui.internal.EditorAreaHelper.addEditor(EditorAreaHelper.java:213)
	at org.eclipse.ui.internal.EditorManager.createEditorTab(EditorManager.java:808)
	at org.eclipse.ui.internal.EditorManager.openEditorFromDescriptor(EditorManager.java:707)
	at org.eclipse.ui.internal.EditorManager.openEditor(EditorManager.java:666)
	at org.eclipse.ui.internal.WorkbenchPage.busyOpenEditorBatched(WorkbenchPage.java:2942)
	at org.eclipse.ui.internal.WorkbenchPage.busyOpenEditor(WorkbenchPage.java:2850)
	at org.eclipse.ui.internal.WorkbenchPage.access$11(WorkbenchPage.java:2842)
	at org.eclipse.ui.internal.WorkbenchPage$10.run(WorkbenchPage.java:2793)
	at org.eclipse.swt.custom.BusyIndicator.showWhile(BusyIndicator.java:70)
	at org.eclipse.ui.internal.WorkbenchPage.openEditor(WorkbenchPage.java:2789)
	at org.eclipse.ui.internal.WorkbenchPage.openEditor(WorkbenchPage.java:2773)
	at org.eclipse.ui.internal.WorkbenchPage.openEditor(WorkbenchPage.java:2756)
	at org.eclipse.ui.ide.IDE.openEditorOnFileStore(IDE.java:1155)
	at org.eclipse.ui.internal.ide.EditorAreaDropAdapter.asyncDrop(EditorAreaDropAdapter.java:136)
	at org.eclipse.ui.internal.ide.EditorAreaDropAdapter.access$0(EditorAreaDropAdapter.java:87)
	at org.eclipse.ui.internal.ide.EditorAreaDropAdapter$1.run(EditorAreaDropAdapter.java:81)
	at org.eclipse.swt.widgets.RunnableLock.run(RunnableLock.java:35)
	at org.eclipse.swt.widgets.Synchronizer.runAsyncMessages(Synchronizer.java:135)
	at org.eclipse.swt.widgets.Display.runAsyncMessages(Display.java:4140)
	at org.eclipse.swt.widgets.Display.readAndDispatch(Display.java:3757)
	at org.eclipse.ui.internal.Workbench.runEventLoop(Workbench.java:2701)
	at org.eclipse.ui.internal.Workbench.runUI(Workbench.java:2665)
	at org.eclipse.ui.internal.Workbench.access$4(Workbench.java:2499)
	at org.eclipse.ui.internal.Workbench$7.run(Workbench.java:679)
	at org.eclipse.core.databinding.observable.Realm.runWithDefault(Realm.java:332)
	at org.eclipse.ui.internal.Workbench.createAndRunWorkbench(Workbench.java:668)
	at org.eclipse.ui.PlatformUI.createAndRunWorkbench(PlatformUI.java:149)
	at org.eclipse.ui.internal.ide.application.IDEApplication.start(IDEApplication.java:123)
	at org.eclipse.equinox.internal.app.EclipseAppHandle.run(EclipseAppHandle.java:196)
	at org.eclipse.core.runtime.internal.adaptor.EclipseAppLauncher.runApplication(EclipseAppLauncher.java:110)
	at org.eclipse.core.runtime.internal.adaptor.EclipseAppLauncher.start(EclipseAppLauncher.java:79)
	at org.eclipse.core.runtime.adaptor.EclipseStarter.run(EclipseStarter.java:344)
	at org.eclipse.core.runtime.adaptor.EclipseStarter.run(EclipseStarter.java:179)
	at sun.reflect.NativeMethodAccessorImpl.invoke0(Native Method)
	at sun.reflect.NativeMethodAccessorImpl.invoke(Unknown Source)
	at sun.reflect.DelegatingMethodAccessorImpl.invoke(Unknown Source)
	at java.lang.reflect.Method.invoke(Unknown Source)
	at org.eclipse.equinox.launcher.Main.invokeFramework(Main.java:622)
	at org.eclipse.equinox.launcher.Main.basicRun(Main.java:577)
	at org.eclipse.equinox.launcher.Main.run(Main.java:1410)

Jul 23, 2012 5:18:40 PM org.eclipse.birt.report.model.core.LayoutModule loadLibrarySilently
WARNING: Syntax error found, and see error details.
Error.DesignFileException.SYNTAX_ERROR - 1 errors found! 
1.)  org.eclipse.birt.report.model.parser.DesignParserException (code = Error.DesignParserException.FILE_NOT_FOUND, message : The file "nlrpt_library.rptlibrary" is not found.)

	at org.eclipse.birt.report.model.core.LayoutModule.loadLibrary(LayoutModule.java:379)
	at org.eclipse.birt.report.model.core.LayoutModule.loadLibrarySilently(LayoutModule.java:469)
	at org.eclipse.birt.report.model.parser.IncludedLibrariesStructureListState$IncludedLibraryStructureState.end(IncludedLibrariesStructureListState.java:145)
	at org.eclipse.birt.report.model.util.XMLParserHandler.endElement(XMLParserHandler.java:176)
	at com.sun.org.apache.xerces.internal.parsers.AbstractSAXParser.endElement(Unknown Source)
	at com.sun.org.apache.xerces.internal.impl.XMLDocumentFragmentScannerImpl.scanEndElement(Unknown Source)
	at com.sun.org.apache.xerces.internal.impl.XMLDocumentFragmentScannerImpl$FragmentContentDriver.next(Unknown Source)
	at com.sun.org.apache.xerces.internal.impl.XMLDocumentScannerImpl.next(Unknown Source)
	at com.sun.org.apache.xerces.internal.impl.XMLDocumentFragmentScannerImpl.scanDocument(Unknown Source)
	at com.sun.org.apache.xerces.internal.parsers.XML11Configuration.parse(Unknown Source)
	at com.sun.org.apache.xerces.internal.parsers.XML11Configuration.parse(Unknown Source)
	at com.sun.org.apache.xerces.internal.parsers.XMLParser.parse(Unknown Source)
	at com.sun.org.apache.xerces.internal.parsers.AbstractSAXParser.parse(Unknown Source)
	at com.sun.org.apache.xerces.internal.jaxp.SAXParserImpl$JAXPSAXParser.parse(Unknown Source)
	at com.sun.org.apache.xerces.internal.jaxp.SAXParserImpl.parse(Unknown Source)
	at org.eclipse.birt.report.model.parser.ModuleReader.readModule(ModuleReader.java:97)
	at org.eclipse.birt.report.model.parser.DesignReader.read(DesignReader.java:88)
	at org.eclipse.birt.report.model.core.DesignSessionImpl.openDesign(DesignSessionImpl.java:315)
	at org.eclipse.birt.report.model.api.SessionHandleImpl.openDesign(SessionHandleImpl.java:294)
	at org.eclipse.birt.report.engine.parser.ReportParser.getDesignHandle(ReportParser.java:158)
	at org.eclipse.birt.report.engine.api.impl.ReportEngineHelper.getReportDesignHandle(ReportEngineHelper.java:255)
	at org.eclipse.birt.report.engine.api.impl.ReportEngineHelper.openReportDesign(ReportEngineHelper.java:274)
	at org.eclipse.birt.report.engine.api.impl.ReportEngine.openReportDesign(ReportEngine.java:616)
	at org.eclipse.birt.report.service.ReportEngineService.openReportDesign(ReportEngineService.java:387)
	at org.eclipse.birt.report.utility.BirtUtility.getRunnableFromDesignFile(BirtUtility.java:608)
	at org.eclipse.birt.report.context.ViewerAttributeBean.getDesignHandle(ViewerAttributeBean.java:641)
	at org.eclipse.birt.report.context.ViewerAttributeBean.__init(ViewerAttributeBean.java:224)
	at org.eclipse.birt.report.context.BaseAttributeBean.init(BaseAttributeBean.java:233)
	at org.eclipse.birt.report.context.ViewerAttributeBean.<init>(ViewerAttributeBean.java:118)
	at org.eclipse.birt.report.context.BirtContext.__init(BirtContext.java:44)
	at org.eclipse.birt.report.context.BaseContext.<init>(BaseContext.java:69)
	at org.eclipse.birt.report.context.BirtContext.<init>(BirtContext.java:30)
	at org.eclipse.birt.report.servlet.BirtEngineServlet.__getContext(BirtEngineServlet.java:76)
	at org.eclipse.birt.report.servlet.BaseReportEngineServlet.doGet(BaseReportEngineServlet.java:163)
	at javax.servlet.http.HttpServlet.service(HttpServlet.java:707)
	at org.apache.axis.transport.http.AxisServletBase.service(AxisServletBase.java:327)
	at javax.servlet.http.HttpServlet.service(HttpServlet.java:820)
	at org.eclipse.birt.report.servlet.BaseReportEngineServlet.service(BaseReportEngineServlet.java:116)
	at org.eclipse.equinox.http.registry.internal.ServletManager$ServletWrapper.service(ServletManager.java:180)
	at org.eclipse.equinox.http.servlet.internal.ServletRegistration.service(ServletRegistration.java:61)
	at org.eclipse.equinox.http.servlet.internal.ProxyServlet.processAlias(ProxyServlet.java:126)
	at org.eclipse.equinox.http.servlet.internal.ProxyServlet.service(ProxyServlet.java:60)
	at javax.servlet.http.HttpServlet.service(HttpServlet.java:820)
	at org.eclipse.equinox.http.jetty.internal.HttpServerManager$InternalHttpServiceServlet.service(HttpServerManager.java:317)
	at org.mortbay.jetty.servlet.ServletHolder.handle(ServletHolder.java:511)
	at org.mortbay.jetty.servlet.ServletHandler.handle(ServletHandler.java:390)
	at org.mortbay.jetty.servlet.SessionHandler.handle(SessionHandler.java:182)
	at org.mortbay.jetty.handler.ContextHandler.handle(ContextHandler.java:765)
	at org.mortbay.jetty.handler.HandlerWrapper.handle(HandlerWrapper.java:152)
	at org.mortbay.jetty.Server.handle(Server.java:326)
	at org.mortbay.jetty.HttpConnection.handleRequest(HttpConnection.java:542)
	at org.mortbay.jetty.HttpConnection$RequestHandler.headerComplete(HttpConnection.java:924)
	at org.mortbay.jetty.HttpParser.parseNext(HttpParser.java:549)
	at org.mortbay.jetty.HttpParser.parseAvailable(HttpParser.java:212)
	at org.mortbay.jetty.HttpConnection.handle(HttpConnection.java:404)
	at org.mortbay.io.nio.SelectChannelEndPoint.run(SelectChannelEndPoint.java:409)
	at org.mortbay.thread.QueuedThreadPool$PoolThread.run(QueuedThreadPool.java:582)

Jul 23, 2012 5:18:41 PM org.eclipse.birt.report.model.core.LayoutModule loadLibrarySilently
WARNING: Syntax error found, and see error details.
Error.DesignFileException.SYNTAX_ERROR - 1 errors found! 
1.)  org.eclipse.birt.report.model.parser.DesignParserException (code = Error.DesignParserException.FILE_NOT_FOUND, message : The file "nlrpt_library.rptlibrary" is not found.)

	at org.eclipse.birt.report.model.core.LayoutModule.loadLibrary(LayoutModule.java:379)
	at org.eclipse.birt.report.model.core.LayoutModule.loadLibrarySilently(LayoutModule.java:469)
	at org.eclipse.birt.report.model.parser.IncludedLibrariesStructureListState$IncludedLibraryStructureState.end(IncludedLibrariesStructureListState.java:145)
	at org.eclipse.birt.report.model.util.XMLParserHandler.endElement(XMLParserHandler.java:176)
	at com.sun.org.apache.xerces.internal.parsers.AbstractSAXParser.endElement(Unknown Source)
	at com.sun.org.apache.xerces.internal.impl.XMLDocumentFragmentScannerImpl.scanEndElement(Unknown Source)
	at com.sun.org.apache.xerces.internal.impl.XMLDocumentFragmentScannerImpl$FragmentContentDriver.next(Unknown Source)
	at com.sun.org.apache.xerces.internal.impl.XMLDocumentScannerImpl.next(Unknown Source)
	at com.sun.org.apache.xerces.internal.impl.XMLDocumentFragmentScannerImpl.scanDocument(Unknown Source)
	at com.sun.org.apache.xerces.internal.parsers.XML11Configuration.parse(Unknown Source)
	at com.sun.org.apache.xerces.internal.parsers.XML11Configuration.parse(Unknown Source)
	at com.sun.org.apache.xerces.internal.parsers.XMLParser.parse(Unknown Source)
	at com.sun.org.apache.xerces.internal.parsers.AbstractSAXParser.parse(Unknown Source)
	at com.sun.org.apache.xerces.internal.jaxp.SAXParserImpl$JAXPSAXParser.parse(Unknown Source)
	at com.sun.org.apache.xerces.internal.jaxp.SAXParserImpl.parse(Unknown Source)
	at org.eclipse.birt.report.model.parser.ModuleReader.readModule(ModuleReader.java:97)
	at org.eclipse.birt.report.model.parser.DesignReader.read(DesignReader.java:88)
	at org.eclipse.birt.report.model.core.DesignSessionImpl.openDesign(DesignSessionImpl.java:315)
	at org.eclipse.birt.report.model.api.SessionHandleImpl.openDesign(SessionHandleImpl.java:294)
	at org.eclipse.birt.report.engine.parser.ReportParser.getDesignHandle(ReportParser.java:158)
	at org.eclipse.birt.report.engine.api.impl.ReportEngineHelper.getReportDesignHandle(ReportEngineHelper.java:255)
	at org.eclipse.birt.report.engine.api.impl.ReportEngineHelper.openReportDesign(ReportEngineHelper.java:274)
	at org.eclipse.birt.report.engine.api.impl.ReportEngine.openReportDesign(ReportEngine.java:616)
	at org.eclipse.birt.report.service.ReportEngineService.openReportDesign(ReportEngineService.java:387)
	at org.eclipse.birt.report.utility.BirtUtility.getRunnableFromDesignFile(BirtUtility.java:608)
	at org.eclipse.birt.report.context.ViewerAttributeBean.getDesignHandle(ViewerAttributeBean.java:641)
	at org.eclipse.birt.report.context.ViewerAttributeBean.__init(ViewerAttributeBean.java:224)
	at org.eclipse.birt.report.context.BaseAttributeBean.init(BaseAttributeBean.java:233)
	at org.eclipse.birt.report.context.ViewerAttributeBean.<init>(ViewerAttributeBean.java:118)
	at org.eclipse.birt.report.context.BirtContext.__init(BirtContext.java:44)
	at org.eclipse.birt.report.context.BaseContext.<init>(BaseContext.java:69)
	at org.eclipse.birt.report.context.BirtContext.<init>(BirtContext.java:30)
	at org.eclipse.birt.report.servlet.BirtEngineServlet.__getContext(BirtEngineServlet.java:76)
	at org.eclipse.birt.report.servlet.BaseReportEngineServlet.doGet(BaseReportEngineServlet.java:163)
	at org.eclipse.birt.report.servlet.BaseReportEngineServlet.doPost(BaseReportEngineServlet.java:224)
	at javax.servlet.http.HttpServlet.service(HttpServlet.java:727)
	at org.apache.axis.transport.http.AxisServletBase.service(AxisServletBase.java:327)
	at javax.servlet.http.HttpServlet.service(HttpServlet.java:820)
	at org.eclipse.birt.report.servlet.BaseReportEngineServlet.service(BaseReportEngineServlet.java:116)
	at org.eclipse.equinox.http.registry.internal.ServletManager$ServletWrapper.service(ServletManager.java:180)
	at org.eclipse.equinox.http.servlet.internal.ServletRegistration.service(ServletRegistration.java:61)
	at org.eclipse.equinox.http.servlet.internal.ProxyServlet.processAlias(ProxyServlet.java:126)
	at org.eclipse.equinox.http.servlet.internal.ProxyServlet.service(ProxyServlet.java:60)
	at javax.servlet.http.HttpServlet.service(HttpServlet.java:820)
	at org.eclipse.equinox.http.jetty.internal.HttpServerManager$InternalHttpServiceServlet.service(HttpServerManager.java:317)
	at org.mortbay.jetty.servlet.ServletHolder.handle(ServletHolder.java:511)
	at org.mortbay.jetty.servlet.ServletHandler.handle(ServletHandler.java:390)
	at org.mortbay.jetty.servlet.SessionHandler.handle(SessionHandler.java:182)
	at org.mortbay.jetty.handler.ContextHandler.handle(ContextHandler.java:765)
	at org.mortbay.jetty.handler.HandlerWrapper.handle(HandlerWrapper.java:152)
	at org.mortbay.jetty.Server.handle(Server.java:326)
	at org.mortbay.jetty.HttpConnection.handleRequest(HttpConnection.java:542)
	at org.mortbay.jetty.HttpConnection$RequestHandler.content(HttpConnection.java:939)
	at org.mortbay.jetty.HttpParser.parseNext(HttpParser.java:756)
	at org.mortbay.jetty.HttpParser.parseAvailable(HttpParser.java:212)
	at org.mortbay.jetty.HttpConnection.handle(HttpConnection.java:404)
	at org.mortbay.io.nio.SelectChannelEndPoint.run(SelectChannelEndPoint.java:409)
	at org.mortbay.thread.QueuedThreadPool$PoolThread.run(QueuedThreadPool.java:582)

Jul 23, 2012 5:18:42 PM org.eclipse.birt.report.model.core.LayoutModule loadLibrarySilently
WARNING: Syntax error found, and see error details.
Error.DesignFileException.SYNTAX_ERROR - 1 errors found! 
1.)  org.eclipse.birt.report.model.parser.DesignParserException (code = Error.DesignParserException.FILE_NOT_FOUND, message : The file "nlrpt_library.rptlibrary" is not found.)

	at org.eclipse.birt.report.model.core.LayoutModule.loadLibrary(LayoutModule.java:379)
	at org.eclipse.birt.report.model.core.LayoutModule.loadLibrarySilently(LayoutModule.java:469)
	at org.eclipse.birt.report.model.parser.IncludedLibrariesStructureListState$IncludedLibraryStructureState.end(IncludedLibrariesStructureListState.java:145)
	at org.eclipse.birt.report.model.util.XMLParserHandler.endElement(XMLParserHandler.java:176)
	at com.sun.org.apache.xerces.internal.parsers.AbstractSAXParser.endElement(Unknown Source)
	at com.sun.org.apache.xerces.internal.impl.XMLDocumentFragmentScannerImpl.scanEndElement(Unknown Source)
	at com.sun.org.apache.xerces.internal.impl.XMLDocumentFragmentScannerImpl$FragmentContentDriver.next(Unknown Source)
	at com.sun.org.apache.xerces.internal.impl.XMLDocumentScannerImpl.next(Unknown Source)
	at com.sun.org.apache.xerces.internal.impl.XMLDocumentFragmentScannerImpl.scanDocument(Unknown Source)
	at com.sun.org.apache.xerces.internal.parsers.XML11Configuration.parse(Unknown Source)
	at com.sun.org.apache.xerces.internal.parsers.XML11Configuration.parse(Unknown Source)
	at com.sun.org.apache.xerces.internal.parsers.XMLParser.parse(Unknown Source)
	at com.sun.org.apache.xerces.internal.parsers.AbstractSAXParser.parse(Unknown Source)
	at com.sun.org.apache.xerces.internal.jaxp.SAXParserImpl$JAXPSAXParser.parse(Unknown Source)
	at com.sun.org.apache.xerces.internal.jaxp.SAXParserImpl.parse(Unknown Source)
	at org.eclipse.birt.report.model.parser.ModuleReader.readModule(ModuleReader.java:97)
	at org.eclipse.birt.report.model.parser.DesignReader.read(DesignReader.java:88)
	at org.eclipse.birt.report.model.core.DesignSessionImpl.openDesign(DesignSessionImpl.java:315)
	at org.eclipse.birt.report.model.api.SessionHandleImpl.openDesign(SessionHandleImpl.java:294)
	at org.eclipse.birt.report.engine.parser.ReportParser.getDesignHandle(ReportParser.java:158)
	at org.eclipse.birt.report.engine.api.impl.ReportEngineHelper.getReportDesignHandle(ReportEngineHelper.java:255)
	at org.eclipse.birt.report.engine.api.impl.ReportEngineHelper.openReportDesign(ReportEngineHelper.java:274)
	at org.eclipse.birt.report.engine.api.impl.ReportEngine.openReportDesign(ReportEngine.java:616)
	at org.eclipse.birt.report.service.ReportEngineService.openReportDesign(ReportEngineService.java:387)
	at org.eclipse.birt.report.utility.BirtUtility.getRunnableFromDesignFile(BirtUtility.java:608)
	at org.eclipse.birt.report.context.ViewerAttributeBean.getDesignHandle(ViewerAttributeBean.java:641)
	at org.eclipse.birt.report.context.ViewerAttributeBean.__init(ViewerAttributeBean.java:224)
	at org.eclipse.birt.report.context.BaseAttributeBean.init(BaseAttributeBean.java:233)
	at org.eclipse.birt.report.context.ViewerAttributeBean.<init>(ViewerAttributeBean.java:118)
	at org.eclipse.birt.report.context.BirtContext.__init(BirtContext.java:44)
	at org.eclipse.birt.report.context.BaseContext.<init>(BaseContext.java:69)
	at org.eclipse.birt.report.context.BirtContext.<init>(BirtContext.java:30)
	at org.eclipse.birt.report.servlet.ViewerServlet.__getContext(ViewerServlet.java:150)
	at org.eclipse.birt.report.servlet.BirtSoapMessageDispatcherServlet.doGet(BirtSoapMessageDispatcherServlet.java:151)
	at javax.servlet.http.HttpServlet.service(HttpServlet.java:707)
	at org.apache.axis.transport.http.AxisServletBase.service(AxisServletBase.java:327)
	at javax.servlet.http.HttpServlet.service(HttpServlet.java:820)
	at org.eclipse.birt.report.servlet.BirtSoapMessageDispatcherServlet.service(BirtSoapMessageDispatcherServlet.java:122)
	at org.eclipse.equinox.http.registry.internal.ServletManager$ServletWrapper.service(ServletManager.java:180)
	at org.eclipse.equinox.http.servlet.internal.ServletRegistration.service(ServletRegistration.java:61)
	at org.eclipse.equinox.http.servlet.internal.ProxyServlet.processAlias(ProxyServlet.java:126)
	at org.eclipse.equinox.http.servlet.internal.ProxyServlet.service(ProxyServlet.java:60)
	at javax.servlet.http.HttpServlet.service(HttpServlet.java:820)
	at org.eclipse.equinox.http.jetty.internal.HttpServerManager$InternalHttpServiceServlet.service(HttpServerManager.java:317)
	at org.mortbay.jetty.servlet.ServletHolder.handle(ServletHolder.java:511)
	at org.mortbay.jetty.servlet.ServletHandler.handle(ServletHandler.java:390)
	at org.mortbay.jetty.servlet.SessionHandler.handle(SessionHandler.java:182)
	at org.mortbay.jetty.handler.ContextHandler.handle(ContextHandler.java:765)
	at org.mortbay.jetty.handler.HandlerWrapper.handle(HandlerWrapper.java:152)
	at org.mortbay.jetty.Server.handle(Server.java:326)
	at org.mortbay.jetty.HttpConnection.handleRequest(HttpConnection.java:542)
	at org.mortbay.jetty.HttpConnection$RequestHandler.headerComplete(HttpConnection.java:924)
	at org.mortbay.jetty.HttpParser.parseNext(HttpParser.java:549)
	at org.mortbay.jetty.HttpParser.parseAvailable(HttpParser.java:212)
	at org.mortbay.jetty.HttpConnection.handle(HttpConnection.java:404)
	at org.mortbay.io.nio.SelectChannelEndPoint.run(SelectChannelEndPoint.java:409)
	at org.mortbay.thread.QueuedThreadPool$PoolThread.run(QueuedThreadPool.java:582)

Jul 23, 2012 5:18:42 PM org.eclipse.birt.report.model.core.LayoutModule loadLibrarySilently
WARNING: Syntax error found, and see error details.
Error.DesignFileException.SYNTAX_ERROR - 1 errors found! 
1.)  org.eclipse.birt.report.model.parser.DesignParserException (code = Error.DesignParserException.FILE_NOT_FOUND, message : The file "nlrpt_library.rptlibrary" is not found.)

	at org.eclipse.birt.report.model.core.LayoutModule.loadLibrary(LayoutModule.java:379)
	at org.eclipse.birt.report.model.core.LayoutModule.loadLibrarySilently(LayoutModule.java:469)
	at org.eclipse.birt.report.model.parser.IncludedLibrariesStructureListState$IncludedLibraryStructureState.end(IncludedLibrariesStructureListState.java:145)
	at org.eclipse.birt.report.model.util.XMLParserHandler.endElement(XMLParserHandler.java:176)
	at com.sun.org.apache.xerces.internal.parsers.AbstractSAXParser.endElement(Unknown Source)
	at com.sun.org.apache.xerces.internal.impl.XMLDocumentFragmentScannerImpl.scanEndElement(Unknown Source)
	at com.sun.org.apache.xerces.internal.impl.XMLDocumentFragmentScannerImpl$FragmentContentDriver.next(Unknown Source)
	at com.sun.org.apache.xerces.internal.impl.XMLDocumentScannerImpl.next(Unknown Source)
	at com.sun.org.apache.xerces.internal.impl.XMLDocumentFragmentScannerImpl.scanDocument(Unknown Source)
	at com.sun.org.apache.xerces.internal.parsers.XML11Configuration.parse(Unknown Source)
	at com.sun.org.apache.xerces.internal.parsers.XML11Configuration.parse(Unknown Source)
	at com.sun.org.apache.xerces.internal.parsers.XMLParser.parse(Unknown Source)
	at com.sun.org.apache.xerces.internal.parsers.AbstractSAXParser.parse(Unknown Source)
	at com.sun.org.apache.xerces.internal.jaxp.SAXParserImpl$JAXPSAXParser.parse(Unknown Source)
	at com.sun.org.apache.xerces.internal.jaxp.SAXParserImpl.parse(Unknown Source)
	at org.eclipse.birt.report.model.parser.ModuleReader.readModule(ModuleReader.java:97)
	at org.eclipse.birt.report.model.parser.DesignReader.read(DesignReader.java:88)
	at org.eclipse.birt.report.model.core.DesignSessionImpl.openDesign(DesignSessionImpl.java:315)
	at org.eclipse.birt.report.model.api.SessionHandleImpl.openDesign(SessionHandleImpl.java:294)
	at org.eclipse.birt.report.engine.parser.ReportParser.getDesignHandle(ReportParser.java:158)
	at org.eclipse.birt.report.engine.api.impl.ReportEngineHelper.getReportDesignHandle(ReportEngineHelper.java:255)
	at org.eclipse.birt.report.engine.api.impl.ReportEngineHelper.openReportDesign(ReportEngineHelper.java:274)
	at org.eclipse.birt.report.engine.api.impl.ReportEngine.openReportDesign(ReportEngine.java:616)
	at org.eclipse.birt.report.service.ReportEngineService.openReportDesign(ReportEngineService.java:387)
	at org.eclipse.birt.report.utility.BirtUtility.getRunnableFromDesignFile(BirtUtility.java:608)
	at org.eclipse.birt.report.context.ViewerAttributeBean.getDesignHandle(ViewerAttributeBean.java:641)
	at org.eclipse.birt.report.context.ViewerAttributeBean.__init(ViewerAttributeBean.java:224)
	at org.eclipse.birt.report.context.BaseAttributeBean.init(BaseAttributeBean.java:233)
	at org.eclipse.birt.report.context.ViewerAttributeBean.<init>(ViewerAttributeBean.java:118)
	at org.eclipse.birt.report.context.BirtContext.__init(BirtContext.java:44)
	at org.eclipse.birt.report.context.BaseContext.<init>(BaseContext.java:69)
	at org.eclipse.birt.report.context.BirtContext.<init>(BirtContext.java:30)
	at org.eclipse.birt.report.servlet.ViewerServlet.__getContext(ViewerServlet.java:150)
	at org.eclipse.birt.report.servlet.BirtSoapMessageDispatcherServlet.doPost(BirtSoapMessageDispatcherServlet.java:243)
	at javax.servlet.http.HttpServlet.service(HttpServlet.java:727)
	at org.apache.axis.transport.http.AxisServletBase.service(AxisServletBase.java:327)
	at javax.servlet.http.HttpServlet.service(HttpServlet.java:820)
	at org.eclipse.birt.report.servlet.BirtSoapMessageDispatcherServlet.service(BirtSoapMessageDispatcherServlet.java:122)
	at org.eclipse.equinox.http.registry.internal.ServletManager$ServletWrapper.service(ServletManager.java:180)
	at org.eclipse.equinox.http.servlet.internal.ServletRegistration.service(ServletRegistration.java:61)
	at org.eclipse.equinox.http.servlet.internal.ProxyServlet.processAlias(ProxyServlet.java:126)
	at org.eclipse.equinox.http.servlet.internal.ProxyServlet.service(ProxyServlet.java:60)
	at javax.servlet.http.HttpServlet.service(HttpServlet.java:820)
	at org.eclipse.equinox.http.jetty.internal.HttpServerManager$InternalHttpServiceServlet.service(HttpServerManager.java:317)
	at org.mortbay.jetty.servlet.ServletHolder.handle(ServletHolder.java:511)
	at org.mortbay.jetty.servlet.ServletHandler.handle(ServletHandler.java:390)
	at org.mortbay.jetty.servlet.SessionHandler.handle(SessionHandler.java:182)
	at org.mortbay.jetty.handler.ContextHandler.handle(ContextHandler.java:765)
	at org.mortbay.jetty.handler.HandlerWrapper.handle(HandlerWrapper.java:152)
	at org.mortbay.jetty.Server.handle(Server.java:326)
	at org.mortbay.jetty.HttpConnection.handleRequest(HttpConnection.java:542)
	at org.mortbay.jetty.HttpConnection$RequestHandler.content(HttpConnection.java:939)
	at org.mortbay.jetty.HttpParser.parseNext(HttpParser.java:756)
	at org.mortbay.jetty.HttpParser.parseAvailable(HttpParser.java:218)
	at org.mortbay.jetty.HttpConnection.handle(HttpConnection.java:404)
	at org.mortbay.io.nio.SelectChannelEndPoint.run(SelectChannelEndPoint.java:409)
	at org.mortbay.thread.QueuedThreadPool$PoolThread.run(QueuedThreadPool.java:582)

